ERROR - 2021-05-25 00:54:23 --> mysqli_sql_exception: Column 'message' cannot be null in /home/thebedqv/reikanindia.com/beta/system/Database/MySQLi/Connection.php:314
Stack trace:
#0 /home/thebedqv/reikanindia.com/beta/system/Database/MySQLi/Connection.php(314): mysqli->query('INSERT INTO `co...')
#1 /home/thebedqv/reikanindia.com/beta/system/Database/BaseConnection.php(713): CodeIgniter\Database\MySQLi\Connection->execute('INSERT INTO `co...')
#2 /home/thebedqv/reikanindia.com/beta/system/Database/BaseConnection.php(641): CodeIgniter\Database\BaseConnection->simpleQuery('INSERT INTO `co...')
#3 /home/thebedqv/reikanindia.com/beta/system/Database/BaseBuilder.php(2263): CodeIgniter\Database\BaseConnection->query('INSERT INTO `co...', Array, false)
#4 /home/thebedqv/reikanindia.com/beta/system/Model.php(278): CodeIgniter\Database\BaseBuilder->insert()
#5 /home/thebedqv/reikanindia.com/beta/system/BaseModel.php(758): CodeIgniter\Model->doInsert(Array)
#6 /home/thebedqv/reikanindia.com/beta/system/Model.php(705): CodeIgniter\BaseModel->insert(Array, true)
#7 /home/thebedqv/reikanindia.com/beta/app/Controllers/Home.php(119): CodeIgniter\Model->insert(Array)
#8 /home/thebedqv/reikanindia.com/beta/system/CodeIgniter.php(936): App\Controllers\Home->corporate_enquiry_submit()
#9 /home/thebedqv/reikanindia.com/beta/system/CodeIgniter.php(432): CodeIgniter\CodeIgniter->runController(Object(App\Controllers\Home))
#10 /home/thebedqv/reikanindia.com/beta/system/CodeIgniter.php(333): CodeIgniter\CodeIgniter->handleRequest(NULL, Object(Config\Cache), false)
#11 /home/thebedqv/reikanindia.com/beta/index.php(44): CodeIgniter\CodeIgniter->run()
#12 {main}
CRITICAL - 2021-05-25 01:42:08 --> Table 'thebedqv_reikan.get_quote' doesn't exist
#0 /home/thebedqv/reikanindia.com/beta/app/Libraries/GroceryCrudEnterprise/zendframework/zend-db/src/Adapter/Driver/Mysqli/Statement.php(255): mysqli_stmt->execute()
#1 /home/thebedqv/reikanindia.com/beta/app/Libraries/GroceryCrudEnterprise/grocerycrud/enterprise/src/GroceryCrud/Core/Model.php(752): Zend\Db\Adapter\Driver\Mysqli\Statement->execute()
#2 /home/thebedqv/reikanindia.com/beta/app/Libraries/GroceryCrudEnterprise/grocerycrud/enterprise/src/GroceryCrud/Core/Model.php(199): GroceryCrud\Core\Model->getFieldTypes('get_quote')
#3 /home/thebedqv/reikanindia.com/beta/app/Libraries/GroceryCrudEnterprise/grocerycrud/enterprise/src/GroceryCrud/Core/State/StateAbstract.php(963): GroceryCrud\Core\Model->getColumnNames()
#4 /home/thebedqv/reikanindia.com/beta/app/Libraries/GroceryCrudEnterprise/grocerycrud/enterprise/src/GroceryCrud/Core/State/StateAbstract.php(1602): GroceryCrud\Core\State\StateAbstract->getColumnNames()
#5 /home/thebedqv/reikanindia.com/beta/app/Libraries/GroceryCrudEnterprise/grocerycrud/enterprise/src/GroceryCrud/Core/State/InitialState.php(69): GroceryCrud\Core\State\StateAbstract->transformFieldsList(Array, Array)
#6 /home/thebedqv/reikanindia.com/beta/app/Libraries/GroceryCrudEnterprise/grocerycrud/enterprise/src/GroceryCrud/Core/State/InitialState.php(29): GroceryCrud\Core\State\InitialState->showInitData()
#7 /home/thebedqv/reikanindia.com/beta/app/Libraries/GroceryCrudEnterprise/grocerycrud/enterprise/src/GroceryCrud/Core/GroceryCrud.php(2585): GroceryCrud\Core\State\InitialState->render()
#8 /home/thebedqv/reikanindia.com/beta/app/Controllers/Admin.php(287): GroceryCrud\Core\GroceryCrud->render()
#9 /home/thebedqv/reikanindia.com/beta/system/CodeIgniter.php(936): App\Controllers\Admin->get_quote()
#10 /home/thebedqv/reikanindia.com/beta/system/CodeIgniter.php(432): CodeIgniter\CodeIgniter->runController(Object(App\Controllers\Admin))
#11 /home/thebedqv/reikanindia.com/beta/system/CodeIgniter.php(333): CodeIgniter\CodeIgniter->handleRequest(NULL, Object(Config\Cache), false)
#12 /home/thebedqv/reikanindia.com/beta/index.php(44): CodeIgniter\CodeIgniter->run()
#13 {main}
CRITICAL - 2021-05-25 01:42:11 --> Table 'thebedqv_reikan.get_quote' doesn't exist
#0 /home/thebedqv/reikanindia.com/beta/app/Libraries/GroceryCrudEnterprise/zendframework/zend-db/src/Adapter/Driver/Mysqli/Statement.php(255): mysqli_stmt->execute()
#1 /home/thebedqv/reikanindia.com/beta/app/Libraries/GroceryCrudEnterprise/grocerycrud/enterprise/src/GroceryCrud/Core/Model.php(752): Zend\Db\Adapter\Driver\Mysqli\Statement->execute()
#2 /home/thebedqv/reikanindia.com/beta/app/Libraries/GroceryCrudEnterprise/grocerycrud/enterprise/src/GroceryCrud/Core/Model.php(199): GroceryCrud\Core\Model->getFieldTypes('get_quote')
#3 /home/thebedqv/reikanindia.com/beta/app/Libraries/GroceryCrudEnterprise/grocerycrud/enterprise/src/GroceryCrud/Core/State/StateAbstract.php(963): GroceryCrud\Core\Model->getColumnNames()
#4 /home/thebedqv/reikanindia.com/beta/app/Libraries/GroceryCrudEnterprise/grocerycrud/enterprise/src/GroceryCrud/Core/State/StateAbstract.php(1602): GroceryCrud\Core\State\StateAbstract->getColumnNames()
#5 /home/thebedqv/reikanindia.com/beta/app/Libraries/GroceryCrudEnterprise/grocerycrud/enterprise/src/GroceryCrud/Core/State/InitialState.php(69): GroceryCrud\Core\State\StateAbstract->transformFieldsList(Array, Array)
#6 /home/thebedqv/reikanindia.com/beta/app/Libraries/GroceryCrudEnterprise/grocerycrud/enterprise/src/GroceryCrud/Core/State/InitialState.php(29): GroceryCrud\Core\State\InitialState->showInitData()
#7 /home/thebedqv/reikanindia.com/beta/app/Libraries/GroceryCrudEnterprise/grocerycrud/enterprise/src/GroceryCrud/Core/GroceryCrud.php(2585): GroceryCrud\Core\State\InitialState->render()
#8 /home/thebedqv/reikanindia.com/beta/app/Controllers/Admin.php(287): GroceryCrud\Core\GroceryCrud->render()
#9 /home/thebedqv/reikanindia.com/beta/system/CodeIgniter.php(936): App\Controllers\Admin->get_quote()
#10 /home/thebedqv/reikanindia.com/beta/system/CodeIgniter.php(432): CodeIgniter\CodeIgniter->runController(Object(App\Controllers\Admin))
#11 /home/thebedqv/reikanindia.com/beta/system/CodeIgniter.php(333): CodeIgniter\CodeIgniter->handleRequest(NULL, Object(Config\Cache), false)
#12 /home/thebedqv/reikanindia.com/beta/index.php(44): CodeIgniter\CodeIgniter->run()
#13 {main}
CRITICAL - 2021-05-25 01:42:23 --> Table 'thebedqv_reikan.get_quote' doesn't exist
#0 /home/thebedqv/reikanindia.com/beta/app/Libraries/GroceryCrudEnterprise/zendframework/zend-db/src/Adapter/Driver/Mysqli/Statement.php(255): mysqli_stmt->execute()
#1 /home/thebedqv/reikanindia.com/beta/app/Libraries/GroceryCrudEnterprise/grocerycrud/enterprise/src/GroceryCrud/Core/Model.php(752): Zend\Db\Adapter\Driver\Mysqli\Statement->execute()
#2 /home/thebedqv/reikanindia.com/beta/app/Libraries/GroceryCrudEnterprise/grocerycrud/enterprise/src/GroceryCrud/Core/Model.php(199): GroceryCrud\Core\Model->getFieldTypes('get_quote')
#3 /home/thebedqv/reikanindia.com/beta/app/Libraries/GroceryCrudEnterprise/grocerycrud/enterprise/src/GroceryCrud/Core/State/StateAbstract.php(963): GroceryCrud\Core\Model->getColumnNames()
#4 /home/thebedqv/reikanindia.com/beta/app/Libraries/GroceryCrudEnterprise/grocerycrud/enterprise/src/GroceryCrud/Core/State/StateAbstract.php(1602): GroceryCrud\Core\State\StateAbstract->getColumnNames()
#5 /home/thebedqv/reikanindia.com/beta/app/Libraries/GroceryCrudEnterprise/grocerycrud/enterprise/src/GroceryCrud/Core/State/InitialState.php(69): GroceryCrud\Core\State\StateAbstract->transformFieldsList(Array, Array)
#6 /home/thebedqv/reikanindia.com/beta/app/Libraries/GroceryCrudEnterprise/grocerycrud/enterprise/src/GroceryCrud/Core/State/InitialState.php(29): GroceryCrud\Core\State\InitialState->showInitData()
#7 /home/thebedqv/reikanindia.com/beta/app/Libraries/GroceryCrudEnterprise/grocerycrud/enterprise/src/GroceryCrud/Core/GroceryCrud.php(2585): GroceryCrud\Core\State\InitialState->render()
#8 /home/thebedqv/reikanindia.com/beta/app/Controllers/Admin.php(287): GroceryCrud\Core\GroceryCrud->render()
#9 /home/thebedqv/reikanindia.com/beta/system/CodeIgniter.php(936): App\Controllers\Admin->get_quote()
#10 /home/thebedqv/reikanindia.com/beta/system/CodeIgniter.php(432): CodeIgniter\CodeIgniter->runController(Object(App\Controllers\Admin))
#11 /home/thebedqv/reikanindia.com/beta/system/CodeIgniter.php(333): CodeIgniter\CodeIgniter->handleRequest(NULL, Object(Config\Cache), false)
#12 /home/thebedqv/reikanindia.com/beta/index.php(44): CodeIgniter\CodeIgniter->run()
#13 {main}
CRITICAL - 2021-05-25 01:43:49 --> Table 'thebedqv_reikan.get_quote' doesn't exist
#0 /home/thebedqv/reikanindia.com/beta/app/Libraries/GroceryCrudEnterprise/zendframework/zend-db/src/Adapter/Driver/Mysqli/Statement.php(255): mysqli_stmt->execute()
#1 /home/thebedqv/reikanindia.com/beta/app/Libraries/GroceryCrudEnterprise/grocerycrud/enterprise/src/GroceryCrud/Core/Model.php(752): Zend\Db\Adapter\Driver\Mysqli\Statement->execute()
#2 /home/thebedqv/reikanindia.com/beta/app/Libraries/GroceryCrudEnterprise/grocerycrud/enterprise/src/GroceryCrud/Core/Model.php(199): GroceryCrud\Core\Model->getFieldTypes('get_quote')
#3 /home/thebedqv/reikanindia.com/beta/app/Libraries/GroceryCrudEnterprise/grocerycrud/enterprise/src/GroceryCrud/Core/State/StateAbstract.php(963): GroceryCrud\Core\Model->getColumnNames()
#4 /home/thebedqv/reikanindia.com/beta/app/Libraries/GroceryCrudEnterprise/grocerycrud/enterprise/src/GroceryCrud/Core/State/StateAbstract.php(1602): GroceryCrud\Core\State\StateAbstract->getColumnNames()
#5 /home/thebedqv/reikanindia.com/beta/app/Libraries/GroceryCrudEnterprise/grocerycrud/enterprise/src/GroceryCrud/Core/State/InitialState.php(69): GroceryCrud\Core\State\StateAbstract->transformFieldsList(Array, Array)
#6 /home/thebedqv/reikanindia.com/beta/app/Libraries/GroceryCrudEnterprise/grocerycrud/enterprise/src/GroceryCrud/Core/State/InitialState.php(29): GroceryCrud\Core\State\InitialState->showInitData()
#7 /home/thebedqv/reikanindia.com/beta/app/Libraries/GroceryCrudEnterprise/grocerycrud/enterprise/src/GroceryCrud/Core/GroceryCrud.php(2585): GroceryCrud\Core\State\InitialState->render()
#8 /home/thebedqv/reikanindia.com/beta/app/Controllers/Admin.php(287): GroceryCrud\Core\GroceryCrud->render()
#9 /home/thebedqv/reikanindia.com/beta/system/CodeIgniter.php(936): App\Controllers\Admin->get_quote()
#10 /home/thebedqv/reikanindia.com/beta/system/CodeIgniter.php(432): CodeIgniter\CodeIgniter->runController(Object(App\Controllers\Admin))
#11 /home/thebedqv/reikanindia.com/beta/system/CodeIgniter.php(333): CodeIgniter\CodeIgniter->handleRequest(NULL, Object(Config\Cache), false)
#12 /home/thebedqv/reikanindia.com/beta/index.php(44): CodeIgniter\CodeIgniter->run()
#13 {main}
CRITICAL - 2021-05-25 11:13:09 --> Call to undefined function html_decode()
#0 /home/thebedqv/reikanindia.com/system/View/View.php(220): include()
#1 /home/thebedqv/reikanindia.com/system/View/View.php(222): CodeIgniter\View\View->CodeIgniter\View\{closure}()
#2 /home/thebedqv/reikanindia.com/system/Common.php(1217): CodeIgniter\View\View->render('home/details', Array, true)
#3 /home/thebedqv/reikanindia.com/app/Controllers/Home.php(146): view('home/details', Array)
#4 /home/thebedqv/reikanindia.com/system/CodeIgniter.php(936): App\Controllers\Home->product_details('o2-cure-plug-pl...')
#5 /home/thebedqv/reikanindia.com/system/CodeIgniter.php(432): CodeIgniter\CodeIgniter->runController(Object(App\Controllers\Home))
#6 /home/thebedqv/reikanindia.com/system/CodeIgniter.php(333): CodeIgniter\CodeIgniter->handleRequest(NULL, Object(Config\Cache), false)
#7 /home/thebedqv/reikanindia.com/index.php(44): CodeIgniter\CodeIgniter->run()
#8 {main}
