CRITICAL - 2025-01-15 18:01:54 --> Undefined index: url
#0 /home/thebedqv/medisoldier.sodiarc.in/app/Controllers/Home.php(257): CodeIgniter\Debug\Exceptions->errorHandler(8, 'Undefined index...', '/home/thebedqv/...', 257, Array)
#1 /home/thebedqv/medisoldier.sodiarc.in/system/CodeIgniter.php(936): App\Controllers\Home->webhook()
#2 /home/thebedqv/medisoldier.sodiarc.in/system/CodeIgniter.php(432): CodeIgniter\CodeIgniter->runController(Object(App\Controllers\Home))
#3 /home/thebedqv/medisoldier.sodiarc.in/system/CodeIgniter.php(333): CodeIgniter\CodeIgniter->handleRequest(NULL, Object(Config\Cache), false)
#4 /home/thebedqv/medisoldier.sodiarc.in/index.php(44): CodeIgniter\CodeIgniter->run()
#5 {main}
CRITICAL - 2025-01-15 18:01:54 --> Uncaught CodeIgniter\Format\Exceptions\FormatException: Failed to parse json string, error: "Type is not supported". in /home/thebedqv/medisoldier.sodiarc.in/system/Format/JSONFormatter.php:42
Stack trace:
#0 /home/thebedqv/medisoldier.sodiarc.in/system/Format/JSONFormatter.php(42): CodeIgniter\Format\Exceptions\FormatException::forInvalidJSON('Type is not sup...')
#1 /home/thebedqv/medisoldier.sodiarc.in/system/API/ResponseTrait.php(407): CodeIgniter\Format\JSONFormatter->format(Array)
#2 /home/thebedqv/medisoldier.sodiarc.in/system/API/ResponseTrait.php(114): CodeIgniter\Debug\Exceptions->format(Array)
#3 /home/thebedqv/medisoldier.sodiarc.in/system/Debug/Exceptions.php(141): CodeIgniter\Debug\Exceptions->respond(Array, 500)
#4 [internal function]: CodeIgniter\Debug\Exceptions->exceptionHandler(Object(ErrorException))
#5 {main}
  thrown
#0 [internal function]: CodeIgniter\Debug\Exceptions->shutdownHandler()
#1 {main}
CRITICAL - 2025-01-15 18:01:55 --> Undefined index: url
#0 /home/thebedqv/medisoldier.sodiarc.in/app/Controllers/Home.php(257): CodeIgniter\Debug\Exceptions->errorHandler(8, 'Undefined index...', '/home/thebedqv/...', 257, Array)
#1 /home/thebedqv/medisoldier.sodiarc.in/system/CodeIgniter.php(936): App\Controllers\Home->webhook()
#2 /home/thebedqv/medisoldier.sodiarc.in/system/CodeIgniter.php(432): CodeIgniter\CodeIgniter->runController(Object(App\Controllers\Home))
#3 /home/thebedqv/medisoldier.sodiarc.in/system/CodeIgniter.php(333): CodeIgniter\CodeIgniter->handleRequest(NULL, Object(Config\Cache), false)
#4 /home/thebedqv/medisoldier.sodiarc.in/index.php(44): CodeIgniter\CodeIgniter->run()
#5 {main}
CRITICAL - 2025-01-15 18:01:55 --> Uncaught CodeIgniter\Format\Exceptions\FormatException: Failed to parse json string, error: "Type is not supported". in /home/thebedqv/medisoldier.sodiarc.in/system/Format/JSONFormatter.php:42
Stack trace:
#0 /home/thebedqv/medisoldier.sodiarc.in/system/Format/JSONFormatter.php(42): CodeIgniter\Format\Exceptions\FormatException::forInvalidJSON('Type is not sup...')
#1 /home/thebedqv/medisoldier.sodiarc.in/system/API/ResponseTrait.php(407): CodeIgniter\Format\JSONFormatter->format(Array)
#2 /home/thebedqv/medisoldier.sodiarc.in/system/API/ResponseTrait.php(114): CodeIgniter\Debug\Exceptions->format(Array)
#3 /home/thebedqv/medisoldier.sodiarc.in/system/Debug/Exceptions.php(141): CodeIgniter\Debug\Exceptions->respond(Array, 500)
#4 [internal function]: CodeIgniter\Debug\Exceptions->exceptionHandler(Object(ErrorException))
#5 {main}
  thrown
#0 [internal function]: CodeIgniter\Debug\Exceptions->shutdownHandler()
#1 {main}
CRITICAL - 2025-01-15 18:01:55 --> Undefined index: url
#0 /home/thebedqv/medisoldier.sodiarc.in/app/Controllers/Home.php(257): CodeIgniter\Debug\Exceptions->errorHandler(8, 'Undefined index...', '/home/thebedqv/...', 257, Array)
#1 /home/thebedqv/medisoldier.sodiarc.in/system/CodeIgniter.php(936): App\Controllers\Home->webhook()
#2 /home/thebedqv/medisoldier.sodiarc.in/system/CodeIgniter.php(432): CodeIgniter\CodeIgniter->runController(Object(App\Controllers\Home))
#3 /home/thebedqv/medisoldier.sodiarc.in/system/CodeIgniter.php(333): CodeIgniter\CodeIgniter->handleRequest(NULL, Object(Config\Cache), false)
#4 /home/thebedqv/medisoldier.sodiarc.in/index.php(44): CodeIgniter\CodeIgniter->run()
#5 {main}
CRITICAL - 2025-01-15 18:01:55 --> Uncaught CodeIgniter\Format\Exceptions\FormatException: Failed to parse json string, error: "Type is not supported". in /home/thebedqv/medisoldier.sodiarc.in/system/Format/JSONFormatter.php:42
Stack trace:
#0 /home/thebedqv/medisoldier.sodiarc.in/system/Format/JSONFormatter.php(42): CodeIgniter\Format\Exceptions\FormatException::forInvalidJSON('Type is not sup...')
#1 /home/thebedqv/medisoldier.sodiarc.in/system/API/ResponseTrait.php(407): CodeIgniter\Format\JSONFormatter->format(Array)
#2 /home/thebedqv/medisoldier.sodiarc.in/system/API/ResponseTrait.php(114): CodeIgniter\Debug\Exceptions->format(Array)
#3 /home/thebedqv/medisoldier.sodiarc.in/system/Debug/Exceptions.php(141): CodeIgniter\Debug\Exceptions->respond(Array, 500)
#4 [internal function]: CodeIgniter\Debug\Exceptions->exceptionHandler(Object(ErrorException))
#5 {main}
  thrown
#0 [internal function]: CodeIgniter\Debug\Exceptions->shutdownHandler()
#1 {main}
CRITICAL - 2025-01-15 18:02:08 --> Undefined index: url
#0 /home/thebedqv/medisoldier.sodiarc.in/app/Controllers/Home.php(257): CodeIgniter\Debug\Exceptions->errorHandler(8, 'Undefined index...', '/home/thebedqv/...', 257, Array)
#1 /home/thebedqv/medisoldier.sodiarc.in/system/CodeIgniter.php(936): App\Controllers\Home->webhook()
#2 /home/thebedqv/medisoldier.sodiarc.in/system/CodeIgniter.php(432): CodeIgniter\CodeIgniter->runController(Object(App\Controllers\Home))
#3 /home/thebedqv/medisoldier.sodiarc.in/system/CodeIgniter.php(333): CodeIgniter\CodeIgniter->handleRequest(NULL, Object(Config\Cache), false)
#4 /home/thebedqv/medisoldier.sodiarc.in/index.php(44): CodeIgniter\CodeIgniter->run()
#5 {main}
CRITICAL - 2025-01-15 18:02:08 --> Uncaught CodeIgniter\Format\Exceptions\FormatException: Failed to parse json string, error: "Type is not supported". in /home/thebedqv/medisoldier.sodiarc.in/system/Format/JSONFormatter.php:42
Stack trace:
#0 /home/thebedqv/medisoldier.sodiarc.in/system/Format/JSONFormatter.php(42): CodeIgniter\Format\Exceptions\FormatException::forInvalidJSON('Type is not sup...')
#1 /home/thebedqv/medisoldier.sodiarc.in/system/API/ResponseTrait.php(407): CodeIgniter\Format\JSONFormatter->format(Array)
#2 /home/thebedqv/medisoldier.sodiarc.in/system/API/ResponseTrait.php(114): CodeIgniter\Debug\Exceptions->format(Array)
#3 /home/thebedqv/medisoldier.sodiarc.in/system/Debug/Exceptions.php(141): CodeIgniter\Debug\Exceptions->respond(Array, 500)
#4 [internal function]: CodeIgniter\Debug\Exceptions->exceptionHandler(Object(ErrorException))
#5 {main}
  thrown
#0 [internal function]: CodeIgniter\Debug\Exceptions->shutdownHandler()
#1 {main}
CRITICAL - 2025-01-15 18:02:09 --> Undefined index: url
#0 /home/thebedqv/medisoldier.sodiarc.in/app/Controllers/Home.php(257): CodeIgniter\Debug\Exceptions->errorHandler(8, 'Undefined index...', '/home/thebedqv/...', 257, Array)
#1 /home/thebedqv/medisoldier.sodiarc.in/system/CodeIgniter.php(936): App\Controllers\Home->webhook()
#2 /home/thebedqv/medisoldier.sodiarc.in/system/CodeIgniter.php(432): CodeIgniter\CodeIgniter->runController(Object(App\Controllers\Home))
#3 /home/thebedqv/medisoldier.sodiarc.in/system/CodeIgniter.php(333): CodeIgniter\CodeIgniter->handleRequest(NULL, Object(Config\Cache), false)
#4 /home/thebedqv/medisoldier.sodiarc.in/index.php(44): CodeIgniter\CodeIgniter->run()
#5 {main}
CRITICAL - 2025-01-15 18:02:09 --> Uncaught CodeIgniter\Format\Exceptions\FormatException: Failed to parse json string, error: "Type is not supported". in /home/thebedqv/medisoldier.sodiarc.in/system/Format/JSONFormatter.php:42
Stack trace:
#0 /home/thebedqv/medisoldier.sodiarc.in/system/Format/JSONFormatter.php(42): CodeIgniter\Format\Exceptions\FormatException::forInvalidJSON('Type is not sup...')
#1 /home/thebedqv/medisoldier.sodiarc.in/system/API/ResponseTrait.php(407): CodeIgniter\Format\JSONFormatter->format(Array)
#2 /home/thebedqv/medisoldier.sodiarc.in/system/API/ResponseTrait.php(114): CodeIgniter\Debug\Exceptions->format(Array)
#3 /home/thebedqv/medisoldier.sodiarc.in/system/Debug/Exceptions.php(141): CodeIgniter\Debug\Exceptions->respond(Array, 500)
#4 [internal function]: CodeIgniter\Debug\Exceptions->exceptionHandler(Object(ErrorException))
#5 {main}
  thrown
#0 [internal function]: CodeIgniter\Debug\Exceptions->shutdownHandler()
#1 {main}
CRITICAL - 2025-01-15 18:02:09 --> Undefined index: url
#0 /home/thebedqv/medisoldier.sodiarc.in/app/Controllers/Home.php(257): CodeIgniter\Debug\Exceptions->errorHandler(8, 'Undefined index...', '/home/thebedqv/...', 257, Array)
#1 /home/thebedqv/medisoldier.sodiarc.in/system/CodeIgniter.php(936): App\Controllers\Home->webhook()
#2 /home/thebedqv/medisoldier.sodiarc.in/system/CodeIgniter.php(432): CodeIgniter\CodeIgniter->runController(Object(App\Controllers\Home))
#3 /home/thebedqv/medisoldier.sodiarc.in/system/CodeIgniter.php(333): CodeIgniter\CodeIgniter->handleRequest(NULL, Object(Config\Cache), false)
#4 /home/thebedqv/medisoldier.sodiarc.in/index.php(44): CodeIgniter\CodeIgniter->run()
#5 {main}
CRITICAL - 2025-01-15 18:02:09 --> Uncaught CodeIgniter\Format\Exceptions\FormatException: Failed to parse json string, error: "Type is not supported". in /home/thebedqv/medisoldier.sodiarc.in/system/Format/JSONFormatter.php:42
Stack trace:
#0 /home/thebedqv/medisoldier.sodiarc.in/system/Format/JSONFormatter.php(42): CodeIgniter\Format\Exceptions\FormatException::forInvalidJSON('Type is not sup...')
#1 /home/thebedqv/medisoldier.sodiarc.in/system/API/ResponseTrait.php(407): CodeIgniter\Format\JSONFormatter->format(Array)
#2 /home/thebedqv/medisoldier.sodiarc.in/system/API/ResponseTrait.php(114): CodeIgniter\Debug\Exceptions->format(Array)
#3 /home/thebedqv/medisoldier.sodiarc.in/system/Debug/Exceptions.php(141): CodeIgniter\Debug\Exceptions->respond(Array, 500)
#4 [internal function]: CodeIgniter\Debug\Exceptions->exceptionHandler(Object(ErrorException))
#5 {main}
  thrown
#0 [internal function]: CodeIgniter\Debug\Exceptions->shutdownHandler()
#1 {main}
ERROR - 2025-01-15 18:04:01 --> mysqli_sql_exception: Unknown column 'price' in 'SELECT' in /home/thebedqv/medisoldier.sodiarc.in/system/Database/MySQLi/Connection.php:314
Stack trace:
#0 /home/thebedqv/medisoldier.sodiarc.in/system/Database/MySQLi/Connection.php(314): mysqli->query('INSERT INTO `or...')
#1 /home/thebedqv/medisoldier.sodiarc.in/system/Database/BaseConnection.php(713): CodeIgniter\Database\MySQLi\Connection->execute('INSERT INTO `or...')
#2 /home/thebedqv/medisoldier.sodiarc.in/system/Database/BaseConnection.php(641): CodeIgniter\Database\BaseConnection->simpleQuery('INSERT INTO `or...')
#3 /home/thebedqv/medisoldier.sodiarc.in/system/Database/BaseBuilder.php(2263): CodeIgniter\Database\BaseConnection->query('INSERT INTO `or...', Array, false)
#4 /home/thebedqv/medisoldier.sodiarc.in/system/Model.php(278): CodeIgniter\Database\BaseBuilder->insert()
#5 /home/thebedqv/medisoldier.sodiarc.in/system/BaseModel.php(758): CodeIgniter\Model->doInsert(Array)
#6 /home/thebedqv/medisoldier.sodiarc.in/system/Model.php(705): CodeIgniter\BaseModel->insert(Array, true)
#7 /home/thebedqv/medisoldier.sodiarc.in/app/Controllers/Admin.php(644): CodeIgniter\Model->insert(Array)
#8 /home/thebedqv/medisoldier.sodiarc.in/system/CodeIgniter.php(936): App\Controllers\Admin->updateOrderDetails()
#9 /home/thebedqv/medisoldier.sodiarc.in/system/CodeIgniter.php(432): CodeIgniter\CodeIgniter->runController(Object(App\Controllers\Admin))
#10 /home/thebedqv/medisoldier.sodiarc.in/system/CodeIgniter.php(333): CodeIgniter\CodeIgniter->handleRequest(NULL, Object(Config\Cache), false)
#11 /home/thebedqv/medisoldier.sodiarc.in/index.php(44): CodeIgniter\CodeIgniter->run()
#12 {main}
CRITICAL - 2025-01-15 18:04:01 --> Unknown column 'price' in 'SELECT'
#0 /home/thebedqv/medisoldier.sodiarc.in/system/Database/MySQLi/Connection.php(314): mysqli->query('INSERT INTO `or...')
#1 /home/thebedqv/medisoldier.sodiarc.in/system/Database/BaseConnection.php(713): CodeIgniter\Database\MySQLi\Connection->execute('INSERT INTO `or...')
#2 /home/thebedqv/medisoldier.sodiarc.in/system/Database/BaseConnection.php(641): CodeIgniter\Database\BaseConnection->simpleQuery('INSERT INTO `or...')
#3 /home/thebedqv/medisoldier.sodiarc.in/system/Database/BaseBuilder.php(2263): CodeIgniter\Database\BaseConnection->query('INSERT INTO `or...', Array, false)
#4 /home/thebedqv/medisoldier.sodiarc.in/system/Model.php(278): CodeIgniter\Database\BaseBuilder->insert()
#5 /home/thebedqv/medisoldier.sodiarc.in/system/BaseModel.php(758): CodeIgniter\Model->doInsert(Array)
#6 /home/thebedqv/medisoldier.sodiarc.in/system/Model.php(705): CodeIgniter\BaseModel->insert(Array, true)
#7 /home/thebedqv/medisoldier.sodiarc.in/app/Controllers/Admin.php(644): CodeIgniter\Model->insert(Array)
#8 /home/thebedqv/medisoldier.sodiarc.in/system/CodeIgniter.php(936): App\Controllers\Admin->updateOrderDetails()
#9 /home/thebedqv/medisoldier.sodiarc.in/system/CodeIgniter.php(432): CodeIgniter\CodeIgniter->runController(Object(App\Controllers\Admin))
#10 /home/thebedqv/medisoldier.sodiarc.in/system/CodeIgniter.php(333): CodeIgniter\CodeIgniter->handleRequest(NULL, Object(Config\Cache), false)
#11 /home/thebedqv/medisoldier.sodiarc.in/index.php(44): CodeIgniter\CodeIgniter->run()
#12 {main}
CRITICAL - 2025-01-15 18:24:32 --> Undefined variable: phone
#0 /home/thebedqv/medisoldier.sodiarc.in/app/Controllers/Admin.php(630): CodeIgniter\Debug\Exceptions->errorHandler(8, 'Undefined varia...', '/home/thebedqv/...', 630, Array)
#1 /home/thebedqv/medisoldier.sodiarc.in/system/CodeIgniter.php(936): App\Controllers\Admin->updateOrderDetails()
#2 /home/thebedqv/medisoldier.sodiarc.in/system/CodeIgniter.php(432): CodeIgniter\CodeIgniter->runController(Object(App\Controllers\Admin))
#3 /home/thebedqv/medisoldier.sodiarc.in/system/CodeIgniter.php(333): CodeIgniter\CodeIgniter->handleRequest(NULL, Object(Config\Cache), false)
#4 /home/thebedqv/medisoldier.sodiarc.in/index.php(44): CodeIgniter\CodeIgniter->run()
#5 {main}
CRITICAL - 2025-01-15 18:25:38 --> Undefined variable: ch
#0 /home/thebedqv/medisoldier.sodiarc.in/app/Controllers/Admin.php(794): CodeIgniter\Debug\Exceptions->errorHandler(8, 'Undefined varia...', '/home/thebedqv/...', 794, Array)
#1 /home/thebedqv/medisoldier.sodiarc.in/app/Controllers/Admin.php(635): App\Controllers\Admin->sendFileMessage('918276048671', 'https://medisol...', 'Here is your in...')
#2 /home/thebedqv/medisoldier.sodiarc.in/system/CodeIgniter.php(936): App\Controllers\Admin->updateOrderDetails()
#3 /home/thebedqv/medisoldier.sodiarc.in/system/CodeIgniter.php(432): CodeIgniter\CodeIgniter->runController(Object(App\Controllers\Admin))
#4 /home/thebedqv/medisoldier.sodiarc.in/system/CodeIgniter.php(333): CodeIgniter\CodeIgniter->handleRequest(NULL, Object(Config\Cache), false)
#5 /home/thebedqv/medisoldier.sodiarc.in/index.php(44): CodeIgniter\CodeIgniter->run()
#6 {main}
CRITICAL - 2025-01-15 18:25:53 --> Undefined variable: ch
#0 /home/thebedqv/medisoldier.sodiarc.in/app/Controllers/Admin.php(794): CodeIgniter\Debug\Exceptions->errorHandler(8, 'Undefined varia...', '/home/thebedqv/...', 794, Array)
#1 /home/thebedqv/medisoldier.sodiarc.in/app/Controllers/Admin.php(635): App\Controllers\Admin->sendFileMessage('918276048671', 'https://medisol...', 'Here is your in...')
#2 /home/thebedqv/medisoldier.sodiarc.in/system/CodeIgniter.php(936): App\Controllers\Admin->updateOrderDetails()
#3 /home/thebedqv/medisoldier.sodiarc.in/system/CodeIgniter.php(432): CodeIgniter\CodeIgniter->runController(Object(App\Controllers\Admin))
#4 /home/thebedqv/medisoldier.sodiarc.in/system/CodeIgniter.php(333): CodeIgniter\CodeIgniter->handleRequest(NULL, Object(Config\Cache), false)
#5 /home/thebedqv/medisoldier.sodiarc.in/index.php(44): CodeIgniter\CodeIgniter->run()
#6 {main}
CRITICAL - 2025-01-15 18:32:09 --> Undefined index: url
#0 /home/thebedqv/medisoldier.sodiarc.in/app/Controllers/Home.php(257): CodeIgniter\Debug\Exceptions->errorHandler(8, 'Undefined index...', '/home/thebedqv/...', 257, Array)
#1 /home/thebedqv/medisoldier.sodiarc.in/system/CodeIgniter.php(936): App\Controllers\Home->webhook()
#2 /home/thebedqv/medisoldier.sodiarc.in/system/CodeIgniter.php(432): CodeIgniter\CodeIgniter->runController(Object(App\Controllers\Home))
#3 /home/thebedqv/medisoldier.sodiarc.in/system/CodeIgniter.php(333): CodeIgniter\CodeIgniter->handleRequest(NULL, Object(Config\Cache), false)
#4 /home/thebedqv/medisoldier.sodiarc.in/index.php(44): CodeIgniter\CodeIgniter->run()
#5 {main}
CRITICAL - 2025-01-15 18:32:09 --> Uncaught CodeIgniter\Format\Exceptions\FormatException: Failed to parse json string, error: "Type is not supported". in /home/thebedqv/medisoldier.sodiarc.in/system/Format/JSONFormatter.php:42
Stack trace:
#0 /home/thebedqv/medisoldier.sodiarc.in/system/Format/JSONFormatter.php(42): CodeIgniter\Format\Exceptions\FormatException::forInvalidJSON('Type is not sup...')
#1 /home/thebedqv/medisoldier.sodiarc.in/system/API/ResponseTrait.php(407): CodeIgniter\Format\JSONFormatter->format(Array)
#2 /home/thebedqv/medisoldier.sodiarc.in/system/API/ResponseTrait.php(114): CodeIgniter\Debug\Exceptions->format(Array)
#3 /home/thebedqv/medisoldier.sodiarc.in/system/Debug/Exceptions.php(141): CodeIgniter\Debug\Exceptions->respond(Array, 500)
#4 [internal function]: CodeIgniter\Debug\Exceptions->exceptionHandler(Object(ErrorException))
#5 {main}
  thrown
#0 [internal function]: CodeIgniter\Debug\Exceptions->shutdownHandler()
#1 {main}
CRITICAL - 2025-01-15 18:32:10 --> Undefined index: url
#0 /home/thebedqv/medisoldier.sodiarc.in/app/Controllers/Home.php(257): CodeIgniter\Debug\Exceptions->errorHandler(8, 'Undefined index...', '/home/thebedqv/...', 257, Array)
#1 /home/thebedqv/medisoldier.sodiarc.in/system/CodeIgniter.php(936): App\Controllers\Home->webhook()
#2 /home/thebedqv/medisoldier.sodiarc.in/system/CodeIgniter.php(432): CodeIgniter\CodeIgniter->runController(Object(App\Controllers\Home))
#3 /home/thebedqv/medisoldier.sodiarc.in/system/CodeIgniter.php(333): CodeIgniter\CodeIgniter->handleRequest(NULL, Object(Config\Cache), false)
#4 /home/thebedqv/medisoldier.sodiarc.in/index.php(44): CodeIgniter\CodeIgniter->run()
#5 {main}
CRITICAL - 2025-01-15 18:32:10 --> Uncaught CodeIgniter\Format\Exceptions\FormatException: Failed to parse json string, error: "Type is not supported". in /home/thebedqv/medisoldier.sodiarc.in/system/Format/JSONFormatter.php:42
Stack trace:
#0 /home/thebedqv/medisoldier.sodiarc.in/system/Format/JSONFormatter.php(42): CodeIgniter\Format\Exceptions\FormatException::forInvalidJSON('Type is not sup...')
#1 /home/thebedqv/medisoldier.sodiarc.in/system/API/ResponseTrait.php(407): CodeIgniter\Format\JSONFormatter->format(Array)
#2 /home/thebedqv/medisoldier.sodiarc.in/system/API/ResponseTrait.php(114): CodeIgniter\Debug\Exceptions->format(Array)
#3 /home/thebedqv/medisoldier.sodiarc.in/system/Debug/Exceptions.php(141): CodeIgniter\Debug\Exceptions->respond(Array, 500)
#4 [internal function]: CodeIgniter\Debug\Exceptions->exceptionHandler(Object(ErrorException))
#5 {main}
  thrown
#0 [internal function]: CodeIgniter\Debug\Exceptions->shutdownHandler()
#1 {main}
CRITICAL - 2025-01-15 18:32:10 --> Undefined index: url
#0 /home/thebedqv/medisoldier.sodiarc.in/app/Controllers/Home.php(257): CodeIgniter\Debug\Exceptions->errorHandler(8, 'Undefined index...', '/home/thebedqv/...', 257, Array)
#1 /home/thebedqv/medisoldier.sodiarc.in/system/CodeIgniter.php(936): App\Controllers\Home->webhook()
#2 /home/thebedqv/medisoldier.sodiarc.in/system/CodeIgniter.php(432): CodeIgniter\CodeIgniter->runController(Object(App\Controllers\Home))
#3 /home/thebedqv/medisoldier.sodiarc.in/system/CodeIgniter.php(333): CodeIgniter\CodeIgniter->handleRequest(NULL, Object(Config\Cache), false)
#4 /home/thebedqv/medisoldier.sodiarc.in/index.php(44): CodeIgniter\CodeIgniter->run()
#5 {main}
CRITICAL - 2025-01-15 18:32:10 --> Uncaught CodeIgniter\Format\Exceptions\FormatException: Failed to parse json string, error: "Type is not supported". in /home/thebedqv/medisoldier.sodiarc.in/system/Format/JSONFormatter.php:42
Stack trace:
#0 /home/thebedqv/medisoldier.sodiarc.in/system/Format/JSONFormatter.php(42): CodeIgniter\Format\Exceptions\FormatException::forInvalidJSON('Type is not sup...')
#1 /home/thebedqv/medisoldier.sodiarc.in/system/API/ResponseTrait.php(407): CodeIgniter\Format\JSONFormatter->format(Array)
#2 /home/thebedqv/medisoldier.sodiarc.in/system/API/ResponseTrait.php(114): CodeIgniter\Debug\Exceptions->format(Array)
#3 /home/thebedqv/medisoldier.sodiarc.in/system/Debug/Exceptions.php(141): CodeIgniter\Debug\Exceptions->respond(Array, 500)
#4 [internal function]: CodeIgniter\Debug\Exceptions->exceptionHandler(Object(ErrorException))
#5 {main}
  thrown
#0 [internal function]: CodeIgniter\Debug\Exceptions->shutdownHandler()
#1 {main}
CRITICAL - 2025-01-15 18:35:46 --> Undefined variable: invoicePath
#0 /home/thebedqv/medisoldier.sodiarc.in/app/Controllers/Admin.php(662): CodeIgniter\Debug\Exceptions->errorHandler(8, 'Undefined varia...', '/home/thebedqv/...', 662, Array)
#1 /home/thebedqv/medisoldier.sodiarc.in/system/CodeIgniter.php(936): App\Controllers\Admin->updateOrderDetails()
#2 /home/thebedqv/medisoldier.sodiarc.in/system/CodeIgniter.php(432): CodeIgniter\CodeIgniter->runController(Object(App\Controllers\Admin))
#3 /home/thebedqv/medisoldier.sodiarc.in/system/CodeIgniter.php(333): CodeIgniter\CodeIgniter->handleRequest(NULL, Object(Config\Cache), false)
#4 /home/thebedqv/medisoldier.sodiarc.in/index.php(44): CodeIgniter\CodeIgniter->run()
#5 {main}
CRITICAL - 2025-01-15 18:36:33 --> Undefined variable: invoicePath
#0 /home/thebedqv/medisoldier.sodiarc.in/app/Controllers/Admin.php(667): CodeIgniter\Debug\Exceptions->errorHandler(8, 'Undefined varia...', '/home/thebedqv/...', 667, Array)
#1 /home/thebedqv/medisoldier.sodiarc.in/system/CodeIgniter.php(936): App\Controllers\Admin->updateOrderDetails()
#2 /home/thebedqv/medisoldier.sodiarc.in/system/CodeIgniter.php(432): CodeIgniter\CodeIgniter->runController(Object(App\Controllers\Admin))
#3 /home/thebedqv/medisoldier.sodiarc.in/system/CodeIgniter.php(333): CodeIgniter\CodeIgniter->handleRequest(NULL, Object(Config\Cache), false)
#4 /home/thebedqv/medisoldier.sodiarc.in/index.php(44): CodeIgniter\CodeIgniter->run()
#5 {main}
CRITICAL - 2025-01-15 18:38:43 --> Undefined variable: invoicePath
#0 /home/thebedqv/medisoldier.sodiarc.in/app/Controllers/Admin.php(667): CodeIgniter\Debug\Exceptions->errorHandler(8, 'Undefined varia...', '/home/thebedqv/...', 667, Array)
#1 /home/thebedqv/medisoldier.sodiarc.in/system/CodeIgniter.php(936): App\Controllers\Admin->updateOrderDetails()
#2 /home/thebedqv/medisoldier.sodiarc.in/system/CodeIgniter.php(432): CodeIgniter\CodeIgniter->runController(Object(App\Controllers\Admin))
#3 /home/thebedqv/medisoldier.sodiarc.in/system/CodeIgniter.php(333): CodeIgniter\CodeIgniter->handleRequest(NULL, Object(Config\Cache), false)
#4 /home/thebedqv/medisoldier.sodiarc.in/index.php(44): CodeIgniter\CodeIgniter->run()
#5 {main}
CRITICAL - 2025-01-15 18:39:34 --> Undefined variable: invoicePath
#0 /home/thebedqv/medisoldier.sodiarc.in/app/Controllers/Admin.php(677): CodeIgniter\Debug\Exceptions->errorHandler(8, 'Undefined varia...', '/home/thebedqv/...', 677, Array)
#1 /home/thebedqv/medisoldier.sodiarc.in/system/CodeIgniter.php(936): App\Controllers\Admin->updateOrderDetails()
#2 /home/thebedqv/medisoldier.sodiarc.in/system/CodeIgniter.php(432): CodeIgniter\CodeIgniter->runController(Object(App\Controllers\Admin))
#3 /home/thebedqv/medisoldier.sodiarc.in/system/CodeIgniter.php(333): CodeIgniter\CodeIgniter->handleRequest(NULL, Object(Config\Cache), false)
#4 /home/thebedqv/medisoldier.sodiarc.in/index.php(44): CodeIgniter\CodeIgniter->run()
#5 {main}
ERROR - 2025-01-15 18:51:42 --> Razorpay Link Creation Failed: {"error":{"code":"BAD_REQUEST_ERROR","description":"payment link with given reference_id: MS-2025-01-019 already exists. Please create a payment link with a different reference_id","metadata":[],"reason":null,"source":null,"step":null}}
CRITICAL - 2025-01-15 19:20:05 --> Cannot redeclare App\Controllers\Home::sendQuickReply()
#0 [internal function]: CodeIgniter\Debug\Exceptions->shutdownHandler()
#1 {main}
CRITICAL - 2025-01-15 19:20:07 --> Cannot redeclare App\Controllers\Home::sendQuickReply()
#0 [internal function]: CodeIgniter\Debug\Exceptions->shutdownHandler()
#1 {main}
CRITICAL - 2025-01-15 19:20:08 --> Cannot redeclare App\Controllers\Home::sendQuickReply()
#0 [internal function]: CodeIgniter\Debug\Exceptions->shutdownHandler()
#1 {main}
CRITICAL - 2025-01-15 19:20:38 --> Cannot redeclare App\Controllers\Home::sendQuickReply()
#0 [internal function]: CodeIgniter\Debug\Exceptions->shutdownHandler()
#1 {main}
CRITICAL - 2025-01-15 19:20:38 --> Cannot redeclare App\Controllers\Home::sendQuickReply()
#0 [internal function]: CodeIgniter\Debug\Exceptions->shutdownHandler()
#1 {main}
CRITICAL - 2025-01-15 19:20:40 --> Cannot redeclare App\Controllers\Home::sendQuickReply()
#0 [internal function]: CodeIgniter\Debug\Exceptions->shutdownHandler()
#1 {main}
CRITICAL - 2025-01-15 19:23:34 --> Cannot redeclare App\Controllers\Home::sendQuickReply()
#0 [internal function]: CodeIgniter\Debug\Exceptions->shutdownHandler()
#1 {main}
CRITICAL - 2025-01-15 19:23:35 --> Cannot redeclare App\Controllers\Home::sendQuickReply()
#0 [internal function]: CodeIgniter\Debug\Exceptions->shutdownHandler()
#1 {main}
CRITICAL - 2025-01-15 19:23:35 --> Cannot redeclare App\Controllers\Home::sendQuickReply()
#0 [internal function]: CodeIgniter\Debug\Exceptions->shutdownHandler()
#1 {main}
CRITICAL - 2025-01-15 19:23:45 --> Cannot redeclare App\Controllers\Home::sendQuickReply()
#0 [internal function]: CodeIgniter\Debug\Exceptions->shutdownHandler()
#1 {main}
CRITICAL - 2025-01-15 19:23:46 --> Cannot redeclare App\Controllers\Home::sendQuickReply()
#0 [internal function]: CodeIgniter\Debug\Exceptions->shutdownHandler()
#1 {main}
CRITICAL - 2025-01-15 19:23:56 --> Cannot redeclare App\Controllers\Home::sendQuickReply()
#0 [internal function]: CodeIgniter\Debug\Exceptions->shutdownHandler()
#1 {main}
