ERROR - 2025-03-29 00:17:03 --> mysqli_sql_exception: Cannot add or update a child row: a foreign key constraint fails (`thebedqv_medisoldier`.`orders`, CONSTRAINT `orders_ibfk_1` FOREIGN KEY (`user_id`) REFERENCES `users` (`id`) ON DELETE CASCADE) in /home/thebedqv/medisoldier.sodiarc.in/system/Database/MySQLi/Connection.php:314
Stack trace:
#0 /home/thebedqv/medisoldier.sodiarc.in/system/Database/MySQLi/Connection.php(314): mysqli->query('INSERT INTO `or...')
#1 /home/thebedqv/medisoldier.sodiarc.in/system/Database/BaseConnection.php(713): CodeIgniter\Database\MySQLi\Connection->execute('INSERT INTO `or...')
#2 /home/thebedqv/medisoldier.sodiarc.in/system/Database/BaseConnection.php(641): CodeIgniter\Database\BaseConnection->simpleQuery('INSERT INTO `or...')
#3 /home/thebedqv/medisoldier.sodiarc.in/system/Database/BaseBuilder.php(2263): CodeIgniter\Database\BaseConnection->query('INSERT INTO `or...', Array, false)
#4 /home/thebedqv/medisoldier.sodiarc.in/system/Model.php(278): CodeIgniter\Database\BaseBuilder->insert()
#5 /home/thebedqv/medisoldier.sodiarc.in/system/BaseModel.php(758): CodeIgniter\Model->doInsert(Array)
#6 /home/thebedqv/medisoldier.sodiarc.in/system/Model.php(705): CodeIgniter\BaseModel->insert(Array, true)
#7 /home/thebedqv/medisoldier.sodiarc.in/app/Models/OrderModel.php(41): CodeIgniter\Model->insert(Array)
#8 /home/thebedqv/medisoldier.sodiarc.in/app/Controllers/ApiController.php(378): App\Models\OrderModel->createOrder('10', 'MS-2025-03-029')
#9 /home/thebedqv/medisoldier.sodiarc.in/system/CodeIgniter.php(936): App\Controllers\ApiController->createNoPrescriptionOrderGet()
#10 /home/thebedqv/medisoldier.sodiarc.in/system/CodeIgniter.php(432): CodeIgniter\CodeIgniter->runController(Object(App\Controllers\ApiController))
#11 /home/thebedqv/medisoldier.sodiarc.in/system/CodeIgniter.php(333): CodeIgniter\CodeIgniter->handleRequest(NULL, Object(Config\Cache), false)
#12 /home/thebedqv/medisoldier.sodiarc.in/index.php(44): CodeIgniter\CodeIgniter->run()
#13 {main}
CRITICAL - 2025-03-29 00:17:03 --> Cannot add or update a child row: a foreign key constraint fails (`thebedqv_medisoldier`.`orders`, CONSTRAINT `orders_ibfk_1` FOREIGN KEY (`user_id`) REFERENCES `users` (`id`) ON DELETE CASCADE)
#0 /home/thebedqv/medisoldier.sodiarc.in/system/Database/MySQLi/Connection.php(314): mysqli->query('INSERT INTO `or...')
#1 /home/thebedqv/medisoldier.sodiarc.in/system/Database/BaseConnection.php(713): CodeIgniter\Database\MySQLi\Connection->execute('INSERT INTO `or...')
#2 /home/thebedqv/medisoldier.sodiarc.in/system/Database/BaseConnection.php(641): CodeIgniter\Database\BaseConnection->simpleQuery('INSERT INTO `or...')
#3 /home/thebedqv/medisoldier.sodiarc.in/system/Database/BaseBuilder.php(2263): CodeIgniter\Database\BaseConnection->query('INSERT INTO `or...', Array, false)
#4 /home/thebedqv/medisoldier.sodiarc.in/system/Model.php(278): CodeIgniter\Database\BaseBuilder->insert()
#5 /home/thebedqv/medisoldier.sodiarc.in/system/BaseModel.php(758): CodeIgniter\Model->doInsert(Array)
#6 /home/thebedqv/medisoldier.sodiarc.in/system/Model.php(705): CodeIgniter\BaseModel->insert(Array, true)
#7 /home/thebedqv/medisoldier.sodiarc.in/app/Models/OrderModel.php(41): CodeIgniter\Model->insert(Array)
#8 /home/thebedqv/medisoldier.sodiarc.in/app/Controllers/ApiController.php(378): App\Models\OrderModel->createOrder('10', 'MS-2025-03-029')
#9 /home/thebedqv/medisoldier.sodiarc.in/system/CodeIgniter.php(936): App\Controllers\ApiController->createNoPrescriptionOrderGet()
#10 /home/thebedqv/medisoldier.sodiarc.in/system/CodeIgniter.php(432): CodeIgniter\CodeIgniter->runController(Object(App\Controllers\ApiController))
#11 /home/thebedqv/medisoldier.sodiarc.in/system/CodeIgniter.php(333): CodeIgniter\CodeIgniter->handleRequest(NULL, Object(Config\Cache), false)
#12 /home/thebedqv/medisoldier.sodiarc.in/index.php(44): CodeIgniter\CodeIgniter->run()
#13 {main}
