ERROR - 2025-09-15 18:35:57 --> mysqli_sql_exception: Cannot add or update a child row: a foreign key constraint fails (`thebedqv_medisoldier`.`insurance_documents`, CONSTRAINT `insurance_documents_ibfk_2` FOREIGN KEY (`order_id`) REFERENCES `orders` (`id`) ON DELETE CASCADE) in /home/thebedqv/admin.medisoldier.com/system/Database/MySQLi/Connection.php:314
Stack trace:
#0 /home/thebedqv/admin.medisoldier.com/system/Database/MySQLi/Connection.php(314): mysqli->query('INSERT INTO `in...')
#1 /home/thebedqv/admin.medisoldier.com/system/Database/BaseConnection.php(713): CodeIgniter\Database\MySQLi\Connection->execute('INSERT INTO `in...')
#2 /home/thebedqv/admin.medisoldier.com/system/Database/BaseConnection.php(641): CodeIgniter\Database\BaseConnection->simpleQuery('INSERT INTO `in...')
#3 /home/thebedqv/admin.medisoldier.com/system/Database/BaseBuilder.php(2263): CodeIgniter\Database\BaseConnection->query('INSERT INTO `in...', Array, false)
#4 /home/thebedqv/admin.medisoldier.com/system/Model.php(278): CodeIgniter\Database\BaseBuilder->insert()
#5 /home/thebedqv/admin.medisoldier.com/system/BaseModel.php(758): CodeIgniter\Model->doInsert(Array)
#6 /home/thebedqv/admin.medisoldier.com/system/Model.php(705): CodeIgniter\BaseModel->insert(Array, true)
#7 /home/thebedqv/admin.medisoldier.com/app/Controllers/ApiController.php(879): CodeIgniter\Model->insert(Array)
#8 /home/thebedqv/admin.medisoldier.com/system/CodeIgniter.php(936): App\Controllers\ApiController->uploadInsuranceDocument()
#9 /home/thebedqv/admin.medisoldier.com/system/CodeIgniter.php(432): CodeIgniter\CodeIgniter->runController(Object(App\Controllers\ApiController))
#10 /home/thebedqv/admin.medisoldier.com/system/CodeIgniter.php(333): CodeIgniter\CodeIgniter->handleRequest(NULL, Object(Config\Cache), false)
#11 /home/thebedqv/admin.medisoldier.com/index.php(63): CodeIgniter\CodeIgniter->run()
#12 {main}
CRITICAL - 2025-09-15 18:35:57 --> Cannot add or update a child row: a foreign key constraint fails (`thebedqv_medisoldier`.`insurance_documents`, CONSTRAINT `insurance_documents_ibfk_2` FOREIGN KEY (`order_id`) REFERENCES `orders` (`id`) ON DELETE CASCADE)
#0 /home/thebedqv/admin.medisoldier.com/system/Database/MySQLi/Connection.php(314): mysqli->query('INSERT INTO `in...')
#1 /home/thebedqv/admin.medisoldier.com/system/Database/BaseConnection.php(713): CodeIgniter\Database\MySQLi\Connection->execute('INSERT INTO `in...')
#2 /home/thebedqv/admin.medisoldier.com/system/Database/BaseConnection.php(641): CodeIgniter\Database\BaseConnection->simpleQuery('INSERT INTO `in...')
#3 /home/thebedqv/admin.medisoldier.com/system/Database/BaseBuilder.php(2263): CodeIgniter\Database\BaseConnection->query('INSERT INTO `in...', Array, false)
#4 /home/thebedqv/admin.medisoldier.com/system/Model.php(278): CodeIgniter\Database\BaseBuilder->insert()
#5 /home/thebedqv/admin.medisoldier.com/system/BaseModel.php(758): CodeIgniter\Model->doInsert(Array)
#6 /home/thebedqv/admin.medisoldier.com/system/Model.php(705): CodeIgniter\BaseModel->insert(Array, true)
#7 /home/thebedqv/admin.medisoldier.com/app/Controllers/ApiController.php(879): CodeIgniter\Model->insert(Array)
#8 /home/thebedqv/admin.medisoldier.com/system/CodeIgniter.php(936): App\Controllers\ApiController->uploadInsuranceDocument()
#9 /home/thebedqv/admin.medisoldier.com/system/CodeIgniter.php(432): CodeIgniter\CodeIgniter->runController(Object(App\Controllers\ApiController))
#10 /home/thebedqv/admin.medisoldier.com/system/CodeIgniter.php(333): CodeIgniter\CodeIgniter->handleRequest(NULL, Object(Config\Cache), false)
#11 /home/thebedqv/admin.medisoldier.com/index.php(63): CodeIgniter\CodeIgniter->run()
#12 {main}
ERROR - 2025-09-15 18:36:51 --> mysqli_sql_exception: Cannot add or update a child row: a foreign key constraint fails (`thebedqv_medisoldier`.`insurance_documents`, CONSTRAINT `insurance_documents_ibfk_2` FOREIGN KEY (`order_id`) REFERENCES `orders` (`id`) ON DELETE CASCADE) in /home/thebedqv/admin.medisoldier.com/system/Database/MySQLi/Connection.php:314
Stack trace:
#0 /home/thebedqv/admin.medisoldier.com/system/Database/MySQLi/Connection.php(314): mysqli->query('INSERT INTO `in...')
#1 /home/thebedqv/admin.medisoldier.com/system/Database/BaseConnection.php(713): CodeIgniter\Database\MySQLi\Connection->execute('INSERT INTO `in...')
#2 /home/thebedqv/admin.medisoldier.com/system/Database/BaseConnection.php(641): CodeIgniter\Database\BaseConnection->simpleQuery('INSERT INTO `in...')
#3 /home/thebedqv/admin.medisoldier.com/system/Database/BaseBuilder.php(2263): CodeIgniter\Database\BaseConnection->query('INSERT INTO `in...', Array, false)
#4 /home/thebedqv/admin.medisoldier.com/system/Model.php(278): CodeIgniter\Database\BaseBuilder->insert()
#5 /home/thebedqv/admin.medisoldier.com/system/BaseModel.php(758): CodeIgniter\Model->doInsert(Array)
#6 /home/thebedqv/admin.medisoldier.com/system/Model.php(705): CodeIgniter\BaseModel->insert(Array, true)
#7 /home/thebedqv/admin.medisoldier.com/app/Controllers/ApiController.php(879): CodeIgniter\Model->insert(Array)
#8 /home/thebedqv/admin.medisoldier.com/system/CodeIgniter.php(936): App\Controllers\ApiController->uploadInsuranceDocument()
#9 /home/thebedqv/admin.medisoldier.com/system/CodeIgniter.php(432): CodeIgniter\CodeIgniter->runController(Object(App\Controllers\ApiController))
#10 /home/thebedqv/admin.medisoldier.com/system/CodeIgniter.php(333): CodeIgniter\CodeIgniter->handleRequest(NULL, Object(Config\Cache), false)
#11 /home/thebedqv/admin.medisoldier.com/index.php(63): CodeIgniter\CodeIgniter->run()
#12 {main}
CRITICAL - 2025-09-15 18:36:51 --> Cannot add or update a child row: a foreign key constraint fails (`thebedqv_medisoldier`.`insurance_documents`, CONSTRAINT `insurance_documents_ibfk_2` FOREIGN KEY (`order_id`) REFERENCES `orders` (`id`) ON DELETE CASCADE)
#0 /home/thebedqv/admin.medisoldier.com/system/Database/MySQLi/Connection.php(314): mysqli->query('INSERT INTO `in...')
#1 /home/thebedqv/admin.medisoldier.com/system/Database/BaseConnection.php(713): CodeIgniter\Database\MySQLi\Connection->execute('INSERT INTO `in...')
#2 /home/thebedqv/admin.medisoldier.com/system/Database/BaseConnection.php(641): CodeIgniter\Database\BaseConnection->simpleQuery('INSERT INTO `in...')
#3 /home/thebedqv/admin.medisoldier.com/system/Database/BaseBuilder.php(2263): CodeIgniter\Database\BaseConnection->query('INSERT INTO `in...', Array, false)
#4 /home/thebedqv/admin.medisoldier.com/system/Model.php(278): CodeIgniter\Database\BaseBuilder->insert()
#5 /home/thebedqv/admin.medisoldier.com/system/BaseModel.php(758): CodeIgniter\Model->doInsert(Array)
#6 /home/thebedqv/admin.medisoldier.com/system/Model.php(705): CodeIgniter\BaseModel->insert(Array, true)
#7 /home/thebedqv/admin.medisoldier.com/app/Controllers/ApiController.php(879): CodeIgniter\Model->insert(Array)
#8 /home/thebedqv/admin.medisoldier.com/system/CodeIgniter.php(936): App\Controllers\ApiController->uploadInsuranceDocument()
#9 /home/thebedqv/admin.medisoldier.com/system/CodeIgniter.php(432): CodeIgniter\CodeIgniter->runController(Object(App\Controllers\ApiController))
#10 /home/thebedqv/admin.medisoldier.com/system/CodeIgniter.php(333): CodeIgniter\CodeIgniter->handleRequest(NULL, Object(Config\Cache), false)
#11 /home/thebedqv/admin.medisoldier.com/index.php(63): CodeIgniter\CodeIgniter->run()
#12 {main}
CRITICAL - 2025-09-15 18:39:43 --> Undefined index: order_id
#0 /home/thebedqv/admin.medisoldier.com/app/Controllers/ApiController.php(889): CodeIgniter\Debug\Exceptions->errorHandler(8, 'Undefined index...', '/home/thebedqv/...', 889, Array)
#1 /home/thebedqv/admin.medisoldier.com/system/CodeIgniter.php(936): App\Controllers\ApiController->uploadInsuranceDocument()
#2 /home/thebedqv/admin.medisoldier.com/system/CodeIgniter.php(432): CodeIgniter\CodeIgniter->runController(Object(App\Controllers\ApiController))
#3 /home/thebedqv/admin.medisoldier.com/system/CodeIgniter.php(333): CodeIgniter\CodeIgniter->handleRequest(NULL, Object(Config\Cache), false)
#4 /home/thebedqv/admin.medisoldier.com/index.php(63): CodeIgniter\CodeIgniter->run()
#5 {main}
CRITICAL - 2025-09-15 18:40:23 --> Undefined index: order_id
#0 /home/thebedqv/admin.medisoldier.com/app/Controllers/ApiController.php(887): CodeIgniter\Debug\Exceptions->errorHandler(8, 'Undefined index...', '/home/thebedqv/...', 887, Array)
#1 /home/thebedqv/admin.medisoldier.com/system/CodeIgniter.php(936): App\Controllers\ApiController->uploadInsuranceDocument()
#2 /home/thebedqv/admin.medisoldier.com/system/CodeIgniter.php(432): CodeIgniter\CodeIgniter->runController(Object(App\Controllers\ApiController))
#3 /home/thebedqv/admin.medisoldier.com/system/CodeIgniter.php(333): CodeIgniter\CodeIgniter->handleRequest(NULL, Object(Config\Cache), false)
#4 /home/thebedqv/admin.medisoldier.com/index.php(63): CodeIgniter\CodeIgniter->run()
#5 {main}
CRITICAL - 2025-09-15 19:14:52 --> Call to undefined method App\Controllers\Admin::docUploadsBaseDir()
#0 /home/thebedqv/admin.medisoldier.com/system/CodeIgniter.php(936): App\Controllers\Admin->insurance_documents()
#1 /home/thebedqv/admin.medisoldier.com/system/CodeIgniter.php(432): CodeIgniter\CodeIgniter->runController(Object(App\Controllers\Admin))
#2 /home/thebedqv/admin.medisoldier.com/system/CodeIgniter.php(333): CodeIgniter\CodeIgniter->handleRequest(NULL, Object(Config\Cache), false)
#3 /home/thebedqv/admin.medisoldier.com/index.php(63): CodeIgniter\CodeIgniter->run()
#4 {main}
ERROR - 2025-09-15 22:04:05 --> mysqli_sql_exception: Duplicate entry '919850040640' for key 'phone' in /home/thebedqv/admin.medisoldier.com/system/Database/MySQLi/Connection.php:314
Stack trace:
#0 /home/thebedqv/admin.medisoldier.com/system/Database/MySQLi/Connection.php(314): mysqli->query('INSERT INTO `us...')
#1 /home/thebedqv/admin.medisoldier.com/system/Database/BaseConnection.php(713): CodeIgniter\Database\MySQLi\Connection->execute('INSERT INTO `us...')
#2 /home/thebedqv/admin.medisoldier.com/system/Database/BaseConnection.php(641): CodeIgniter\Database\BaseConnection->simpleQuery('INSERT INTO `us...')
#3 /home/thebedqv/admin.medisoldier.com/system/Database/BaseBuilder.php(2263): CodeIgniter\Database\BaseConnection->query('INSERT INTO `us...', Array, false)
#4 /home/thebedqv/admin.medisoldier.com/system/Model.php(278): CodeIgniter\Database\BaseBuilder->insert()
#5 /home/thebedqv/admin.medisoldier.com/system/BaseModel.php(758): CodeIgniter\Model->doInsert(Array)
#6 /home/thebedqv/admin.medisoldier.com/system/Model.php(705): CodeIgniter\BaseModel->insert(Array, false)
#7 /home/thebedqv/admin.medisoldier.com/system/BaseModel.php(667): CodeIgniter\Model->insert(Array, false)
#8 /home/thebedqv/admin.medisoldier.com/app/Models/UserOtpModel.php(25): CodeIgniter\BaseModel->save(Array)
#9 /home/thebedqv/admin.medisoldier.com/app/Controllers/Auth.php(77): App\Models\UserOtpModel->upsertOTP('919850040640', '424142', '2025-09-15 22:0...')
#10 /home/thebedqv/admin.medisoldier.com/system/CodeIgniter.php(936): App\Controllers\Auth->sendOTP()
#11 /home/thebedqv/admin.medisoldier.com/system/CodeIgniter.php(432): CodeIgniter\CodeIgniter->runController(Object(App\Controllers\Auth))
#12 /home/thebedqv/admin.medisoldier.com/system/CodeIgniter.php(333): CodeIgniter\CodeIgniter->handleRequest(NULL, Object(Config\Cache), false)
#13 /home/thebedqv/admin.medisoldier.com/index.php(63): CodeIgniter\CodeIgniter->run()
#14 {main}
CRITICAL - 2025-09-15 22:04:05 --> Duplicate entry '919850040640' for key 'phone'
#0 /home/thebedqv/admin.medisoldier.com/system/Database/MySQLi/Connection.php(314): mysqli->query('INSERT INTO `us...')
#1 /home/thebedqv/admin.medisoldier.com/system/Database/BaseConnection.php(713): CodeIgniter\Database\MySQLi\Connection->execute('INSERT INTO `us...')
#2 /home/thebedqv/admin.medisoldier.com/system/Database/BaseConnection.php(641): CodeIgniter\Database\BaseConnection->simpleQuery('INSERT INTO `us...')
#3 /home/thebedqv/admin.medisoldier.com/system/Database/BaseBuilder.php(2263): CodeIgniter\Database\BaseConnection->query('INSERT INTO `us...', Array, false)
#4 /home/thebedqv/admin.medisoldier.com/system/Model.php(278): CodeIgniter\Database\BaseBuilder->insert()
#5 /home/thebedqv/admin.medisoldier.com/system/BaseModel.php(758): CodeIgniter\Model->doInsert(Array)
#6 /home/thebedqv/admin.medisoldier.com/system/Model.php(705): CodeIgniter\BaseModel->insert(Array, false)
#7 /home/thebedqv/admin.medisoldier.com/system/BaseModel.php(667): CodeIgniter\Model->insert(Array, false)
#8 /home/thebedqv/admin.medisoldier.com/app/Models/UserOtpModel.php(25): CodeIgniter\BaseModel->save(Array)
#9 /home/thebedqv/admin.medisoldier.com/app/Controllers/Auth.php(77): App\Models\UserOtpModel->upsertOTP('919850040640', '424142', '2025-09-15 22:0...')
#10 /home/thebedqv/admin.medisoldier.com/system/CodeIgniter.php(936): App\Controllers\Auth->sendOTP()
#11 /home/thebedqv/admin.medisoldier.com/system/CodeIgniter.php(432): CodeIgniter\CodeIgniter->runController(Object(App\Controllers\Auth))
#12 /home/thebedqv/admin.medisoldier.com/system/CodeIgniter.php(333): CodeIgniter\CodeIgniter->handleRequest(NULL, Object(Config\Cache), false)
#13 /home/thebedqv/admin.medisoldier.com/index.php(63): CodeIgniter\CodeIgniter->run()
#14 {main}
ERROR - 2025-09-15 22:22:12 --> mysqli_sql_exception: Duplicate entry '919284273860' for key 'phone' in /home/thebedqv/admin.medisoldier.com/system/Database/MySQLi/Connection.php:314
Stack trace:
#0 /home/thebedqv/admin.medisoldier.com/system/Database/MySQLi/Connection.php(314): mysqli->query('INSERT INTO `us...')
#1 /home/thebedqv/admin.medisoldier.com/system/Database/BaseConnection.php(713): CodeIgniter\Database\MySQLi\Connection->execute('INSERT INTO `us...')
#2 /home/thebedqv/admin.medisoldier.com/system/Database/BaseConnection.php(641): CodeIgniter\Database\BaseConnection->simpleQuery('INSERT INTO `us...')
#3 /home/thebedqv/admin.medisoldier.com/system/Database/BaseBuilder.php(2263): CodeIgniter\Database\BaseConnection->query('INSERT INTO `us...', Array, false)
#4 /home/thebedqv/admin.medisoldier.com/system/Model.php(278): CodeIgniter\Database\BaseBuilder->insert()
#5 /home/thebedqv/admin.medisoldier.com/system/BaseModel.php(758): CodeIgniter\Model->doInsert(Array)
#6 /home/thebedqv/admin.medisoldier.com/system/Model.php(705): CodeIgniter\BaseModel->insert(Array, false)
#7 /home/thebedqv/admin.medisoldier.com/system/BaseModel.php(667): CodeIgniter\Model->insert(Array, false)
#8 /home/thebedqv/admin.medisoldier.com/app/Models/UserOtpModel.php(25): CodeIgniter\BaseModel->save(Array)
#9 /home/thebedqv/admin.medisoldier.com/app/Controllers/Auth.php(77): App\Models\UserOtpModel->upsertOTP('919284273860', '993359', '2025-09-15 22:2...')
#10 /home/thebedqv/admin.medisoldier.com/system/CodeIgniter.php(936): App\Controllers\Auth->sendOTP()
#11 /home/thebedqv/admin.medisoldier.com/system/CodeIgniter.php(432): CodeIgniter\CodeIgniter->runController(Object(App\Controllers\Auth))
#12 /home/thebedqv/admin.medisoldier.com/system/CodeIgniter.php(333): CodeIgniter\CodeIgniter->handleRequest(NULL, Object(Config\Cache), false)
#13 /home/thebedqv/admin.medisoldier.com/index.php(63): CodeIgniter\CodeIgniter->run()
#14 {main}
CRITICAL - 2025-09-15 22:22:12 --> Duplicate entry '919284273860' for key 'phone'
#0 /home/thebedqv/admin.medisoldier.com/system/Database/MySQLi/Connection.php(314): mysqli->query('INSERT INTO `us...')
#1 /home/thebedqv/admin.medisoldier.com/system/Database/BaseConnection.php(713): CodeIgniter\Database\MySQLi\Connection->execute('INSERT INTO `us...')
#2 /home/thebedqv/admin.medisoldier.com/system/Database/BaseConnection.php(641): CodeIgniter\Database\BaseConnection->simpleQuery('INSERT INTO `us...')
#3 /home/thebedqv/admin.medisoldier.com/system/Database/BaseBuilder.php(2263): CodeIgniter\Database\BaseConnection->query('INSERT INTO `us...', Array, false)
#4 /home/thebedqv/admin.medisoldier.com/system/Model.php(278): CodeIgniter\Database\BaseBuilder->insert()
#5 /home/thebedqv/admin.medisoldier.com/system/BaseModel.php(758): CodeIgniter\Model->doInsert(Array)
#6 /home/thebedqv/admin.medisoldier.com/system/Model.php(705): CodeIgniter\BaseModel->insert(Array, false)
#7 /home/thebedqv/admin.medisoldier.com/system/BaseModel.php(667): CodeIgniter\Model->insert(Array, false)
#8 /home/thebedqv/admin.medisoldier.com/app/Models/UserOtpModel.php(25): CodeIgniter\BaseModel->save(Array)
#9 /home/thebedqv/admin.medisoldier.com/app/Controllers/Auth.php(77): App\Models\UserOtpModel->upsertOTP('919284273860', '993359', '2025-09-15 22:2...')
#10 /home/thebedqv/admin.medisoldier.com/system/CodeIgniter.php(936): App\Controllers\Auth->sendOTP()
#11 /home/thebedqv/admin.medisoldier.com/system/CodeIgniter.php(432): CodeIgniter\CodeIgniter->runController(Object(App\Controllers\Auth))
#12 /home/thebedqv/admin.medisoldier.com/system/CodeIgniter.php(333): CodeIgniter\CodeIgniter->handleRequest(NULL, Object(Config\Cache), false)
#13 /home/thebedqv/admin.medisoldier.com/index.php(63): CodeIgniter\CodeIgniter->run()
#14 {main}
ERROR - 2025-09-15 22:22:20 --> mysqli_sql_exception: Duplicate entry '919284273860' for key 'phone' in /home/thebedqv/admin.medisoldier.com/system/Database/MySQLi/Connection.php:314
Stack trace:
#0 /home/thebedqv/admin.medisoldier.com/system/Database/MySQLi/Connection.php(314): mysqli->query('INSERT INTO `us...')
#1 /home/thebedqv/admin.medisoldier.com/system/Database/BaseConnection.php(713): CodeIgniter\Database\MySQLi\Connection->execute('INSERT INTO `us...')
#2 /home/thebedqv/admin.medisoldier.com/system/Database/BaseConnection.php(641): CodeIgniter\Database\BaseConnection->simpleQuery('INSERT INTO `us...')
#3 /home/thebedqv/admin.medisoldier.com/system/Database/BaseBuilder.php(2263): CodeIgniter\Database\BaseConnection->query('INSERT INTO `us...', Array, false)
#4 /home/thebedqv/admin.medisoldier.com/system/Model.php(278): CodeIgniter\Database\BaseBuilder->insert()
#5 /home/thebedqv/admin.medisoldier.com/system/BaseModel.php(758): CodeIgniter\Model->doInsert(Array)
#6 /home/thebedqv/admin.medisoldier.com/system/Model.php(705): CodeIgniter\BaseModel->insert(Array, false)
#7 /home/thebedqv/admin.medisoldier.com/system/BaseModel.php(667): CodeIgniter\Model->insert(Array, false)
#8 /home/thebedqv/admin.medisoldier.com/app/Models/UserOtpModel.php(25): CodeIgniter\BaseModel->save(Array)
#9 /home/thebedqv/admin.medisoldier.com/app/Controllers/Auth.php(77): App\Models\UserOtpModel->upsertOTP('919284273860', '229839', '2025-09-15 22:2...')
#10 /home/thebedqv/admin.medisoldier.com/system/CodeIgniter.php(936): App\Controllers\Auth->sendOTP()
#11 /home/thebedqv/admin.medisoldier.com/system/CodeIgniter.php(432): CodeIgniter\CodeIgniter->runController(Object(App\Controllers\Auth))
#12 /home/thebedqv/admin.medisoldier.com/system/CodeIgniter.php(333): CodeIgniter\CodeIgniter->handleRequest(NULL, Object(Config\Cache), false)
#13 /home/thebedqv/admin.medisoldier.com/index.php(63): CodeIgniter\CodeIgniter->run()
#14 {main}
CRITICAL - 2025-09-15 22:22:20 --> Duplicate entry '919284273860' for key 'phone'
#0 /home/thebedqv/admin.medisoldier.com/system/Database/MySQLi/Connection.php(314): mysqli->query('INSERT INTO `us...')
#1 /home/thebedqv/admin.medisoldier.com/system/Database/BaseConnection.php(713): CodeIgniter\Database\MySQLi\Connection->execute('INSERT INTO `us...')
#2 /home/thebedqv/admin.medisoldier.com/system/Database/BaseConnection.php(641): CodeIgniter\Database\BaseConnection->simpleQuery('INSERT INTO `us...')
#3 /home/thebedqv/admin.medisoldier.com/system/Database/BaseBuilder.php(2263): CodeIgniter\Database\BaseConnection->query('INSERT INTO `us...', Array, false)
#4 /home/thebedqv/admin.medisoldier.com/system/Model.php(278): CodeIgniter\Database\BaseBuilder->insert()
#5 /home/thebedqv/admin.medisoldier.com/system/BaseModel.php(758): CodeIgniter\Model->doInsert(Array)
#6 /home/thebedqv/admin.medisoldier.com/system/Model.php(705): CodeIgniter\BaseModel->insert(Array, false)
#7 /home/thebedqv/admin.medisoldier.com/system/BaseModel.php(667): CodeIgniter\Model->insert(Array, false)
#8 /home/thebedqv/admin.medisoldier.com/app/Models/UserOtpModel.php(25): CodeIgniter\BaseModel->save(Array)
#9 /home/thebedqv/admin.medisoldier.com/app/Controllers/Auth.php(77): App\Models\UserOtpModel->upsertOTP('919284273860', '229839', '2025-09-15 22:2...')
#10 /home/thebedqv/admin.medisoldier.com/system/CodeIgniter.php(936): App\Controllers\Auth->sendOTP()
#11 /home/thebedqv/admin.medisoldier.com/system/CodeIgniter.php(432): CodeIgniter\CodeIgniter->runController(Object(App\Controllers\Auth))
#12 /home/thebedqv/admin.medisoldier.com/system/CodeIgniter.php(333): CodeIgniter\CodeIgniter->handleRequest(NULL, Object(Config\Cache), false)
#13 /home/thebedqv/admin.medisoldier.com/index.php(63): CodeIgniter\CodeIgniter->run()
#14 {main}
ERROR - 2025-09-15 22:24:23 --> mysqli_sql_exception: Duplicate entry '919284273860' for key 'phone' in /home/thebedqv/admin.medisoldier.com/system/Database/MySQLi/Connection.php:314
Stack trace:
#0 /home/thebedqv/admin.medisoldier.com/system/Database/MySQLi/Connection.php(314): mysqli->query('INSERT INTO `us...')
#1 /home/thebedqv/admin.medisoldier.com/system/Database/BaseConnection.php(713): CodeIgniter\Database\MySQLi\Connection->execute('INSERT INTO `us...')
#2 /home/thebedqv/admin.medisoldier.com/system/Database/BaseConnection.php(641): CodeIgniter\Database\BaseConnection->simpleQuery('INSERT INTO `us...')
#3 /home/thebedqv/admin.medisoldier.com/system/Database/BaseBuilder.php(2263): CodeIgniter\Database\BaseConnection->query('INSERT INTO `us...', Array, false)
#4 /home/thebedqv/admin.medisoldier.com/system/Model.php(278): CodeIgniter\Database\BaseBuilder->insert()
#5 /home/thebedqv/admin.medisoldier.com/system/BaseModel.php(758): CodeIgniter\Model->doInsert(Array)
#6 /home/thebedqv/admin.medisoldier.com/system/Model.php(705): CodeIgniter\BaseModel->insert(Array, false)
#7 /home/thebedqv/admin.medisoldier.com/system/BaseModel.php(667): CodeIgniter\Model->insert(Array, false)
#8 /home/thebedqv/admin.medisoldier.com/app/Models/UserOtpModel.php(25): CodeIgniter\BaseModel->save(Array)
#9 /home/thebedqv/admin.medisoldier.com/app/Controllers/Auth.php(77): App\Models\UserOtpModel->upsertOTP('919284273860', '977251', '2025-09-15 22:2...')
#10 /home/thebedqv/admin.medisoldier.com/system/CodeIgniter.php(936): App\Controllers\Auth->sendOTP()
#11 /home/thebedqv/admin.medisoldier.com/system/CodeIgniter.php(432): CodeIgniter\CodeIgniter->runController(Object(App\Controllers\Auth))
#12 /home/thebedqv/admin.medisoldier.com/system/CodeIgniter.php(333): CodeIgniter\CodeIgniter->handleRequest(NULL, Object(Config\Cache), false)
#13 /home/thebedqv/admin.medisoldier.com/index.php(63): CodeIgniter\CodeIgniter->run()
#14 {main}
CRITICAL - 2025-09-15 22:24:23 --> Duplicate entry '919284273860' for key 'phone'
#0 /home/thebedqv/admin.medisoldier.com/system/Database/MySQLi/Connection.php(314): mysqli->query('INSERT INTO `us...')
#1 /home/thebedqv/admin.medisoldier.com/system/Database/BaseConnection.php(713): CodeIgniter\Database\MySQLi\Connection->execute('INSERT INTO `us...')
#2 /home/thebedqv/admin.medisoldier.com/system/Database/BaseConnection.php(641): CodeIgniter\Database\BaseConnection->simpleQuery('INSERT INTO `us...')
#3 /home/thebedqv/admin.medisoldier.com/system/Database/BaseBuilder.php(2263): CodeIgniter\Database\BaseConnection->query('INSERT INTO `us...', Array, false)
#4 /home/thebedqv/admin.medisoldier.com/system/Model.php(278): CodeIgniter\Database\BaseBuilder->insert()
#5 /home/thebedqv/admin.medisoldier.com/system/BaseModel.php(758): CodeIgniter\Model->doInsert(Array)
#6 /home/thebedqv/admin.medisoldier.com/system/Model.php(705): CodeIgniter\BaseModel->insert(Array, false)
#7 /home/thebedqv/admin.medisoldier.com/system/BaseModel.php(667): CodeIgniter\Model->insert(Array, false)
#8 /home/thebedqv/admin.medisoldier.com/app/Models/UserOtpModel.php(25): CodeIgniter\BaseModel->save(Array)
#9 /home/thebedqv/admin.medisoldier.com/app/Controllers/Auth.php(77): App\Models\UserOtpModel->upsertOTP('919284273860', '977251', '2025-09-15 22:2...')
#10 /home/thebedqv/admin.medisoldier.com/system/CodeIgniter.php(936): App\Controllers\Auth->sendOTP()
#11 /home/thebedqv/admin.medisoldier.com/system/CodeIgniter.php(432): CodeIgniter\CodeIgniter->runController(Object(App\Controllers\Auth))
#12 /home/thebedqv/admin.medisoldier.com/system/CodeIgniter.php(333): CodeIgniter\CodeIgniter->handleRequest(NULL, Object(Config\Cache), false)
#13 /home/thebedqv/admin.medisoldier.com/index.php(63): CodeIgniter\CodeIgniter->run()
#14 {main}
ERROR - 2025-09-15 22:43:58 --> mysqli_sql_exception: Duplicate entry '918788826487' for key 'phone' in /home/thebedqv/admin.medisoldier.com/system/Database/MySQLi/Connection.php:314
Stack trace:
#0 /home/thebedqv/admin.medisoldier.com/system/Database/MySQLi/Connection.php(314): mysqli->query('INSERT INTO `us...')
#1 /home/thebedqv/admin.medisoldier.com/system/Database/BaseConnection.php(713): CodeIgniter\Database\MySQLi\Connection->execute('INSERT INTO `us...')
#2 /home/thebedqv/admin.medisoldier.com/system/Database/BaseConnection.php(641): CodeIgniter\Database\BaseConnection->simpleQuery('INSERT INTO `us...')
#3 /home/thebedqv/admin.medisoldier.com/system/Database/BaseBuilder.php(2263): CodeIgniter\Database\BaseConnection->query('INSERT INTO `us...', Array, false)
#4 /home/thebedqv/admin.medisoldier.com/system/Model.php(278): CodeIgniter\Database\BaseBuilder->insert()
#5 /home/thebedqv/admin.medisoldier.com/system/BaseModel.php(758): CodeIgniter\Model->doInsert(Array)
#6 /home/thebedqv/admin.medisoldier.com/system/Model.php(705): CodeIgniter\BaseModel->insert(Array, false)
#7 /home/thebedqv/admin.medisoldier.com/system/BaseModel.php(667): CodeIgniter\Model->insert(Array, false)
#8 /home/thebedqv/admin.medisoldier.com/app/Models/UserOtpModel.php(25): CodeIgniter\BaseModel->save(Array)
#9 /home/thebedqv/admin.medisoldier.com/app/Controllers/Auth.php(77): App\Models\UserOtpModel->upsertOTP('918788826487', '888687', '2025-09-15 22:4...')
#10 /home/thebedqv/admin.medisoldier.com/system/CodeIgniter.php(936): App\Controllers\Auth->sendOTP()
#11 /home/thebedqv/admin.medisoldier.com/system/CodeIgniter.php(432): CodeIgniter\CodeIgniter->runController(Object(App\Controllers\Auth))
#12 /home/thebedqv/admin.medisoldier.com/system/CodeIgniter.php(333): CodeIgniter\CodeIgniter->handleRequest(NULL, Object(Config\Cache), false)
#13 /home/thebedqv/admin.medisoldier.com/index.php(63): CodeIgniter\CodeIgniter->run()
#14 {main}
CRITICAL - 2025-09-15 22:43:58 --> Duplicate entry '918788826487' for key 'phone'
#0 /home/thebedqv/admin.medisoldier.com/system/Database/MySQLi/Connection.php(314): mysqli->query('INSERT INTO `us...')
#1 /home/thebedqv/admin.medisoldier.com/system/Database/BaseConnection.php(713): CodeIgniter\Database\MySQLi\Connection->execute('INSERT INTO `us...')
#2 /home/thebedqv/admin.medisoldier.com/system/Database/BaseConnection.php(641): CodeIgniter\Database\BaseConnection->simpleQuery('INSERT INTO `us...')
#3 /home/thebedqv/admin.medisoldier.com/system/Database/BaseBuilder.php(2263): CodeIgniter\Database\BaseConnection->query('INSERT INTO `us...', Array, false)
#4 /home/thebedqv/admin.medisoldier.com/system/Model.php(278): CodeIgniter\Database\BaseBuilder->insert()
#5 /home/thebedqv/admin.medisoldier.com/system/BaseModel.php(758): CodeIgniter\Model->doInsert(Array)
#6 /home/thebedqv/admin.medisoldier.com/system/Model.php(705): CodeIgniter\BaseModel->insert(Array, false)
#7 /home/thebedqv/admin.medisoldier.com/system/BaseModel.php(667): CodeIgniter\Model->insert(Array, false)
#8 /home/thebedqv/admin.medisoldier.com/app/Models/UserOtpModel.php(25): CodeIgniter\BaseModel->save(Array)
#9 /home/thebedqv/admin.medisoldier.com/app/Controllers/Auth.php(77): App\Models\UserOtpModel->upsertOTP('918788826487', '888687', '2025-09-15 22:4...')
#10 /home/thebedqv/admin.medisoldier.com/system/CodeIgniter.php(936): App\Controllers\Auth->sendOTP()
#11 /home/thebedqv/admin.medisoldier.com/system/CodeIgniter.php(432): CodeIgniter\CodeIgniter->runController(Object(App\Controllers\Auth))
#12 /home/thebedqv/admin.medisoldier.com/system/CodeIgniter.php(333): CodeIgniter\CodeIgniter->handleRequest(NULL, Object(Config\Cache), false)
#13 /home/thebedqv/admin.medisoldier.com/index.php(63): CodeIgniter\CodeIgniter->run()
#14 {main}
ERROR - 2025-09-15 22:45:12 --> mysqli_sql_exception: Duplicate entry '918788826487' for key 'phone' in /home/thebedqv/admin.medisoldier.com/system/Database/MySQLi/Connection.php:314
Stack trace:
#0 /home/thebedqv/admin.medisoldier.com/system/Database/MySQLi/Connection.php(314): mysqli->query('INSERT INTO `us...')
#1 /home/thebedqv/admin.medisoldier.com/system/Database/BaseConnection.php(713): CodeIgniter\Database\MySQLi\Connection->execute('INSERT INTO `us...')
#2 /home/thebedqv/admin.medisoldier.com/system/Database/BaseConnection.php(641): CodeIgniter\Database\BaseConnection->simpleQuery('INSERT INTO `us...')
#3 /home/thebedqv/admin.medisoldier.com/system/Database/BaseBuilder.php(2263): CodeIgniter\Database\BaseConnection->query('INSERT INTO `us...', Array, false)
#4 /home/thebedqv/admin.medisoldier.com/system/Model.php(278): CodeIgniter\Database\BaseBuilder->insert()
#5 /home/thebedqv/admin.medisoldier.com/system/BaseModel.php(758): CodeIgniter\Model->doInsert(Array)
#6 /home/thebedqv/admin.medisoldier.com/system/Model.php(705): CodeIgniter\BaseModel->insert(Array, false)
#7 /home/thebedqv/admin.medisoldier.com/system/BaseModel.php(667): CodeIgniter\Model->insert(Array, false)
#8 /home/thebedqv/admin.medisoldier.com/app/Models/UserOtpModel.php(25): CodeIgniter\BaseModel->save(Array)
#9 /home/thebedqv/admin.medisoldier.com/app/Controllers/Auth.php(77): App\Models\UserOtpModel->upsertOTP('918788826487', '432973', '2025-09-15 22:5...')
#10 /home/thebedqv/admin.medisoldier.com/system/CodeIgniter.php(936): App\Controllers\Auth->sendOTP()
#11 /home/thebedqv/admin.medisoldier.com/system/CodeIgniter.php(432): CodeIgniter\CodeIgniter->runController(Object(App\Controllers\Auth))
#12 /home/thebedqv/admin.medisoldier.com/system/CodeIgniter.php(333): CodeIgniter\CodeIgniter->handleRequest(NULL, Object(Config\Cache), false)
#13 /home/thebedqv/admin.medisoldier.com/index.php(63): CodeIgniter\CodeIgniter->run()
#14 {main}
CRITICAL - 2025-09-15 22:45:12 --> Duplicate entry '918788826487' for key 'phone'
#0 /home/thebedqv/admin.medisoldier.com/system/Database/MySQLi/Connection.php(314): mysqli->query('INSERT INTO `us...')
#1 /home/thebedqv/admin.medisoldier.com/system/Database/BaseConnection.php(713): CodeIgniter\Database\MySQLi\Connection->execute('INSERT INTO `us...')
#2 /home/thebedqv/admin.medisoldier.com/system/Database/BaseConnection.php(641): CodeIgniter\Database\BaseConnection->simpleQuery('INSERT INTO `us...')
#3 /home/thebedqv/admin.medisoldier.com/system/Database/BaseBuilder.php(2263): CodeIgniter\Database\BaseConnection->query('INSERT INTO `us...', Array, false)
#4 /home/thebedqv/admin.medisoldier.com/system/Model.php(278): CodeIgniter\Database\BaseBuilder->insert()
#5 /home/thebedqv/admin.medisoldier.com/system/BaseModel.php(758): CodeIgniter\Model->doInsert(Array)
#6 /home/thebedqv/admin.medisoldier.com/system/Model.php(705): CodeIgniter\BaseModel->insert(Array, false)
#7 /home/thebedqv/admin.medisoldier.com/system/BaseModel.php(667): CodeIgniter\Model->insert(Array, false)
#8 /home/thebedqv/admin.medisoldier.com/app/Models/UserOtpModel.php(25): CodeIgniter\BaseModel->save(Array)
#9 /home/thebedqv/admin.medisoldier.com/app/Controllers/Auth.php(77): App\Models\UserOtpModel->upsertOTP('918788826487', '432973', '2025-09-15 22:5...')
#10 /home/thebedqv/admin.medisoldier.com/system/CodeIgniter.php(936): App\Controllers\Auth->sendOTP()
#11 /home/thebedqv/admin.medisoldier.com/system/CodeIgniter.php(432): CodeIgniter\CodeIgniter->runController(Object(App\Controllers\Auth))
#12 /home/thebedqv/admin.medisoldier.com/system/CodeIgniter.php(333): CodeIgniter\CodeIgniter->handleRequest(NULL, Object(Config\Cache), false)
#13 /home/thebedqv/admin.medisoldier.com/index.php(63): CodeIgniter\CodeIgniter->run()
#14 {main}
ERROR - 2025-09-15 22:52:23 --> mysqli_sql_exception: Duplicate entry '918276048671' for key 'phone' in /home/thebedqv/admin.medisoldier.com/system/Database/MySQLi/Connection.php:314
Stack trace:
#0 /home/thebedqv/admin.medisoldier.com/system/Database/MySQLi/Connection.php(314): mysqli->query('INSERT INTO `us...')
#1 /home/thebedqv/admin.medisoldier.com/system/Database/BaseConnection.php(713): CodeIgniter\Database\MySQLi\Connection->execute('INSERT INTO `us...')
#2 /home/thebedqv/admin.medisoldier.com/system/Database/BaseConnection.php(641): CodeIgniter\Database\BaseConnection->simpleQuery('INSERT INTO `us...')
#3 /home/thebedqv/admin.medisoldier.com/system/Database/BaseBuilder.php(2263): CodeIgniter\Database\BaseConnection->query('INSERT INTO `us...', Array, false)
#4 /home/thebedqv/admin.medisoldier.com/system/Model.php(278): CodeIgniter\Database\BaseBuilder->insert()
#5 /home/thebedqv/admin.medisoldier.com/system/BaseModel.php(758): CodeIgniter\Model->doInsert(Array)
#6 /home/thebedqv/admin.medisoldier.com/system/Model.php(705): CodeIgniter\BaseModel->insert(Array, false)
#7 /home/thebedqv/admin.medisoldier.com/system/BaseModel.php(667): CodeIgniter\Model->insert(Array, false)
#8 /home/thebedqv/admin.medisoldier.com/app/Models/UserOtpModel.php(25): CodeIgniter\BaseModel->save(Array)
#9 /home/thebedqv/admin.medisoldier.com/app/Controllers/Auth.php(77): App\Models\UserOtpModel->upsertOTP('918276048671', '735047', '2025-09-15 22:5...')
#10 /home/thebedqv/admin.medisoldier.com/system/CodeIgniter.php(936): App\Controllers\Auth->sendOTP()
#11 /home/thebedqv/admin.medisoldier.com/system/CodeIgniter.php(432): CodeIgniter\CodeIgniter->runController(Object(App\Controllers\Auth))
#12 /home/thebedqv/admin.medisoldier.com/system/CodeIgniter.php(333): CodeIgniter\CodeIgniter->handleRequest(NULL, Object(Config\Cache), false)
#13 /home/thebedqv/admin.medisoldier.com/index.php(63): CodeIgniter\CodeIgniter->run()
#14 {main}
CRITICAL - 2025-09-15 22:52:23 --> Duplicate entry '918276048671' for key 'phone'
#0 /home/thebedqv/admin.medisoldier.com/system/Database/MySQLi/Connection.php(314): mysqli->query('INSERT INTO `us...')
#1 /home/thebedqv/admin.medisoldier.com/system/Database/BaseConnection.php(713): CodeIgniter\Database\MySQLi\Connection->execute('INSERT INTO `us...')
#2 /home/thebedqv/admin.medisoldier.com/system/Database/BaseConnection.php(641): CodeIgniter\Database\BaseConnection->simpleQuery('INSERT INTO `us...')
#3 /home/thebedqv/admin.medisoldier.com/system/Database/BaseBuilder.php(2263): CodeIgniter\Database\BaseConnection->query('INSERT INTO `us...', Array, false)
#4 /home/thebedqv/admin.medisoldier.com/system/Model.php(278): CodeIgniter\Database\BaseBuilder->insert()
#5 /home/thebedqv/admin.medisoldier.com/system/BaseModel.php(758): CodeIgniter\Model->doInsert(Array)
#6 /home/thebedqv/admin.medisoldier.com/system/Model.php(705): CodeIgniter\BaseModel->insert(Array, false)
#7 /home/thebedqv/admin.medisoldier.com/system/BaseModel.php(667): CodeIgniter\Model->insert(Array, false)
#8 /home/thebedqv/admin.medisoldier.com/app/Models/UserOtpModel.php(25): CodeIgniter\BaseModel->save(Array)
#9 /home/thebedqv/admin.medisoldier.com/app/Controllers/Auth.php(77): App\Models\UserOtpModel->upsertOTP('918276048671', '735047', '2025-09-15 22:5...')
#10 /home/thebedqv/admin.medisoldier.com/system/CodeIgniter.php(936): App\Controllers\Auth->sendOTP()
#11 /home/thebedqv/admin.medisoldier.com/system/CodeIgniter.php(432): CodeIgniter\CodeIgniter->runController(Object(App\Controllers\Auth))
#12 /home/thebedqv/admin.medisoldier.com/system/CodeIgniter.php(333): CodeIgniter\CodeIgniter->handleRequest(NULL, Object(Config\Cache), false)
#13 /home/thebedqv/admin.medisoldier.com/index.php(63): CodeIgniter\CodeIgniter->run()
#14 {main}
ERROR - 2025-09-15 22:56:19 --> mysqli_sql_exception: Duplicate entry '918276048671' for key 'phone' in /home/thebedqv/admin.medisoldier.com/system/Database/MySQLi/Connection.php:314
Stack trace:
#0 /home/thebedqv/admin.medisoldier.com/system/Database/MySQLi/Connection.php(314): mysqli->query('INSERT INTO `us...')
#1 /home/thebedqv/admin.medisoldier.com/system/Database/BaseConnection.php(713): CodeIgniter\Database\MySQLi\Connection->execute('INSERT INTO `us...')
#2 /home/thebedqv/admin.medisoldier.com/system/Database/BaseConnection.php(641): CodeIgniter\Database\BaseConnection->simpleQuery('INSERT INTO `us...')
#3 /home/thebedqv/admin.medisoldier.com/system/Database/BaseBuilder.php(2263): CodeIgniter\Database\BaseConnection->query('INSERT INTO `us...', Array, false)
#4 /home/thebedqv/admin.medisoldier.com/system/Model.php(278): CodeIgniter\Database\BaseBuilder->insert()
#5 /home/thebedqv/admin.medisoldier.com/system/BaseModel.php(758): CodeIgniter\Model->doInsert(Array)
#6 /home/thebedqv/admin.medisoldier.com/system/Model.php(705): CodeIgniter\BaseModel->insert(Array, false)
#7 /home/thebedqv/admin.medisoldier.com/system/BaseModel.php(667): CodeIgniter\Model->insert(Array, false)
#8 /home/thebedqv/admin.medisoldier.com/app/Models/UserOtpModel.php(25): CodeIgniter\BaseModel->save(Array)
#9 /home/thebedqv/admin.medisoldier.com/app/Controllers/Auth.php(77): App\Models\UserOtpModel->upsertOTP('918276048671', '926732', '2025-09-15 23:0...')
#10 /home/thebedqv/admin.medisoldier.com/system/CodeIgniter.php(936): App\Controllers\Auth->sendOTP()
#11 /home/thebedqv/admin.medisoldier.com/system/CodeIgniter.php(432): CodeIgniter\CodeIgniter->runController(Object(App\Controllers\Auth))
#12 /home/thebedqv/admin.medisoldier.com/system/CodeIgniter.php(333): CodeIgniter\CodeIgniter->handleRequest(NULL, Object(Config\Cache), false)
#13 /home/thebedqv/admin.medisoldier.com/index.php(63): CodeIgniter\CodeIgniter->run()
#14 {main}
CRITICAL - 2025-09-15 22:56:19 --> Duplicate entry '918276048671' for key 'phone'
#0 /home/thebedqv/admin.medisoldier.com/system/Database/MySQLi/Connection.php(314): mysqli->query('INSERT INTO `us...')
#1 /home/thebedqv/admin.medisoldier.com/system/Database/BaseConnection.php(713): CodeIgniter\Database\MySQLi\Connection->execute('INSERT INTO `us...')
#2 /home/thebedqv/admin.medisoldier.com/system/Database/BaseConnection.php(641): CodeIgniter\Database\BaseConnection->simpleQuery('INSERT INTO `us...')
#3 /home/thebedqv/admin.medisoldier.com/system/Database/BaseBuilder.php(2263): CodeIgniter\Database\BaseConnection->query('INSERT INTO `us...', Array, false)
#4 /home/thebedqv/admin.medisoldier.com/system/Model.php(278): CodeIgniter\Database\BaseBuilder->insert()
#5 /home/thebedqv/admin.medisoldier.com/system/BaseModel.php(758): CodeIgniter\Model->doInsert(Array)
#6 /home/thebedqv/admin.medisoldier.com/system/Model.php(705): CodeIgniter\BaseModel->insert(Array, false)
#7 /home/thebedqv/admin.medisoldier.com/system/BaseModel.php(667): CodeIgniter\Model->insert(Array, false)
#8 /home/thebedqv/admin.medisoldier.com/app/Models/UserOtpModel.php(25): CodeIgniter\BaseModel->save(Array)
#9 /home/thebedqv/admin.medisoldier.com/app/Controllers/Auth.php(77): App\Models\UserOtpModel->upsertOTP('918276048671', '926732', '2025-09-15 23:0...')
#10 /home/thebedqv/admin.medisoldier.com/system/CodeIgniter.php(936): App\Controllers\Auth->sendOTP()
#11 /home/thebedqv/admin.medisoldier.com/system/CodeIgniter.php(432): CodeIgniter\CodeIgniter->runController(Object(App\Controllers\Auth))
#12 /home/thebedqv/admin.medisoldier.com/system/CodeIgniter.php(333): CodeIgniter\CodeIgniter->handleRequest(NULL, Object(Config\Cache), false)
#13 /home/thebedqv/admin.medisoldier.com/index.php(63): CodeIgniter\CodeIgniter->run()
#14 {main}
ERROR - 2025-09-15 22:58:06 --> mysqli_sql_exception: Duplicate entry '918788826487' for key 'phone' in /home/thebedqv/admin.medisoldier.com/system/Database/MySQLi/Connection.php:314
Stack trace:
#0 /home/thebedqv/admin.medisoldier.com/system/Database/MySQLi/Connection.php(314): mysqli->query('INSERT INTO `us...')
#1 /home/thebedqv/admin.medisoldier.com/system/Database/BaseConnection.php(713): CodeIgniter\Database\MySQLi\Connection->execute('INSERT INTO `us...')
#2 /home/thebedqv/admin.medisoldier.com/system/Database/BaseConnection.php(641): CodeIgniter\Database\BaseConnection->simpleQuery('INSERT INTO `us...')
#3 /home/thebedqv/admin.medisoldier.com/system/Database/BaseBuilder.php(2263): CodeIgniter\Database\BaseConnection->query('INSERT INTO `us...', Array, false)
#4 /home/thebedqv/admin.medisoldier.com/system/Model.php(278): CodeIgniter\Database\BaseBuilder->insert()
#5 /home/thebedqv/admin.medisoldier.com/system/BaseModel.php(758): CodeIgniter\Model->doInsert(Array)
#6 /home/thebedqv/admin.medisoldier.com/system/Model.php(705): CodeIgniter\BaseModel->insert(Array, false)
#7 /home/thebedqv/admin.medisoldier.com/system/BaseModel.php(667): CodeIgniter\Model->insert(Array, false)
#8 /home/thebedqv/admin.medisoldier.com/app/Models/UserOtpModel.php(25): CodeIgniter\BaseModel->save(Array)
#9 /home/thebedqv/admin.medisoldier.com/app/Controllers/Auth.php(77): App\Models\UserOtpModel->upsertOTP('918788826487', '567138', '2025-09-15 23:0...')
#10 /home/thebedqv/admin.medisoldier.com/system/CodeIgniter.php(936): App\Controllers\Auth->sendOTP()
#11 /home/thebedqv/admin.medisoldier.com/system/CodeIgniter.php(432): CodeIgniter\CodeIgniter->runController(Object(App\Controllers\Auth))
#12 /home/thebedqv/admin.medisoldier.com/system/CodeIgniter.php(333): CodeIgniter\CodeIgniter->handleRequest(NULL, Object(Config\Cache), false)
#13 /home/thebedqv/admin.medisoldier.com/index.php(63): CodeIgniter\CodeIgniter->run()
#14 {main}
CRITICAL - 2025-09-15 22:58:06 --> Duplicate entry '918788826487' for key 'phone'
#0 /home/thebedqv/admin.medisoldier.com/system/Database/MySQLi/Connection.php(314): mysqli->query('INSERT INTO `us...')
#1 /home/thebedqv/admin.medisoldier.com/system/Database/BaseConnection.php(713): CodeIgniter\Database\MySQLi\Connection->execute('INSERT INTO `us...')
#2 /home/thebedqv/admin.medisoldier.com/system/Database/BaseConnection.php(641): CodeIgniter\Database\BaseConnection->simpleQuery('INSERT INTO `us...')
#3 /home/thebedqv/admin.medisoldier.com/system/Database/BaseBuilder.php(2263): CodeIgniter\Database\BaseConnection->query('INSERT INTO `us...', Array, false)
#4 /home/thebedqv/admin.medisoldier.com/system/Model.php(278): CodeIgniter\Database\BaseBuilder->insert()
#5 /home/thebedqv/admin.medisoldier.com/system/BaseModel.php(758): CodeIgniter\Model->doInsert(Array)
#6 /home/thebedqv/admin.medisoldier.com/system/Model.php(705): CodeIgniter\BaseModel->insert(Array, false)
#7 /home/thebedqv/admin.medisoldier.com/system/BaseModel.php(667): CodeIgniter\Model->insert(Array, false)
#8 /home/thebedqv/admin.medisoldier.com/app/Models/UserOtpModel.php(25): CodeIgniter\BaseModel->save(Array)
#9 /home/thebedqv/admin.medisoldier.com/app/Controllers/Auth.php(77): App\Models\UserOtpModel->upsertOTP('918788826487', '567138', '2025-09-15 23:0...')
#10 /home/thebedqv/admin.medisoldier.com/system/CodeIgniter.php(936): App\Controllers\Auth->sendOTP()
#11 /home/thebedqv/admin.medisoldier.com/system/CodeIgniter.php(432): CodeIgniter\CodeIgniter->runController(Object(App\Controllers\Auth))
#12 /home/thebedqv/admin.medisoldier.com/system/CodeIgniter.php(333): CodeIgniter\CodeIgniter->handleRequest(NULL, Object(Config\Cache), false)
#13 /home/thebedqv/admin.medisoldier.com/index.php(63): CodeIgniter\CodeIgniter->run()
#14 {main}
