CRITICAL - 2023-08-28 13:54:58 --> Undefined variable $data
#0 /home1/ddecou4l/public_html/main/app/Views/admin/layouts/header.php(66): CodeIgniter\Debug\Exceptions->errorHandler(2, 'Undefined varia...', '/home1/ddecou4l...', 66)
#1 /home1/ddecou4l/public_html/main/system/View/View.php(220): include('/home1/ddecou4l...')
#2 /home1/ddecou4l/public_html/main/system/View/View.php(222): CodeIgniter\View\View->CodeIgniter\View\{closure}()
#3 /home1/ddecou4l/public_html/main/system/Common.php(1217): CodeIgniter\View\View->render('admin/layouts/h...', Array, true)
#4 /home1/ddecou4l/public_html/main/app/Controllers/Admin.php(44): view('admin/layouts/h...')
#5 /home1/ddecou4l/public_html/main/system/CodeIgniter.php(936): App\Controllers\Admin->dashboard()
#6 /home1/ddecou4l/public_html/main/system/CodeIgniter.php(432): CodeIgniter\CodeIgniter->runController(Object(App\Controllers\Admin))
#7 /home1/ddecou4l/public_html/main/system/CodeIgniter.php(333): CodeIgniter\CodeIgniter->handleRequest(NULL, Object(Config\Cache), false)
#8 /home1/ddecou4l/public_html/main/index.php(44): CodeIgniter\CodeIgniter->run()
#9 {main}
CRITICAL - 2023-08-28 13:55:34 --> Constant FILTER_SANITIZE_STRING is deprecated
#0 /home1/ddecou4l/public_html/main/system/Router/RouteCollection.php(1359): CodeIgniter\Debug\Exceptions->errorHandler(8192, 'Constant FILTER...', '/home1/ddecou4l...', 1359)
#1 /home1/ddecou4l/public_html/main/system/Router/RouteCollection.php(608): CodeIgniter\Router\RouteCollection->create('*', 'BaseController(...', Object(Closure), NULL)
#2 /home1/ddecou4l/public_html/main/system/Config/Routes.php(25): CodeIgniter\Router\RouteCollection->add('BaseController(...', Object(Closure))
#3 /home1/ddecou4l/public_html/main/app/Config/Routes.php(12): require('/home1/ddecou4l...')
#4 /home1/ddecou4l/public_html/main/system/CodeIgniter.php(803): require('/home1/ddecou4l...')
#5 /home1/ddecou4l/public_html/main/system/CodeIgniter.php(385): CodeIgniter\CodeIgniter->tryToRouteIt(Object(CodeIgniter\Router\RouteCollection))
#6 /home1/ddecou4l/public_html/main/system/CodeIgniter.php(333): CodeIgniter\CodeIgniter->handleRequest(NULL, Object(Config\Cache), false)
#7 /home1/ddecou4l/public_html/main/index.php(44): CodeIgniter\CodeIgniter->run()
#8 {main}
CRITICAL - 2023-08-28 13:55:34 --> Uncaught ErrorException: Cannot modify header information - headers already sent by (output started at /home1/ddecou4l/public_html/main/system/HTTP/RequestTrait.php:338) in /home1/ddecou4l/public_html/main/system/Debug/Exceptions.php:137
Stack trace:
#0 [internal function]: CodeIgniter\Debug\Exceptions->errorHandler(2, 'Cannot modify h...', '/home1/ddecou4l...', 137)
#1 /home1/ddecou4l/public_html/main/system/Debug/Exceptions.php(137): header('HTTP/2.0 500 In...', true, 500)
#2 [internal function]: CodeIgniter\Debug\Exceptions->exceptionHandler(Object(ErrorException))
#3 {main}
  thrown
#0 [internal function]: CodeIgniter\Debug\Exceptions->shutdownHandler()
#1 {main}
CRITICAL - 2023-08-28 13:55:46 --> Constant FILTER_SANITIZE_STRING is deprecated
#0 /home1/ddecou4l/public_html/main/system/Router/RouteCollection.php(1359): CodeIgniter\Debug\Exceptions->errorHandler(8192, 'Constant FILTER...', '/home1/ddecou4l...', 1359)
#1 /home1/ddecou4l/public_html/main/system/Router/RouteCollection.php(608): CodeIgniter\Router\RouteCollection->create('*', 'BaseController(...', Object(Closure), NULL)
#2 /home1/ddecou4l/public_html/main/system/Config/Routes.php(25): CodeIgniter\Router\RouteCollection->add('BaseController(...', Object(Closure))
#3 /home1/ddecou4l/public_html/main/app/Config/Routes.php(12): require('/home1/ddecou4l...')
#4 /home1/ddecou4l/public_html/main/system/CodeIgniter.php(803): require('/home1/ddecou4l...')
#5 /home1/ddecou4l/public_html/main/system/CodeIgniter.php(385): CodeIgniter\CodeIgniter->tryToRouteIt(Object(CodeIgniter\Router\RouteCollection))
#6 /home1/ddecou4l/public_html/main/system/CodeIgniter.php(333): CodeIgniter\CodeIgniter->handleRequest(NULL, Object(Config\Cache), false)
#7 /home1/ddecou4l/public_html/main/index.php(44): CodeIgniter\CodeIgniter->run()
#8 {main}
CRITICAL - 2023-08-28 13:55:46 --> Uncaught ErrorException: Cannot modify header information - headers already sent by (output started at /home1/ddecou4l/public_html/main/system/HTTP/RequestTrait.php:338) in /home1/ddecou4l/public_html/main/system/Debug/Exceptions.php:137
Stack trace:
#0 [internal function]: CodeIgniter\Debug\Exceptions->errorHandler(2, 'Cannot modify h...', '/home1/ddecou4l...', 137)
#1 /home1/ddecou4l/public_html/main/system/Debug/Exceptions.php(137): header('HTTP/2.0 500 In...', true, 500)
#2 [internal function]: CodeIgniter\Debug\Exceptions->exceptionHandler(Object(ErrorException))
#3 {main}
  thrown
#0 [internal function]: CodeIgniter\Debug\Exceptions->shutdownHandler()
#1 {main}
CRITICAL - 2023-08-28 13:57:37 --> Undefined variable: data
#0 /home1/ddecou4l/public_html/main/app/Views/admin/layouts/header.php(66): CodeIgniter\Debug\Exceptions->errorHandler(8, 'Undefined varia...', '/home1/ddecou4l...', 66, Array)
#1 /home1/ddecou4l/public_html/main/system/View/View.php(220): include('/home1/ddecou4l...')
#2 /home1/ddecou4l/public_html/main/system/View/View.php(222): CodeIgniter\View\View->CodeIgniter\View\{closure}()
#3 /home1/ddecou4l/public_html/main/system/Common.php(1217): CodeIgniter\View\View->render('admin/layouts/h...', Array, true)
#4 /home1/ddecou4l/public_html/main/app/Controllers/Admin.php(44): view('admin/layouts/h...')
#5 /home1/ddecou4l/public_html/main/system/CodeIgniter.php(936): App\Controllers\Admin->dashboard()
#6 /home1/ddecou4l/public_html/main/system/CodeIgniter.php(432): CodeIgniter\CodeIgniter->runController(Object(App\Controllers\Admin))
#7 /home1/ddecou4l/public_html/main/system/CodeIgniter.php(333): CodeIgniter\CodeIgniter->handleRequest(NULL, Object(Config\Cache), false)
#8 /home1/ddecou4l/public_html/main/index.php(44): CodeIgniter\CodeIgniter->run()
#9 {main}
CRITICAL - 2023-08-28 14:49:39 --> Cannot redeclare App\Controllers\Admin::products()
#0 [internal function]: CodeIgniter\Debug\Exceptions->shutdownHandler()
#1 {main}
CRITICAL - 2023-08-28 14:51:13 --> Table 'ddecou4l_ddecor.sub_categories' doesn't exist
#0 /home1/ddecou4l/public_html/main/app/Libraries/GroceryCrudEnterprise/zendframework/zend-db/src/Adapter/Driver/Mysqli/Statement.php(255): mysqli_stmt->execute()
#1 /home1/ddecou4l/public_html/main/app/Libraries/GroceryCrudEnterprise/grocerycrud/enterprise/src/GroceryCrud/Core/Model.php(752): Zend\Db\Adapter\Driver\Mysqli\Statement->execute()
#2 /home1/ddecou4l/public_html/main/app/Libraries/GroceryCrudEnterprise/grocerycrud/enterprise/src/GroceryCrud/Core/Model.php(199): GroceryCrud\Core\Model->getFieldTypes('sub_categories')
#3 /home1/ddecou4l/public_html/main/app/Libraries/GroceryCrudEnterprise/grocerycrud/enterprise/src/GroceryCrud/Core/State/StateAbstract.php(963): GroceryCrud\Core\Model->getColumnNames()
#4 /home1/ddecou4l/public_html/main/app/Libraries/GroceryCrudEnterprise/grocerycrud/enterprise/src/GroceryCrud/Core/State/StateAbstract.php(1602): GroceryCrud\Core\State\StateAbstract->getColumnNames()
#5 /home1/ddecou4l/public_html/main/app/Libraries/GroceryCrudEnterprise/grocerycrud/enterprise/src/GroceryCrud/Core/State/InitialState.php(69): GroceryCrud\Core\State\StateAbstract->transformFieldsList(Array, Array)
#6 /home1/ddecou4l/public_html/main/app/Libraries/GroceryCrudEnterprise/grocerycrud/enterprise/src/GroceryCrud/Core/State/InitialState.php(29): GroceryCrud\Core\State\InitialState->showInitData()
#7 /home1/ddecou4l/public_html/main/app/Libraries/GroceryCrudEnterprise/grocerycrud/enterprise/src/GroceryCrud/Core/GroceryCrud.php(2585): GroceryCrud\Core\State\InitialState->render()
#8 /home1/ddecou4l/public_html/main/app/Controllers/Admin.php(158): GroceryCrud\Core\GroceryCrud->render()
#9 /home1/ddecou4l/public_html/main/system/CodeIgniter.php(936): App\Controllers\Admin->products()
#10 /home1/ddecou4l/public_html/main/system/CodeIgniter.php(432): CodeIgniter\CodeIgniter->runController(Object(App\Controllers\Admin))
#11 /home1/ddecou4l/public_html/main/system/CodeIgniter.php(333): CodeIgniter\CodeIgniter->handleRequest(NULL, Object(Config\Cache), false)
#12 /home1/ddecou4l/public_html/main/index.php(44): CodeIgniter\CodeIgniter->run()
#13 {main}
CRITICAL - 2023-08-28 14:52:07 --> Table 'ddecou4l_ddecor.sub_categories' doesn't exist
#0 /home1/ddecou4l/public_html/main/app/Libraries/GroceryCrudEnterprise/zendframework/zend-db/src/Adapter/Driver/Mysqli/Statement.php(255): mysqli_stmt->execute()
#1 /home1/ddecou4l/public_html/main/app/Libraries/GroceryCrudEnterprise/grocerycrud/enterprise/src/GroceryCrud/Core/Model.php(752): Zend\Db\Adapter\Driver\Mysqli\Statement->execute()
#2 /home1/ddecou4l/public_html/main/app/Libraries/GroceryCrudEnterprise/grocerycrud/enterprise/src/GroceryCrud/Core/Model.php(199): GroceryCrud\Core\Model->getFieldTypes('sub_categories')
#3 /home1/ddecou4l/public_html/main/app/Libraries/GroceryCrudEnterprise/grocerycrud/enterprise/src/GroceryCrud/Core/State/StateAbstract.php(963): GroceryCrud\Core\Model->getColumnNames()
#4 /home1/ddecou4l/public_html/main/app/Libraries/GroceryCrudEnterprise/grocerycrud/enterprise/src/GroceryCrud/Core/State/StateAbstract.php(1602): GroceryCrud\Core\State\StateAbstract->getColumnNames()
#5 /home1/ddecou4l/public_html/main/app/Libraries/GroceryCrudEnterprise/grocerycrud/enterprise/src/GroceryCrud/Core/State/InitialState.php(69): GroceryCrud\Core\State\StateAbstract->transformFieldsList(Array, Array)
#6 /home1/ddecou4l/public_html/main/app/Libraries/GroceryCrudEnterprise/grocerycrud/enterprise/src/GroceryCrud/Core/State/InitialState.php(29): GroceryCrud\Core\State\InitialState->showInitData()
#7 /home1/ddecou4l/public_html/main/app/Libraries/GroceryCrudEnterprise/grocerycrud/enterprise/src/GroceryCrud/Core/GroceryCrud.php(2585): GroceryCrud\Core\State\InitialState->render()
#8 /home1/ddecou4l/public_html/main/app/Controllers/Admin.php(158): GroceryCrud\Core\GroceryCrud->render()
#9 /home1/ddecou4l/public_html/main/system/CodeIgniter.php(936): App\Controllers\Admin->products()
#10 /home1/ddecou4l/public_html/main/system/CodeIgniter.php(432): CodeIgniter\CodeIgniter->runController(Object(App\Controllers\Admin))
#11 /home1/ddecou4l/public_html/main/system/CodeIgniter.php(333): CodeIgniter\CodeIgniter->handleRequest(NULL, Object(Config\Cache), false)
#12 /home1/ddecou4l/public_html/main/index.php(44): CodeIgniter\CodeIgniter->run()
#13 {main}
