ERROR - 2021-05-22 22:16:39 --> mysqli_sql_exception: Unknown column 'userid' in 'where clause' in /home/thebedqv/reikanindia.com/beta/system/Database/MySQLi/Connection.php:314
Stack trace:
#0 /home/thebedqv/reikanindia.com/beta/system/Database/MySQLi/Connection.php(314): mysqli->query('SELECT *\nFROM `...')
#1 /home/thebedqv/reikanindia.com/beta/system/Database/BaseConnection.php(713): CodeIgniter\Database\MySQLi\Connection->execute('SELECT *\nFROM `...')
#2 /home/thebedqv/reikanindia.com/beta/system/Database/BaseConnection.php(641): CodeIgniter\Database\BaseConnection->simpleQuery('SELECT *\nFROM `...')
#3 /home/thebedqv/reikanindia.com/beta/system/Database/BaseBuilder.php(1866): CodeIgniter\Database\BaseConnection->query('SELECT *\nFROM `...', Array, false)
#4 /home/thebedqv/reikanindia.com/beta/system/Model.php(213): CodeIgniter\Database\BaseBuilder->get()
#5 /home/thebedqv/reikanindia.com/beta/system/BaseModel.php(583): CodeIgniter\Model->doFindAll(0, 0)
#6 /home/thebedqv/reikanindia.com/beta/app/Controllers/Admin.php(21): CodeIgniter\BaseModel->findAll()
#7 /home/thebedqv/reikanindia.com/beta/system/CodeIgniter.php(936): App\Controllers\Admin->login_submit()
#8 /home/thebedqv/reikanindia.com/beta/system/CodeIgniter.php(432): CodeIgniter\CodeIgniter->runController(Object(App\Controllers\Admin))
#9 /home/thebedqv/reikanindia.com/beta/system/CodeIgniter.php(333): CodeIgniter\CodeIgniter->handleRequest(NULL, Object(Config\Cache), false)
#10 /home/thebedqv/reikanindia.com/beta/index.php(44): CodeIgniter\CodeIgniter->run()
#11 {main}
CRITICAL - 2021-05-22 22:16:39 --> Unknown column 'userid' in 'where clause'
#0 /home/thebedqv/reikanindia.com/beta/system/Database/MySQLi/Connection.php(314): mysqli->query('SELECT *\nFROM `...')
#1 /home/thebedqv/reikanindia.com/beta/system/Database/BaseConnection.php(713): CodeIgniter\Database\MySQLi\Connection->execute('SELECT *\nFROM `...')
#2 /home/thebedqv/reikanindia.com/beta/system/Database/BaseConnection.php(641): CodeIgniter\Database\BaseConnection->simpleQuery('SELECT *\nFROM `...')
#3 /home/thebedqv/reikanindia.com/beta/system/Database/BaseBuilder.php(1866): CodeIgniter\Database\BaseConnection->query('SELECT *\nFROM `...', Array, false)
#4 /home/thebedqv/reikanindia.com/beta/system/Model.php(213): CodeIgniter\Database\BaseBuilder->get()
#5 /home/thebedqv/reikanindia.com/beta/system/BaseModel.php(583): CodeIgniter\Model->doFindAll(0, 0)
#6 /home/thebedqv/reikanindia.com/beta/app/Controllers/Admin.php(21): CodeIgniter\BaseModel->findAll()
#7 /home/thebedqv/reikanindia.com/beta/system/CodeIgniter.php(936): App\Controllers\Admin->login_submit()
#8 /home/thebedqv/reikanindia.com/beta/system/CodeIgniter.php(432): CodeIgniter\CodeIgniter->runController(Object(App\Controllers\Admin))
#9 /home/thebedqv/reikanindia.com/beta/system/CodeIgniter.php(333): CodeIgniter\CodeIgniter->handleRequest(NULL, Object(Config\Cache), false)
#10 /home/thebedqv/reikanindia.com/beta/index.php(44): CodeIgniter\CodeIgniter->run()
#11 {main}
CRITICAL - 2021-05-22 22:17:22 --> Undefined property: App\Controllers\Admin::$session
#0 /home/thebedqv/reikanindia.com/beta/app/Controllers/Admin.php(23): CodeIgniter\Debug\Exceptions->errorHandler(8, 'Undefined prope...', '/home/thebedqv/...', 23, Array)
#1 /home/thebedqv/reikanindia.com/beta/system/CodeIgniter.php(936): App\Controllers\Admin->login_submit()
#2 /home/thebedqv/reikanindia.com/beta/system/CodeIgniter.php(432): CodeIgniter\CodeIgniter->runController(Object(App\Controllers\Admin))
#3 /home/thebedqv/reikanindia.com/beta/system/CodeIgniter.php(333): CodeIgniter\CodeIgniter->handleRequest(NULL, Object(Config\Cache), false)
#4 /home/thebedqv/reikanindia.com/beta/index.php(44): CodeIgniter\CodeIgniter->run()
#5 {main}
