CRITICAL - 2024-02-24 15:40:31 --> Call to undefined function float()
#0 /home/thebedqv/d-decor.in/system/View/View.php(220): include()
#1 /home/thebedqv/d-decor.in/system/View/View.php(222): CodeIgniter\View\View->CodeIgniter\View\{closure}()
#2 /home/thebedqv/d-decor.in/system/Common.php(1217): CodeIgniter\View\View->render('home/store_prod...', Array, true)
#3 /home/thebedqv/d-decor.in/app/Controllers/Home.php(277): view('home/store_prod...', Array)
#4 /home/thebedqv/d-decor.in/system/CodeIgniter.php(936): App\Controllers\Home->store_product('3', 'pet-and-anti-pr...')
#5 /home/thebedqv/d-decor.in/system/CodeIgniter.php(432): CodeIgniter\CodeIgniter->runController(Object(App\Controllers\Home))
#6 /home/thebedqv/d-decor.in/system/CodeIgniter.php(333): CodeIgniter\CodeIgniter->handleRequest(NULL, Object(Config\Cache), false)
#7 /home/thebedqv/d-decor.in/index.php(44): CodeIgniter\CodeIgniter->run()
#8 {main}
CRITICAL - 2024-02-24 15:42:23 --> Call to undefined function int()
#0 /home/thebedqv/d-decor.in/system/View/View.php(220): include()
#1 /home/thebedqv/d-decor.in/system/View/View.php(222): CodeIgniter\View\View->CodeIgniter\View\{closure}()
#2 /home/thebedqv/d-decor.in/system/Common.php(1217): CodeIgniter\View\View->render('home/store_prod...', Array, true)
#3 /home/thebedqv/d-decor.in/app/Controllers/Home.php(277): view('home/store_prod...', Array)
#4 /home/thebedqv/d-decor.in/system/CodeIgniter.php(936): App\Controllers\Home->store_product('3', 'pet-and-anti-pr...')
#5 /home/thebedqv/d-decor.in/system/CodeIgniter.php(432): CodeIgniter\CodeIgniter->runController(Object(App\Controllers\Home))
#6 /home/thebedqv/d-decor.in/system/CodeIgniter.php(333): CodeIgniter\CodeIgniter->handleRequest(NULL, Object(Config\Cache), false)
#7 /home/thebedqv/d-decor.in/index.php(44): CodeIgniter\CodeIgniter->run()
#8 {main}
CRITICAL - 2024-02-24 15:42:36 --> Call to undefined function int()
#0 /home/thebedqv/d-decor.in/system/View/View.php(220): include()
#1 /home/thebedqv/d-decor.in/system/View/View.php(222): CodeIgniter\View\View->CodeIgniter\View\{closure}()
#2 /home/thebedqv/d-decor.in/system/Common.php(1217): CodeIgniter\View\View->render('home/store_prod...', Array, true)
#3 /home/thebedqv/d-decor.in/app/Controllers/Home.php(277): view('home/store_prod...', Array)
#4 /home/thebedqv/d-decor.in/system/CodeIgniter.php(936): App\Controllers\Home->store_product('3', 'pet-and-anti-pr...')
#5 /home/thebedqv/d-decor.in/system/CodeIgniter.php(432): CodeIgniter\CodeIgniter->runController(Object(App\Controllers\Home))
#6 /home/thebedqv/d-decor.in/system/CodeIgniter.php(333): CodeIgniter\CodeIgniter->handleRequest(NULL, Object(Config\Cache), false)
#7 /home/thebedqv/d-decor.in/index.php(44): CodeIgniter\CodeIgniter->run()
#8 {main}
