CRITICAL - 2025-08-16 20:42:00 --> Too few arguments to function CodeIgniter\Router\RouteCollection::put(), 1 passed in /home/thebedqv/admin.medisoldier.com/app/Config/Routes.php on line 59 and at least 2 expected
#0 /home/thebedqv/admin.medisoldier.com/app/Config/Routes.php(59): CodeIgniter\Router\RouteCollection->put('/api/profile, A...')
#1 /home/thebedqv/admin.medisoldier.com/system/CodeIgniter.php(803): require('/home/thebedqv/...')
#2 /home/thebedqv/admin.medisoldier.com/system/CodeIgniter.php(385): CodeIgniter\CodeIgniter->tryToRouteIt(Object(CodeIgniter\Router\RouteCollection))
#3 /home/thebedqv/admin.medisoldier.com/system/CodeIgniter.php(333): CodeIgniter\CodeIgniter->handleRequest(NULL, Object(Config\Cache), false)
#4 /home/thebedqv/admin.medisoldier.com/index.php(44): CodeIgniter\CodeIgniter->run()
#5 {main}
CRITICAL - 2025-08-16 20:42:02 --> Too few arguments to function CodeIgniter\Router\RouteCollection::put(), 1 passed in /home/thebedqv/admin.medisoldier.com/app/Config/Routes.php on line 59 and at least 2 expected
#0 /home/thebedqv/admin.medisoldier.com/app/Config/Routes.php(59): CodeIgniter\Router\RouteCollection->put('/api/profile, A...')
#1 /home/thebedqv/admin.medisoldier.com/system/CodeIgniter.php(803): require('/home/thebedqv/...')
#2 /home/thebedqv/admin.medisoldier.com/system/CodeIgniter.php(385): CodeIgniter\CodeIgniter->tryToRouteIt(Object(CodeIgniter\Router\RouteCollection))
#3 /home/thebedqv/admin.medisoldier.com/system/CodeIgniter.php(333): CodeIgniter\CodeIgniter->handleRequest(NULL, Object(Config\Cache), false)
#4 /home/thebedqv/admin.medisoldier.com/index.php(44): CodeIgniter\CodeIgniter->run()
#5 {main}
CRITICAL - 2025-08-16 20:42:27 --> Too few arguments to function CodeIgniter\Router\RouteCollection::post(), 1 passed in /home/thebedqv/admin.medisoldier.com/app/Config/Routes.php on line 59 and at least 2 expected
#0 /home/thebedqv/admin.medisoldier.com/app/Config/Routes.php(59): CodeIgniter\Router\RouteCollection->post('/api/profile/up...')
#1 /home/thebedqv/admin.medisoldier.com/system/CodeIgniter.php(803): require('/home/thebedqv/...')
#2 /home/thebedqv/admin.medisoldier.com/system/CodeIgniter.php(385): CodeIgniter\CodeIgniter->tryToRouteIt(Object(CodeIgniter\Router\RouteCollection))
#3 /home/thebedqv/admin.medisoldier.com/system/CodeIgniter.php(333): CodeIgniter\CodeIgniter->handleRequest(NULL, Object(Config\Cache), false)
#4 /home/thebedqv/admin.medisoldier.com/index.php(44): CodeIgniter\CodeIgniter->run()
#5 {main}
CRITICAL - 2025-08-16 20:42:28 --> Too few arguments to function CodeIgniter\Router\RouteCollection::post(), 1 passed in /home/thebedqv/admin.medisoldier.com/app/Config/Routes.php on line 59 and at least 2 expected
#0 /home/thebedqv/admin.medisoldier.com/app/Config/Routes.php(59): CodeIgniter\Router\RouteCollection->post('/api/profile/up...')
#1 /home/thebedqv/admin.medisoldier.com/system/CodeIgniter.php(803): require('/home/thebedqv/...')
#2 /home/thebedqv/admin.medisoldier.com/system/CodeIgniter.php(385): CodeIgniter\CodeIgniter->tryToRouteIt(Object(CodeIgniter\Router\RouteCollection))
#3 /home/thebedqv/admin.medisoldier.com/system/CodeIgniter.php(333): CodeIgniter\CodeIgniter->handleRequest(NULL, Object(Config\Cache), false)
#4 /home/thebedqv/admin.medisoldier.com/index.php(44): CodeIgniter\CodeIgniter->run()
#5 {main}
CRITICAL - 2025-08-16 20:42:30 --> Too few arguments to function CodeIgniter\Router\RouteCollection::post(), 1 passed in /home/thebedqv/admin.medisoldier.com/app/Config/Routes.php on line 59 and at least 2 expected
#0 /home/thebedqv/admin.medisoldier.com/app/Config/Routes.php(59): CodeIgniter\Router\RouteCollection->post('/api/profile/up...')
#1 /home/thebedqv/admin.medisoldier.com/system/CodeIgniter.php(803): require('/home/thebedqv/...')
#2 /home/thebedqv/admin.medisoldier.com/system/CodeIgniter.php(385): CodeIgniter\CodeIgniter->tryToRouteIt(Object(CodeIgniter\Router\RouteCollection))
#3 /home/thebedqv/admin.medisoldier.com/system/CodeIgniter.php(333): CodeIgniter\CodeIgniter->handleRequest(NULL, Object(Config\Cache), false)
#4 /home/thebedqv/admin.medisoldier.com/index.php(44): CodeIgniter\CodeIgniter->run()
#5 {main}
CRITICAL - 2025-08-16 20:42:30 --> Too few arguments to function CodeIgniter\Router\RouteCollection::post(), 1 passed in /home/thebedqv/admin.medisoldier.com/app/Config/Routes.php on line 59 and at least 2 expected
#0 /home/thebedqv/admin.medisoldier.com/app/Config/Routes.php(59): CodeIgniter\Router\RouteCollection->post('/api/profile/up...')
#1 /home/thebedqv/admin.medisoldier.com/system/CodeIgniter.php(803): require('/home/thebedqv/...')
#2 /home/thebedqv/admin.medisoldier.com/system/CodeIgniter.php(385): CodeIgniter\CodeIgniter->tryToRouteIt(Object(CodeIgniter\Router\RouteCollection))
#3 /home/thebedqv/admin.medisoldier.com/system/CodeIgniter.php(333): CodeIgniter\CodeIgniter->handleRequest(NULL, Object(Config\Cache), false)
#4 /home/thebedqv/admin.medisoldier.com/index.php(44): CodeIgniter\CodeIgniter->run()
#5 {main}
