ERROR - 2025-08-04 20:07:48 --> mysqli_sql_exception: Duplicate entry '918276048671' for key 'phone' in /home/thebedqv/admin.medisoldier.com/system/Database/MySQLi/Connection.php:314
Stack trace:
#0 /home/thebedqv/admin.medisoldier.com/system/Database/MySQLi/Connection.php(314): mysqli->query('INSERT INTO `us...')
#1 /home/thebedqv/admin.medisoldier.com/system/Database/BaseConnection.php(713): CodeIgniter\Database\MySQLi\Connection->execute('INSERT INTO `us...')
#2 /home/thebedqv/admin.medisoldier.com/system/Database/BaseConnection.php(641): CodeIgniter\Database\BaseConnection->simpleQuery('INSERT INTO `us...')
#3 /home/thebedqv/admin.medisoldier.com/system/Database/BaseBuilder.php(2263): CodeIgniter\Database\BaseConnection->query('INSERT INTO `us...', Array, false)
#4 /home/thebedqv/admin.medisoldier.com/system/Model.php(278): CodeIgniter\Database\BaseBuilder->insert()
#5 /home/thebedqv/admin.medisoldier.com/system/BaseModel.php(758): CodeIgniter\Model->doInsert(Array)
#6 /home/thebedqv/admin.medisoldier.com/system/Model.php(705): CodeIgniter\BaseModel->insert(Array, false)
#7 /home/thebedqv/admin.medisoldier.com/system/BaseModel.php(667): CodeIgniter\Model->insert(Array, false)
#8 /home/thebedqv/admin.medisoldier.com/app/Models/UserOtpModel.php(25): CodeIgniter\BaseModel->save(Array)
#9 /home/thebedqv/admin.medisoldier.com/app/Controllers/Auth.php(77): App\Models\UserOtpModel->upsertOTP('918276048671', '123456', '2025-08-04 20:1...')
#10 /home/thebedqv/admin.medisoldier.com/system/CodeIgniter.php(936): App\Controllers\Auth->sendOTP()
#11 /home/thebedqv/admin.medisoldier.com/system/CodeIgniter.php(432): CodeIgniter\CodeIgniter->runController(Object(App\Controllers\Auth))
#12 /home/thebedqv/admin.medisoldier.com/system/CodeIgniter.php(333): CodeIgniter\CodeIgniter->handleRequest(NULL, Object(Config\Cache), false)
#13 /home/thebedqv/admin.medisoldier.com/index.php(44): CodeIgniter\CodeIgniter->run()
#14 {main}
CRITICAL - 2025-08-04 20:07:48 --> Duplicate entry '918276048671' for key 'phone'
#0 /home/thebedqv/admin.medisoldier.com/system/Database/MySQLi/Connection.php(314): mysqli->query('INSERT INTO `us...')
#1 /home/thebedqv/admin.medisoldier.com/system/Database/BaseConnection.php(713): CodeIgniter\Database\MySQLi\Connection->execute('INSERT INTO `us...')
#2 /home/thebedqv/admin.medisoldier.com/system/Database/BaseConnection.php(641): CodeIgniter\Database\BaseConnection->simpleQuery('INSERT INTO `us...')
#3 /home/thebedqv/admin.medisoldier.com/system/Database/BaseBuilder.php(2263): CodeIgniter\Database\BaseConnection->query('INSERT INTO `us...', Array, false)
#4 /home/thebedqv/admin.medisoldier.com/system/Model.php(278): CodeIgniter\Database\BaseBuilder->insert()
#5 /home/thebedqv/admin.medisoldier.com/system/BaseModel.php(758): CodeIgniter\Model->doInsert(Array)
#6 /home/thebedqv/admin.medisoldier.com/system/Model.php(705): CodeIgniter\BaseModel->insert(Array, false)
#7 /home/thebedqv/admin.medisoldier.com/system/BaseModel.php(667): CodeIgniter\Model->insert(Array, false)
#8 /home/thebedqv/admin.medisoldier.com/app/Models/UserOtpModel.php(25): CodeIgniter\BaseModel->save(Array)
#9 /home/thebedqv/admin.medisoldier.com/app/Controllers/Auth.php(77): App\Models\UserOtpModel->upsertOTP('918276048671', '123456', '2025-08-04 20:1...')
#10 /home/thebedqv/admin.medisoldier.com/system/CodeIgniter.php(936): App\Controllers\Auth->sendOTP()
#11 /home/thebedqv/admin.medisoldier.com/system/CodeIgniter.php(432): CodeIgniter\CodeIgniter->runController(Object(App\Controllers\Auth))
#12 /home/thebedqv/admin.medisoldier.com/system/CodeIgniter.php(333): CodeIgniter\CodeIgniter->handleRequest(NULL, Object(Config\Cache), false)
#13 /home/thebedqv/admin.medisoldier.com/index.php(44): CodeIgniter\CodeIgniter->run()
#14 {main}
ERROR - 2025-08-04 20:08:11 --> mysqli_sql_exception: Duplicate entry '918276048671' for key 'phone' in /home/thebedqv/admin.medisoldier.com/system/Database/MySQLi/Connection.php:314
Stack trace:
#0 /home/thebedqv/admin.medisoldier.com/system/Database/MySQLi/Connection.php(314): mysqli->query('INSERT INTO `us...')
#1 /home/thebedqv/admin.medisoldier.com/system/Database/BaseConnection.php(713): CodeIgniter\Database\MySQLi\Connection->execute('INSERT INTO `us...')
#2 /home/thebedqv/admin.medisoldier.com/system/Database/BaseConnection.php(641): CodeIgniter\Database\BaseConnection->simpleQuery('INSERT INTO `us...')
#3 /home/thebedqv/admin.medisoldier.com/system/Database/BaseBuilder.php(2263): CodeIgniter\Database\BaseConnection->query('INSERT INTO `us...', Array, false)
#4 /home/thebedqv/admin.medisoldier.com/system/Model.php(278): CodeIgniter\Database\BaseBuilder->insert()
#5 /home/thebedqv/admin.medisoldier.com/system/BaseModel.php(758): CodeIgniter\Model->doInsert(Array)
#6 /home/thebedqv/admin.medisoldier.com/system/Model.php(705): CodeIgniter\BaseModel->insert(Array, false)
#7 /home/thebedqv/admin.medisoldier.com/system/BaseModel.php(667): CodeIgniter\Model->insert(Array, false)
#8 /home/thebedqv/admin.medisoldier.com/app/Models/UserOtpModel.php(25): CodeIgniter\BaseModel->save(Array)
#9 /home/thebedqv/admin.medisoldier.com/app/Controllers/Auth.php(77): App\Models\UserOtpModel->upsertOTP('918276048671', '123456', '2025-08-04 20:1...')
#10 /home/thebedqv/admin.medisoldier.com/system/CodeIgniter.php(936): App\Controllers\Auth->sendOTP()
#11 /home/thebedqv/admin.medisoldier.com/system/CodeIgniter.php(432): CodeIgniter\CodeIgniter->runController(Object(App\Controllers\Auth))
#12 /home/thebedqv/admin.medisoldier.com/system/CodeIgniter.php(333): CodeIgniter\CodeIgniter->handleRequest(NULL, Object(Config\Cache), false)
#13 /home/thebedqv/admin.medisoldier.com/index.php(44): CodeIgniter\CodeIgniter->run()
#14 {main}
CRITICAL - 2025-08-04 20:08:11 --> Duplicate entry '918276048671' for key 'phone'
#0 /home/thebedqv/admin.medisoldier.com/system/Database/MySQLi/Connection.php(314): mysqli->query('INSERT INTO `us...')
#1 /home/thebedqv/admin.medisoldier.com/system/Database/BaseConnection.php(713): CodeIgniter\Database\MySQLi\Connection->execute('INSERT INTO `us...')
#2 /home/thebedqv/admin.medisoldier.com/system/Database/BaseConnection.php(641): CodeIgniter\Database\BaseConnection->simpleQuery('INSERT INTO `us...')
#3 /home/thebedqv/admin.medisoldier.com/system/Database/BaseBuilder.php(2263): CodeIgniter\Database\BaseConnection->query('INSERT INTO `us...', Array, false)
#4 /home/thebedqv/admin.medisoldier.com/system/Model.php(278): CodeIgniter\Database\BaseBuilder->insert()
#5 /home/thebedqv/admin.medisoldier.com/system/BaseModel.php(758): CodeIgniter\Model->doInsert(Array)
#6 /home/thebedqv/admin.medisoldier.com/system/Model.php(705): CodeIgniter\BaseModel->insert(Array, false)
#7 /home/thebedqv/admin.medisoldier.com/system/BaseModel.php(667): CodeIgniter\Model->insert(Array, false)
#8 /home/thebedqv/admin.medisoldier.com/app/Models/UserOtpModel.php(25): CodeIgniter\BaseModel->save(Array)
#9 /home/thebedqv/admin.medisoldier.com/app/Controllers/Auth.php(77): App\Models\UserOtpModel->upsertOTP('918276048671', '123456', '2025-08-04 20:1...')
#10 /home/thebedqv/admin.medisoldier.com/system/CodeIgniter.php(936): App\Controllers\Auth->sendOTP()
#11 /home/thebedqv/admin.medisoldier.com/system/CodeIgniter.php(432): CodeIgniter\CodeIgniter->runController(Object(App\Controllers\Auth))
#12 /home/thebedqv/admin.medisoldier.com/system/CodeIgniter.php(333): CodeIgniter\CodeIgniter->handleRequest(NULL, Object(Config\Cache), false)
#13 /home/thebedqv/admin.medisoldier.com/index.php(44): CodeIgniter\CodeIgniter->run()
#14 {main}
