CRITICAL - 2025-03-21 18:25:17 --> Undefined property: App\Controllers\ApiController::$razorpayKeyId
#0 /home/thebedqv/medisoldier.sodiarc.in/app/Controllers/ApiController.php(471): CodeIgniter\Debug\Exceptions->errorHandler(8, 'Undefined prope...', '/home/thebedqv/...', 471, Array)
#1 /home/thebedqv/medisoldier.sodiarc.in/app/Controllers/ApiController.php(404): App\Controllers\ApiController->createRazorpayPaymentLink('MS-2025-01-002', 500, 'Som Sankar Nask...', '8276048671', 'testuser@exampl...')
#2 /home/thebedqv/medisoldier.sodiarc.in/system/CodeIgniter.php(936): App\Controllers\ApiController->createPaymentLinkApi()
#3 /home/thebedqv/medisoldier.sodiarc.in/system/CodeIgniter.php(432): CodeIgniter\CodeIgniter->runController(Object(App\Controllers\ApiController))
#4 /home/thebedqv/medisoldier.sodiarc.in/system/CodeIgniter.php(333): CodeIgniter\CodeIgniter->handleRequest(NULL, Object(Config\Cache), false)
#5 /home/thebedqv/medisoldier.sodiarc.in/index.php(44): CodeIgniter\CodeIgniter->run()
#6 {main}
CRITICAL - 2025-03-21 18:25:17 --> Uncaught CodeIgniter\Format\Exceptions\FormatException: Failed to parse json string, error: "Type is not supported". in /home/thebedqv/medisoldier.sodiarc.in/system/Format/JSONFormatter.php:42
Stack trace:
#0 /home/thebedqv/medisoldier.sodiarc.in/system/Format/JSONFormatter.php(42): CodeIgniter\Format\Exceptions\FormatException::forInvalidJSON('Type is not sup...')
#1 /home/thebedqv/medisoldier.sodiarc.in/system/API/ResponseTrait.php(407): CodeIgniter\Format\JSONFormatter->format(Array)
#2 /home/thebedqv/medisoldier.sodiarc.in/system/API/ResponseTrait.php(114): CodeIgniter\Debug\Exceptions->format(Array)
#3 /home/thebedqv/medisoldier.sodiarc.in/system/Debug/Exceptions.php(141): CodeIgniter\Debug\Exceptions->respond(Array, 500)
#4 [internal function]: CodeIgniter\Debug\Exceptions->exceptionHandler(Object(ErrorException))
#5 {main}
  thrown
#0 [internal function]: CodeIgniter\Debug\Exceptions->shutdownHandler()
#1 {main}
CRITICAL - 2025-03-21 18:27:53 --> Undefined property: App\Controllers\ApiController::$razorpayKeyId
#0 /home/thebedqv/medisoldier.sodiarc.in/app/Controllers/ApiController.php(476): CodeIgniter\Debug\Exceptions->errorHandler(8, 'Undefined prope...', '/home/thebedqv/...', 476, Array)
#1 /home/thebedqv/medisoldier.sodiarc.in/app/Controllers/ApiController.php(403): App\Controllers\ApiController->createRazorpayPaymentLink('MS-2025-01-002', 500, 'Som Sankar Nask...', '8276048671', 'testuser@exampl...')
#2 /home/thebedqv/medisoldier.sodiarc.in/system/CodeIgniter.php(936): App\Controllers\ApiController->createPaymentLinkApi()
#3 /home/thebedqv/medisoldier.sodiarc.in/system/CodeIgniter.php(432): CodeIgniter\CodeIgniter->runController(Object(App\Controllers\ApiController))
#4 /home/thebedqv/medisoldier.sodiarc.in/system/CodeIgniter.php(333): CodeIgniter\CodeIgniter->handleRequest(NULL, Object(Config\Cache), false)
#5 /home/thebedqv/medisoldier.sodiarc.in/index.php(44): CodeIgniter\CodeIgniter->run()
#6 {main}
CRITICAL - 2025-03-21 18:27:53 --> Uncaught CodeIgniter\Format\Exceptions\FormatException: Failed to parse json string, error: "Type is not supported". in /home/thebedqv/medisoldier.sodiarc.in/system/Format/JSONFormatter.php:42
Stack trace:
#0 /home/thebedqv/medisoldier.sodiarc.in/system/Format/JSONFormatter.php(42): CodeIgniter\Format\Exceptions\FormatException::forInvalidJSON('Type is not sup...')
#1 /home/thebedqv/medisoldier.sodiarc.in/system/API/ResponseTrait.php(407): CodeIgniter\Format\JSONFormatter->format(Array)
#2 /home/thebedqv/medisoldier.sodiarc.in/system/API/ResponseTrait.php(114): CodeIgniter\Debug\Exceptions->format(Array)
#3 /home/thebedqv/medisoldier.sodiarc.in/system/Debug/Exceptions.php(141): CodeIgniter\Debug\Exceptions->respond(Array, 500)
#4 [internal function]: CodeIgniter\Debug\Exceptions->exceptionHandler(Object(ErrorException))
#5 {main}
  thrown
#0 [internal function]: CodeIgniter\Debug\Exceptions->shutdownHandler()
#1 {main}
CRITICAL - 2025-03-21 18:27:54 --> Undefined property: App\Controllers\ApiController::$razorpayKeyId
#0 /home/thebedqv/medisoldier.sodiarc.in/app/Controllers/ApiController.php(476): CodeIgniter\Debug\Exceptions->errorHandler(8, 'Undefined prope...', '/home/thebedqv/...', 476, Array)
#1 /home/thebedqv/medisoldier.sodiarc.in/app/Controllers/ApiController.php(403): App\Controllers\ApiController->createRazorpayPaymentLink('MS-2025-01-002', 500, 'Som Sankar Nask...', '8276048671', 'testuser@exampl...')
#2 /home/thebedqv/medisoldier.sodiarc.in/system/CodeIgniter.php(936): App\Controllers\ApiController->createPaymentLinkApi()
#3 /home/thebedqv/medisoldier.sodiarc.in/system/CodeIgniter.php(432): CodeIgniter\CodeIgniter->runController(Object(App\Controllers\ApiController))
#4 /home/thebedqv/medisoldier.sodiarc.in/system/CodeIgniter.php(333): CodeIgniter\CodeIgniter->handleRequest(NULL, Object(Config\Cache), false)
#5 /home/thebedqv/medisoldier.sodiarc.in/index.php(44): CodeIgniter\CodeIgniter->run()
#6 {main}
CRITICAL - 2025-03-21 18:27:54 --> Uncaught CodeIgniter\Format\Exceptions\FormatException: Failed to parse json string, error: "Type is not supported". in /home/thebedqv/medisoldier.sodiarc.in/system/Format/JSONFormatter.php:42
Stack trace:
#0 /home/thebedqv/medisoldier.sodiarc.in/system/Format/JSONFormatter.php(42): CodeIgniter\Format\Exceptions\FormatException::forInvalidJSON('Type is not sup...')
#1 /home/thebedqv/medisoldier.sodiarc.in/system/API/ResponseTrait.php(407): CodeIgniter\Format\JSONFormatter->format(Array)
#2 /home/thebedqv/medisoldier.sodiarc.in/system/API/ResponseTrait.php(114): CodeIgniter\Debug\Exceptions->format(Array)
#3 /home/thebedqv/medisoldier.sodiarc.in/system/Debug/Exceptions.php(141): CodeIgniter\Debug\Exceptions->respond(Array, 500)
#4 [internal function]: CodeIgniter\Debug\Exceptions->exceptionHandler(Object(ErrorException))
#5 {main}
  thrown
#0 [internal function]: CodeIgniter\Debug\Exceptions->shutdownHandler()
#1 {main}
CRITICAL - 2025-03-21 18:30:56 --> Undefined property: App\Controllers\ApiController::$razorpayKeyId
#0 /home/thebedqv/medisoldier.sodiarc.in/app/Controllers/ApiController.php(492): CodeIgniter\Debug\Exceptions->errorHandler(8, 'Undefined prope...', '/home/thebedqv/...', 492, Array)
#1 /home/thebedqv/medisoldier.sodiarc.in/app/Controllers/ApiController.php(409): App\Controllers\ApiController->createRazorpayPaymentLink('MS-2025-01-002', 500, 'Som Sankar Nask...', '8276048671', 'testuser@exampl...')
#2 /home/thebedqv/medisoldier.sodiarc.in/system/CodeIgniter.php(936): App\Controllers\ApiController->createPaymentLinkApi()
#3 /home/thebedqv/medisoldier.sodiarc.in/system/CodeIgniter.php(432): CodeIgniter\CodeIgniter->runController(Object(App\Controllers\ApiController))
#4 /home/thebedqv/medisoldier.sodiarc.in/system/CodeIgniter.php(333): CodeIgniter\CodeIgniter->handleRequest(NULL, Object(Config\Cache), false)
#5 /home/thebedqv/medisoldier.sodiarc.in/index.php(44): CodeIgniter\CodeIgniter->run()
#6 {main}
CRITICAL - 2025-03-21 18:30:56 --> Uncaught CodeIgniter\Format\Exceptions\FormatException: Failed to parse json string, error: "Type is not supported". in /home/thebedqv/medisoldier.sodiarc.in/system/Format/JSONFormatter.php:42
Stack trace:
#0 /home/thebedqv/medisoldier.sodiarc.in/system/Format/JSONFormatter.php(42): CodeIgniter\Format\Exceptions\FormatException::forInvalidJSON('Type is not sup...')
#1 /home/thebedqv/medisoldier.sodiarc.in/system/API/ResponseTrait.php(407): CodeIgniter\Format\JSONFormatter->format(Array)
#2 /home/thebedqv/medisoldier.sodiarc.in/system/API/ResponseTrait.php(114): CodeIgniter\Debug\Exceptions->format(Array)
#3 /home/thebedqv/medisoldier.sodiarc.in/system/Debug/Exceptions.php(141): CodeIgniter\Debug\Exceptions->respond(Array, 500)
#4 [internal function]: CodeIgniter\Debug\Exceptions->exceptionHandler(Object(ErrorException))
#5 {main}
  thrown
#0 [internal function]: CodeIgniter\Debug\Exceptions->shutdownHandler()
#1 {main}
CRITICAL - 2025-03-21 18:33:32 --> Undefined property: App\Controllers\ApiController::$razorpayKeyId
#0 /home/thebedqv/medisoldier.sodiarc.in/app/Controllers/ApiController.php(495): CodeIgniter\Debug\Exceptions->errorHandler(8, 'Undefined prope...', '/home/thebedqv/...', 495, Array)
#1 /home/thebedqv/medisoldier.sodiarc.in/app/Controllers/ApiController.php(409): App\Controllers\ApiController->createRazorpayPaymentLink('MS-2025-01-002', 500, 'Som Sankar Nask...', '8276048671', 'testuser@exampl...')
#2 /home/thebedqv/medisoldier.sodiarc.in/system/CodeIgniter.php(936): App\Controllers\ApiController->createPaymentLinkApi()
#3 /home/thebedqv/medisoldier.sodiarc.in/system/CodeIgniter.php(432): CodeIgniter\CodeIgniter->runController(Object(App\Controllers\ApiController))
#4 /home/thebedqv/medisoldier.sodiarc.in/system/CodeIgniter.php(333): CodeIgniter\CodeIgniter->handleRequest(NULL, Object(Config\Cache), false)
#5 /home/thebedqv/medisoldier.sodiarc.in/index.php(44): CodeIgniter\CodeIgniter->run()
#6 {main}
CRITICAL - 2025-03-21 18:33:32 --> Uncaught CodeIgniter\Format\Exceptions\FormatException: Failed to parse json string, error: "Type is not supported". in /home/thebedqv/medisoldier.sodiarc.in/system/Format/JSONFormatter.php:42
Stack trace:
#0 /home/thebedqv/medisoldier.sodiarc.in/system/Format/JSONFormatter.php(42): CodeIgniter\Format\Exceptions\FormatException::forInvalidJSON('Type is not sup...')
#1 /home/thebedqv/medisoldier.sodiarc.in/system/API/ResponseTrait.php(407): CodeIgniter\Format\JSONFormatter->format(Array)
#2 /home/thebedqv/medisoldier.sodiarc.in/system/API/ResponseTrait.php(114): CodeIgniter\Debug\Exceptions->format(Array)
#3 /home/thebedqv/medisoldier.sodiarc.in/system/Debug/Exceptions.php(141): CodeIgniter\Debug\Exceptions->respond(Array, 500)
#4 [internal function]: CodeIgniter\Debug\Exceptions->exceptionHandler(Object(ErrorException))
#5 {main}
  thrown
#0 [internal function]: CodeIgniter\Debug\Exceptions->shutdownHandler()
#1 {main}
CRITICAL - 2025-03-21 18:34:37 --> Undefined property: App\Controllers\ApiController::$razorpayKeyId
#0 /home/thebedqv/medisoldier.sodiarc.in/app/Controllers/ApiController.php(495): CodeIgniter\Debug\Exceptions->errorHandler(8, 'Undefined prope...', '/home/thebedqv/...', 495, Array)
#1 /home/thebedqv/medisoldier.sodiarc.in/app/Controllers/ApiController.php(409): App\Controllers\ApiController->createRazorpayPaymentLink('MS-2025-01-002', 500, 'Som Sankar Nask...', '8276048671', 'testuser@exampl...')
#2 /home/thebedqv/medisoldier.sodiarc.in/system/CodeIgniter.php(936): App\Controllers\ApiController->createPaymentLinkApi()
#3 /home/thebedqv/medisoldier.sodiarc.in/system/CodeIgniter.php(432): CodeIgniter\CodeIgniter->runController(Object(App\Controllers\ApiController))
#4 /home/thebedqv/medisoldier.sodiarc.in/system/CodeIgniter.php(333): CodeIgniter\CodeIgniter->handleRequest(NULL, Object(Config\Cache), false)
#5 /home/thebedqv/medisoldier.sodiarc.in/index.php(44): CodeIgniter\CodeIgniter->run()
#6 {main}
ERROR - 2025-03-21 18:35:00 --> Razorpay Link Creation Failed: {"error":{"code":"BAD_REQUEST_ERROR","description":"payment link with given reference_id: MS-2025-01-002 already exists. Please create a payment link with a different reference_id","metadata":[],"reason":null,"source":null,"step":null}}
ERROR - 2025-03-21 18:35:18 --> Razorpay Link Creation Failed: {"error":{"code":"BAD_REQUEST_ERROR","description":"payment link with given reference_id: MS-2025-01-002 already exists. Please create a payment link with a different reference_id","metadata":[],"reason":null,"source":null,"step":null}}
ERROR - 2025-03-21 18:35:30 --> Razorpay Link Creation Failed: {"error":{"code":"BAD_REQUEST_ERROR","description":"payment link with given reference_id: MS-2025-01-002 already exists. Please create a payment link with a different reference_id","metadata":[],"reason":null,"source":null,"step":null}}
ERROR - 2025-03-21 18:36:03 --> Razorpay Link Creation Failed: {"error":{"code":"BAD_REQUEST_ERROR","description":"payment link with given reference_id: MS-2025-01-002 already exists. Please create a payment link with a different reference_id","metadata":[],"reason":null,"source":null,"step":null}}
ERROR - 2025-03-21 18:37:06 --> Razorpay Link Creation Failed: {"error":{"code":"BAD_REQUEST_ERROR","description":"payment link with given reference_id: MS-2025-01-002 already exists. Please create a payment link with a different reference_id","metadata":[],"reason":null,"source":null,"step":null}}
ERROR - 2025-03-21 18:38:39 --> Razorpay Link Creation Failed: {"error":{"code":"BAD_REQUEST_ERROR","description":"payment link with given reference_id: MS-2025-01-002 already exists. Please create a payment link with a different reference_id","metadata":[],"reason":null,"source":null,"step":null}}
ERROR - 2025-03-21 18:40:02 --> Razorpay Link Creation Failed: {"error":{"code":"BAD_REQUEST_ERROR","description":"payment link with given reference_id: MS-2025-01-002 already exists. Please create a payment link with a different reference_id","metadata":[],"reason":null,"source":null,"step":null}}
ERROR - 2025-03-21 18:41:20 --> Razorpay Link Creation Failed: {"error":{"code":"BAD_REQUEST_ERROR","description":"payment link with given reference_id: MS-2025-01-002 already exists. Please create a payment link with a different reference_id","metadata":[],"reason":null,"source":null,"step":null}}
