CRITICAL - 2024-04-21 20:40:23 --> Duplicate entry '0' for key 'PRIMARY'
#0 /home/thebedqv/d-decor.in/app/Libraries/GroceryCrudEnterprise/zendframework/zend-db/src/Adapter/Driver/Mysqli/Statement.php(255): mysqli_stmt->execute()
#1 /home/thebedqv/d-decor.in/app/Libraries/GroceryCrudEnterprise/grocerycrud/enterprise/src/GroceryCrud/Core/Model.php(511): Zend\Db\Adapter\Driver\Mysqli\Statement->execute()
#2 /home/thebedqv/d-decor.in/app/Libraries/GroceryCrudEnterprise/grocerycrud/enterprise/src/GroceryCrud/Core/State/InsertState.php(84): GroceryCrud\Core\Model->insert(Array)
#3 /home/thebedqv/d-decor.in/app/Libraries/GroceryCrudEnterprise/grocerycrud/enterprise/src/GroceryCrud/Core/State/StateAbstract.php(942): GroceryCrud\Core\State\InsertState->GroceryCrud\Core\State\{closure}(Object(stdClass))
#4 /home/thebedqv/d-decor.in/app/Libraries/GroceryCrudEnterprise/grocerycrud/enterprise/src/GroceryCrud/Core/State/StateAbstract.php(359): GroceryCrud\Core\State\StateAbstract->stateOperation(NULL, Object(stdClass), Object(Closure))
#5 /home/thebedqv/d-decor.in/app/Libraries/GroceryCrudEnterprise/grocerycrud/enterprise/src/GroceryCrud/Core/State/InsertState.php(94): GroceryCrud\Core\State\StateAbstract->stateOperationWithCallbacks(Object(stdClass), 'Insert', Object(Closure))
#6 /home/thebedqv/d-decor.in/app/Libraries/GroceryCrudEnterprise/grocerycrud/enterprise/src/GroceryCrud/Core/GroceryCrud.php(2585): GroceryCrud\Core\State\InsertState->render()
#7 /home/thebedqv/d-decor.in/app/Controllers/Admin.php(448): GroceryCrud\Core\GroceryCrud->render()
#8 /home/thebedqv/d-decor.in/system/CodeIgniter.php(936): App\Controllers\Admin->store_product_images()
#9 /home/thebedqv/d-decor.in/system/CodeIgniter.php(432): CodeIgniter\CodeIgniter->runController(Object(App\Controllers\Admin))
#10 /home/thebedqv/d-decor.in/system/CodeIgniter.php(333): CodeIgniter\CodeIgniter->handleRequest(NULL, Object(Config\Cache), false)
#11 /home/thebedqv/d-decor.in/index.php(44): CodeIgniter\CodeIgniter->run()
#12 {main}
CRITICAL - 2024-04-21 20:40:45 --> Duplicate entry '0' for key 'PRIMARY'
#0 /home/thebedqv/d-decor.in/app/Libraries/GroceryCrudEnterprise/zendframework/zend-db/src/Adapter/Driver/Mysqli/Statement.php(255): mysqli_stmt->execute()
#1 /home/thebedqv/d-decor.in/app/Libraries/GroceryCrudEnterprise/grocerycrud/enterprise/src/GroceryCrud/Core/Model.php(511): Zend\Db\Adapter\Driver\Mysqli\Statement->execute()
#2 /home/thebedqv/d-decor.in/app/Libraries/GroceryCrudEnterprise/grocerycrud/enterprise/src/GroceryCrud/Core/State/InsertState.php(84): GroceryCrud\Core\Model->insert(Array)
#3 /home/thebedqv/d-decor.in/app/Libraries/GroceryCrudEnterprise/grocerycrud/enterprise/src/GroceryCrud/Core/State/StateAbstract.php(942): GroceryCrud\Core\State\InsertState->GroceryCrud\Core\State\{closure}(Object(stdClass))
#4 /home/thebedqv/d-decor.in/app/Libraries/GroceryCrudEnterprise/grocerycrud/enterprise/src/GroceryCrud/Core/State/StateAbstract.php(359): GroceryCrud\Core\State\StateAbstract->stateOperation(NULL, Object(stdClass), Object(Closure))
#5 /home/thebedqv/d-decor.in/app/Libraries/GroceryCrudEnterprise/grocerycrud/enterprise/src/GroceryCrud/Core/State/InsertState.php(94): GroceryCrud\Core\State\StateAbstract->stateOperationWithCallbacks(Object(stdClass), 'Insert', Object(Closure))
#6 /home/thebedqv/d-decor.in/app/Libraries/GroceryCrudEnterprise/grocerycrud/enterprise/src/GroceryCrud/Core/GroceryCrud.php(2585): GroceryCrud\Core\State\InsertState->render()
#7 /home/thebedqv/d-decor.in/app/Controllers/Admin.php(448): GroceryCrud\Core\GroceryCrud->render()
#8 /home/thebedqv/d-decor.in/system/CodeIgniter.php(936): App\Controllers\Admin->store_product_images()
#9 /home/thebedqv/d-decor.in/system/CodeIgniter.php(432): CodeIgniter\CodeIgniter->runController(Object(App\Controllers\Admin))
#10 /home/thebedqv/d-decor.in/system/CodeIgniter.php(333): CodeIgniter\CodeIgniter->handleRequest(NULL, Object(Config\Cache), false)
#11 /home/thebedqv/d-decor.in/index.php(44): CodeIgniter\CodeIgniter->run()
#12 {main}
CRITICAL - 2024-04-21 20:43:23 --> Duplicate entry '0' for key 'PRIMARY'
#0 /home/thebedqv/d-decor.in/app/Libraries/GroceryCrudEnterprise/zendframework/zend-db/src/Adapter/Driver/Mysqli/Statement.php(255): mysqli_stmt->execute()
#1 /home/thebedqv/d-decor.in/app/Libraries/GroceryCrudEnterprise/grocerycrud/enterprise/src/GroceryCrud/Core/Model.php(511): Zend\Db\Adapter\Driver\Mysqli\Statement->execute()
#2 /home/thebedqv/d-decor.in/app/Libraries/GroceryCrudEnterprise/grocerycrud/enterprise/src/GroceryCrud/Core/State/InsertState.php(84): GroceryCrud\Core\Model->insert(Array)
#3 /home/thebedqv/d-decor.in/app/Libraries/GroceryCrudEnterprise/grocerycrud/enterprise/src/GroceryCrud/Core/State/StateAbstract.php(942): GroceryCrud\Core\State\InsertState->GroceryCrud\Core\State\{closure}(Object(stdClass))
#4 /home/thebedqv/d-decor.in/app/Libraries/GroceryCrudEnterprise/grocerycrud/enterprise/src/GroceryCrud/Core/State/StateAbstract.php(359): GroceryCrud\Core\State\StateAbstract->stateOperation(NULL, Object(stdClass), Object(Closure))
#5 /home/thebedqv/d-decor.in/app/Libraries/GroceryCrudEnterprise/grocerycrud/enterprise/src/GroceryCrud/Core/State/InsertState.php(94): GroceryCrud\Core\State\StateAbstract->stateOperationWithCallbacks(Object(stdClass), 'Insert', Object(Closure))
#6 /home/thebedqv/d-decor.in/app/Libraries/GroceryCrudEnterprise/grocerycrud/enterprise/src/GroceryCrud/Core/GroceryCrud.php(2585): GroceryCrud\Core\State\InsertState->render()
#7 /home/thebedqv/d-decor.in/app/Controllers/Admin.php(448): GroceryCrud\Core\GroceryCrud->render()
#8 /home/thebedqv/d-decor.in/system/CodeIgniter.php(936): App\Controllers\Admin->store_product_images()
#9 /home/thebedqv/d-decor.in/system/CodeIgniter.php(432): CodeIgniter\CodeIgniter->runController(Object(App\Controllers\Admin))
#10 /home/thebedqv/d-decor.in/system/CodeIgniter.php(333): CodeIgniter\CodeIgniter->handleRequest(NULL, Object(Config\Cache), false)
#11 /home/thebedqv/d-decor.in/index.php(44): CodeIgniter\CodeIgniter->run()
#12 {main}
CRITICAL - 2024-04-21 20:45:56 --> Division by zero
#0 /home/thebedqv/d-decor.in/app/Views/home/store_product.php(80): CodeIgniter\Debug\Exceptions->errorHandler(2, 'Division by zer...', '/home/thebedqv/...', 80, Array)
#1 /home/thebedqv/d-decor.in/system/View/View.php(220): include('/home/thebedqv/...')
#2 /home/thebedqv/d-decor.in/system/View/View.php(222): CodeIgniter\View\View->CodeIgniter\View\{closure}()
#3 /home/thebedqv/d-decor.in/system/Common.php(1217): CodeIgniter\View\View->render('home/store_prod...', Array, true)
#4 /home/thebedqv/d-decor.in/app/Controllers/Home.php(277): view('home/store_prod...', Array)
#5 /home/thebedqv/d-decor.in/system/CodeIgniter.php(936): App\Controllers\Home->store_product('0', 'pillow-1')
#6 /home/thebedqv/d-decor.in/system/CodeIgniter.php(432): CodeIgniter\CodeIgniter->runController(Object(App\Controllers\Home))
#7 /home/thebedqv/d-decor.in/system/CodeIgniter.php(333): CodeIgniter\CodeIgniter->handleRequest(NULL, Object(Config\Cache), false)
#8 /home/thebedqv/d-decor.in/index.php(44): CodeIgniter\CodeIgniter->run()
#9 {main}
CRITICAL - 2024-04-21 20:46:01 --> Division by zero
#0 /home/thebedqv/d-decor.in/app/Views/home/store_product.php(80): CodeIgniter\Debug\Exceptions->errorHandler(2, 'Division by zer...', '/home/thebedqv/...', 80, Array)
#1 /home/thebedqv/d-decor.in/system/View/View.php(220): include('/home/thebedqv/...')
#2 /home/thebedqv/d-decor.in/system/View/View.php(222): CodeIgniter\View\View->CodeIgniter\View\{closure}()
#3 /home/thebedqv/d-decor.in/system/Common.php(1217): CodeIgniter\View\View->render('home/store_prod...', Array, true)
#4 /home/thebedqv/d-decor.in/app/Controllers/Home.php(277): view('home/store_prod...', Array)
#5 /home/thebedqv/d-decor.in/system/CodeIgniter.php(936): App\Controllers\Home->store_product('5', 'pillow-1')
#6 /home/thebedqv/d-decor.in/system/CodeIgniter.php(432): CodeIgniter\CodeIgniter->runController(Object(App\Controllers\Home))
#7 /home/thebedqv/d-decor.in/system/CodeIgniter.php(333): CodeIgniter\CodeIgniter->handleRequest(NULL, Object(Config\Cache), false)
#8 /home/thebedqv/d-decor.in/index.php(44): CodeIgniter\CodeIgniter->run()
#9 {main}
