CRITICAL - 2025-01-09 12:48:11 --> Access level to App\Controllers\Admin::_getGroceryCrudEnterprise() must be public (as in class App\Controllers\BaseController)
#0 [internal function]: CodeIgniter\Debug\Exceptions->shutdownHandler()
#1 {main}
CRITICAL - 2025-01-09 12:48:14 --> Access level to App\Controllers\Admin::_getGroceryCrudEnterprise() must be public (as in class App\Controllers\BaseController)
#0 [internal function]: CodeIgniter\Debug\Exceptions->shutdownHandler()
#1 {main}
CRITICAL - 2025-01-09 12:48:44 --> Access level to App\Controllers\Admin::_getGroceryCrudEnterprise() must be public (as in class App\Controllers\BaseController)
#0 [internal function]: CodeIgniter\Debug\Exceptions->shutdownHandler()
#1 {main}
CRITICAL - 2025-01-09 14:02:36 --> Undefined variable: totalTime
#0 /home/thebedqv/medisoldier.sodiarc.in/system/Debug/Toolbar/Views/toolbar.tpl.php(41): CodeIgniter\Debug\Exceptions->errorHandler(8, 'Undefined varia...', '/home/thebedqv/...', 41, Array)
#1 /home/thebedqv/medisoldier.sodiarc.in/system/Debug/Toolbar.php(456): include('/home/thebedqv/...')
#2 /home/thebedqv/medisoldier.sodiarc.in/system/Debug/Toolbar.php(413): CodeIgniter\Debug\Toolbar->format(Array, 'html')
#3 /home/thebedqv/medisoldier.sodiarc.in/app/Config/Events.php(52): CodeIgniter\Debug\Toolbar->respond()
#4 [internal function]: CodeIgniter\Events\Events::Config\{closure}()
#5 /home/thebedqv/medisoldier.sodiarc.in/system/Events/Events.php(166): call_user_func(Object(Closure))
#6 /home/thebedqv/medisoldier.sodiarc.in/system/CodeIgniter.php(314): CodeIgniter\Events\Events::trigger('pre_system')
#7 /home/thebedqv/medisoldier.sodiarc.in/index.php(44): CodeIgniter\CodeIgniter->run()
#8 {main}
CRITICAL - 2025-01-09 16:03:09 --> Undefined property: App\Controllers\Admin::$orderModel
#0 /home/thebedqv/medisoldier.sodiarc.in/app/Controllers/Admin.php(463): CodeIgniter\Debug\Exceptions->errorHandler(8, 'Undefined prope...', '/home/thebedqv/...', 463, Array)
#1 /home/thebedqv/medisoldier.sodiarc.in/system/CodeIgniter.php(936): App\Controllers\Admin->listPendingReviewOrders()
#2 /home/thebedqv/medisoldier.sodiarc.in/system/CodeIgniter.php(432): CodeIgniter\CodeIgniter->runController(Object(App\Controllers\Admin))
#3 /home/thebedqv/medisoldier.sodiarc.in/system/CodeIgniter.php(333): CodeIgniter\CodeIgniter->handleRequest(NULL, Object(Config\Cache), false)
#4 /home/thebedqv/medisoldier.sodiarc.in/index.php(44): CodeIgniter\CodeIgniter->run()
#5 {main}
CRITICAL - 2025-01-09 16:04:21 --> Class 'App\Controllers\OrderModel' not found
#0 /home/thebedqv/medisoldier.sodiarc.in/system/CodeIgniter.php(908): App\Controllers\Admin->__construct()
#1 /home/thebedqv/medisoldier.sodiarc.in/system/CodeIgniter.php(422): CodeIgniter\CodeIgniter->createController()
#2 /home/thebedqv/medisoldier.sodiarc.in/system/CodeIgniter.php(333): CodeIgniter\CodeIgniter->handleRequest(NULL, Object(Config\Cache), false)
#3 /home/thebedqv/medisoldier.sodiarc.in/index.php(44): CodeIgniter\CodeIgniter->run()
#4 {main}
CRITICAL - 2025-01-09 16:04:54 --> Undefined variable: breadcrumbs
#0 /home/thebedqv/medisoldier.sodiarc.in/app/Views/admin/list_pending_orders.php(6): CodeIgniter\Debug\Exceptions->errorHandler(8, 'Undefined varia...', '/home/thebedqv/...', 6, Array)
#1 /home/thebedqv/medisoldier.sodiarc.in/system/View/View.php(220): include('/home/thebedqv/...')
#2 /home/thebedqv/medisoldier.sodiarc.in/system/View/View.php(222): CodeIgniter\View\View->CodeIgniter\View\{closure}()
#3 /home/thebedqv/medisoldier.sodiarc.in/system/Common.php(1217): CodeIgniter\View\View->render('admin/list_pend...', Array, true)
#4 /home/thebedqv/medisoldier.sodiarc.in/app/Controllers/Admin.php(467): view('admin/list_pend...', Array)
#5 /home/thebedqv/medisoldier.sodiarc.in/system/CodeIgniter.php(936): App\Controllers\Admin->listPendingReviewOrders()
#6 /home/thebedqv/medisoldier.sodiarc.in/system/CodeIgniter.php(432): CodeIgniter\CodeIgniter->runController(Object(App\Controllers\Admin))
#7 /home/thebedqv/medisoldier.sodiarc.in/system/CodeIgniter.php(333): CodeIgniter\CodeIgniter->handleRequest(NULL, Object(Config\Cache), false)
#8 /home/thebedqv/medisoldier.sodiarc.in/index.php(44): CodeIgniter\CodeIgniter->run()
#9 {main}
CRITICAL - 2025-01-09 16:06:55 --> Undefined property: App\Controllers\Admin::$data
#0 /home/thebedqv/medisoldier.sodiarc.in/app/Controllers/Admin.php(466): CodeIgniter\Debug\Exceptions->errorHandler(8, 'Undefined prope...', '/home/thebedqv/...', 466, Array)
#1 /home/thebedqv/medisoldier.sodiarc.in/system/CodeIgniter.php(936): App\Controllers\Admin->listPendingReviewOrders()
#2 /home/thebedqv/medisoldier.sodiarc.in/system/CodeIgniter.php(432): CodeIgniter\CodeIgniter->runController(Object(App\Controllers\Admin))
#3 /home/thebedqv/medisoldier.sodiarc.in/system/CodeIgniter.php(333): CodeIgniter\CodeIgniter->handleRequest(NULL, Object(Config\Cache), false)
#4 /home/thebedqv/medisoldier.sodiarc.in/index.php(44): CodeIgniter\CodeIgniter->run()
#5 {main}
CRITICAL - 2025-01-09 16:07:39 --> Undefined variable: data
#0 /home/thebedqv/medisoldier.sodiarc.in/app/Views/admin/layouts/header.php(77): CodeIgniter\Debug\Exceptions->errorHandler(8, 'Undefined varia...', '/home/thebedqv/...', 77, Array)
#1 /home/thebedqv/medisoldier.sodiarc.in/system/View/View.php(220): include('/home/thebedqv/...')
#2 /home/thebedqv/medisoldier.sodiarc.in/system/View/View.php(222): CodeIgniter\View\View->CodeIgniter\View\{closure}()
#3 /home/thebedqv/medisoldier.sodiarc.in/system/Common.php(1217): CodeIgniter\View\View->render('admin/layouts/h...', Array, true)
#4 /home/thebedqv/medisoldier.sodiarc.in/app/Controllers/Admin.php(466): view('admin/layouts/h...')
#5 /home/thebedqv/medisoldier.sodiarc.in/system/CodeIgniter.php(936): App\Controllers\Admin->listPendingReviewOrders()
#6 /home/thebedqv/medisoldier.sodiarc.in/system/CodeIgniter.php(432): CodeIgniter\CodeIgniter->runController(Object(App\Controllers\Admin))
#7 /home/thebedqv/medisoldier.sodiarc.in/system/CodeIgniter.php(333): CodeIgniter\CodeIgniter->handleRequest(NULL, Object(Config\Cache), false)
#8 /home/thebedqv/medisoldier.sodiarc.in/index.php(44): CodeIgniter\CodeIgniter->run()
#9 {main}
CRITICAL - 2025-01-09 16:10:33 --> Undefined property: App\Controllers\Admin::$orderDetailsModel
#0 /home/thebedqv/medisoldier.sodiarc.in/app/Controllers/Admin.php(484): CodeIgniter\Debug\Exceptions->errorHandler(8, 'Undefined prope...', '/home/thebedqv/...', 484, Array)
#1 /home/thebedqv/medisoldier.sodiarc.in/system/CodeIgniter.php(936): App\Controllers\Admin->editOrderDetails('O69505')
#2 /home/thebedqv/medisoldier.sodiarc.in/system/CodeIgniter.php(432): CodeIgniter\CodeIgniter->runController(Object(App\Controllers\Admin))
#3 /home/thebedqv/medisoldier.sodiarc.in/system/CodeIgniter.php(333): CodeIgniter\CodeIgniter->handleRequest(NULL, Object(Config\Cache), false)
#4 /home/thebedqv/medisoldier.sodiarc.in/index.php(44): CodeIgniter\CodeIgniter->run()
#5 {main}
CRITICAL - 2025-01-09 16:11:09 --> Call to a member function where() on null
#0 /home/thebedqv/medisoldier.sodiarc.in/system/CodeIgniter.php(936): App\Controllers\Admin->editOrderDetails('O69505')
#1 /home/thebedqv/medisoldier.sodiarc.in/system/CodeIgniter.php(432): CodeIgniter\CodeIgniter->runController(Object(App\Controllers\Admin))
#2 /home/thebedqv/medisoldier.sodiarc.in/system/CodeIgniter.php(333): CodeIgniter\CodeIgniter->handleRequest(NULL, Object(Config\Cache), false)
#3 /home/thebedqv/medisoldier.sodiarc.in/index.php(44): CodeIgniter\CodeIgniter->run()
#4 {main}
CRITICAL - 2025-01-09 16:11:17 --> Call to a member function where() on null
#0 /home/thebedqv/medisoldier.sodiarc.in/system/CodeIgniter.php(936): App\Controllers\Admin->editOrderDetails('O69505')
#1 /home/thebedqv/medisoldier.sodiarc.in/system/CodeIgniter.php(432): CodeIgniter\CodeIgniter->runController(Object(App\Controllers\Admin))
#2 /home/thebedqv/medisoldier.sodiarc.in/system/CodeIgniter.php(333): CodeIgniter\CodeIgniter->handleRequest(NULL, Object(Config\Cache), false)
#3 /home/thebedqv/medisoldier.sodiarc.in/index.php(44): CodeIgniter\CodeIgniter->run()
#4 {main}
CRITICAL - 2025-01-09 16:12:46 --> Undefined property: App\Controllers\Admin::$medicinesMasterModel
#0 /home/thebedqv/medisoldier.sodiarc.in/app/Controllers/Admin.php(488): CodeIgniter\Debug\Exceptions->errorHandler(8, 'Undefined prope...', '/home/thebedqv/...', 488, Array)
#1 /home/thebedqv/medisoldier.sodiarc.in/system/CodeIgniter.php(936): App\Controllers\Admin->editOrderDetails('O69505')
#2 /home/thebedqv/medisoldier.sodiarc.in/system/CodeIgniter.php(432): CodeIgniter\CodeIgniter->runController(Object(App\Controllers\Admin))
#3 /home/thebedqv/medisoldier.sodiarc.in/system/CodeIgniter.php(333): CodeIgniter\CodeIgniter->handleRequest(NULL, Object(Config\Cache), false)
#4 /home/thebedqv/medisoldier.sodiarc.in/index.php(44): CodeIgniter\CodeIgniter->run()
#5 {main}
CRITICAL - 2025-01-09 16:13:54 --> Undefined property: App\Controllers\Admin::$medicinesMasterModel
#0 /home/thebedqv/medisoldier.sodiarc.in/app/Controllers/Admin.php(488): CodeIgniter\Debug\Exceptions->errorHandler(8, 'Undefined prope...', '/home/thebedqv/...', 488, Array)
#1 /home/thebedqv/medisoldier.sodiarc.in/system/CodeIgniter.php(936): App\Controllers\Admin->editOrderDetails('O69505')
#2 /home/thebedqv/medisoldier.sodiarc.in/system/CodeIgniter.php(432): CodeIgniter\CodeIgniter->runController(Object(App\Controllers\Admin))
#3 /home/thebedqv/medisoldier.sodiarc.in/system/CodeIgniter.php(333): CodeIgniter\CodeIgniter->handleRequest(NULL, Object(Config\Cache), false)
#4 /home/thebedqv/medisoldier.sodiarc.in/index.php(44): CodeIgniter\CodeIgniter->run()
#5 {main}
CRITICAL - 2025-01-09 16:14:00 --> Undefined property: App\Controllers\Admin::$medicinesMasterModel
#0 /home/thebedqv/medisoldier.sodiarc.in/app/Controllers/Admin.php(488): CodeIgniter\Debug\Exceptions->errorHandler(8, 'Undefined prope...', '/home/thebedqv/...', 488, Array)
#1 /home/thebedqv/medisoldier.sodiarc.in/system/CodeIgniter.php(936): App\Controllers\Admin->editOrderDetails('O69505')
#2 /home/thebedqv/medisoldier.sodiarc.in/system/CodeIgniter.php(432): CodeIgniter\CodeIgniter->runController(Object(App\Controllers\Admin))
#3 /home/thebedqv/medisoldier.sodiarc.in/system/CodeIgniter.php(333): CodeIgniter\CodeIgniter->handleRequest(NULL, Object(Config\Cache), false)
#4 /home/thebedqv/medisoldier.sodiarc.in/index.php(44): CodeIgniter\CodeIgniter->run()
#5 {main}
CRITICAL - 2025-01-09 16:14:20 --> Undefined property: App\Controllers\Admin::$data
#0 /home/thebedqv/medisoldier.sodiarc.in/app/Controllers/Admin.php(492): CodeIgniter\Debug\Exceptions->errorHandler(8, 'Undefined prope...', '/home/thebedqv/...', 492, Array)
#1 /home/thebedqv/medisoldier.sodiarc.in/system/CodeIgniter.php(936): App\Controllers\Admin->editOrderDetails('O69505')
#2 /home/thebedqv/medisoldier.sodiarc.in/system/CodeIgniter.php(432): CodeIgniter\CodeIgniter->runController(Object(App\Controllers\Admin))
#3 /home/thebedqv/medisoldier.sodiarc.in/system/CodeIgniter.php(333): CodeIgniter\CodeIgniter->handleRequest(NULL, Object(Config\Cache), false)
#4 /home/thebedqv/medisoldier.sodiarc.in/index.php(44): CodeIgniter\CodeIgniter->run()
#5 {main}
CRITICAL - 2025-01-09 16:32:03 --> Undefined index: user_phone
#0 /home/thebedqv/medisoldier.sodiarc.in/app/Controllers/Admin.php(559): CodeIgniter\Debug\Exceptions->errorHandler(8, 'Undefined index...', '/home/thebedqv/...', 559, Array)
#1 /home/thebedqv/medisoldier.sodiarc.in/system/CodeIgniter.php(936): App\Controllers\Admin->updateOrderDetails()
#2 /home/thebedqv/medisoldier.sodiarc.in/system/CodeIgniter.php(432): CodeIgniter\CodeIgniter->runController(Object(App\Controllers\Admin))
#3 /home/thebedqv/medisoldier.sodiarc.in/system/CodeIgniter.php(333): CodeIgniter\CodeIgniter->handleRequest(NULL, Object(Config\Cache), false)
#4 /home/thebedqv/medisoldier.sodiarc.in/index.php(44): CodeIgniter\CodeIgniter->run()
#5 {main}
CRITICAL - 2025-01-09 16:59:29 --> Undefined property: App\Controllers\Admin::$userModel
#0 /home/thebedqv/medisoldier.sodiarc.in/app/Controllers/Admin.php(559): CodeIgniter\Debug\Exceptions->errorHandler(8, 'Undefined prope...', '/home/thebedqv/...', 559, Array)
#1 /home/thebedqv/medisoldier.sodiarc.in/system/CodeIgniter.php(936): App\Controllers\Admin->updateOrderDetails()
#2 /home/thebedqv/medisoldier.sodiarc.in/system/CodeIgniter.php(432): CodeIgniter\CodeIgniter->runController(Object(App\Controllers\Admin))
#3 /home/thebedqv/medisoldier.sodiarc.in/system/CodeIgniter.php(333): CodeIgniter\CodeIgniter->handleRequest(NULL, Object(Config\Cache), false)
#4 /home/thebedqv/medisoldier.sodiarc.in/index.php(44): CodeIgniter\CodeIgniter->run()
#5 {main}
CRITICAL - 2025-01-09 17:06:18 --> Undefined property: App\Controllers\Home::$orderDetailsModel
#0 /home/thebedqv/medisoldier.sodiarc.in/app/Controllers/Home.php(314): CodeIgniter\Debug\Exceptions->errorHandler(8, 'Undefined prope...', '/home/thebedqv/...', 314, Array)
#1 /home/thebedqv/medisoldier.sodiarc.in/system/CodeIgniter.php(936): App\Controllers\Home->webhook()
#2 /home/thebedqv/medisoldier.sodiarc.in/system/CodeIgniter.php(432): CodeIgniter\CodeIgniter->runController(Object(App\Controllers\Home))
#3 /home/thebedqv/medisoldier.sodiarc.in/system/CodeIgniter.php(333): CodeIgniter\CodeIgniter->handleRequest(NULL, Object(Config\Cache), false)
#4 /home/thebedqv/medisoldier.sodiarc.in/index.php(44): CodeIgniter\CodeIgniter->run()
#5 {main}
CRITICAL - 2025-01-09 17:06:18 --> Uncaught CodeIgniter\Format\Exceptions\FormatException: Failed to parse json string, error: "Type is not supported". in /home/thebedqv/medisoldier.sodiarc.in/system/Format/JSONFormatter.php:42
Stack trace:
#0 /home/thebedqv/medisoldier.sodiarc.in/system/Format/JSONFormatter.php(42): CodeIgniter\Format\Exceptions\FormatException::forInvalidJSON('Type is not sup...')
#1 /home/thebedqv/medisoldier.sodiarc.in/system/API/ResponseTrait.php(407): CodeIgniter\Format\JSONFormatter->format(Array)
#2 /home/thebedqv/medisoldier.sodiarc.in/system/API/ResponseTrait.php(114): CodeIgniter\Debug\Exceptions->format(Array)
#3 /home/thebedqv/medisoldier.sodiarc.in/system/Debug/Exceptions.php(141): CodeIgniter\Debug\Exceptions->respond(Array, 500)
#4 [internal function]: CodeIgniter\Debug\Exceptions->exceptionHandler(Object(ErrorException))
#5 {main}
  thrown
#0 [internal function]: CodeIgniter\Debug\Exceptions->shutdownHandler()
#1 {main}
ERROR - 2025-01-09 17:06:19 --> Razorpay Link Creation Failed: {"error":{"code":"BAD_REQUEST_ERROR","description":"payment link with given reference_id: MS-2025-01-002 already exists. Please create a payment link with a different reference_id","metadata":[],"reason":null,"source":null,"step":null}}
CRITICAL - 2025-01-09 17:10:17 --> syntax error, unexpected 'orderDetailsModel' (T_STRING), expecting variable (T_VARIABLE)
#0 /home/thebedqv/medisoldier.sodiarc.in/system/Autoloader/Autoloader.php(265): CodeIgniter\Autoloader\Autoloader->includeFile('/home/thebedqv/...')
#1 /home/thebedqv/medisoldier.sodiarc.in/system/Autoloader/Autoloader.php(228): CodeIgniter\Autoloader\Autoloader->loadInNamespace('App\\Controllers...')
#2 [internal function]: CodeIgniter\Autoloader\Autoloader->loadClass('App\\Controllers...')
#3 [internal function]: spl_autoload_call('App\\Controllers...')
#4 /home/thebedqv/medisoldier.sodiarc.in/system/CodeIgniter.php(893): class_exists('\\App\\Controller...', true)
#5 /home/thebedqv/medisoldier.sodiarc.in/system/CodeIgniter.php(417): CodeIgniter\CodeIgniter->startController()
#6 /home/thebedqv/medisoldier.sodiarc.in/system/CodeIgniter.php(333): CodeIgniter\CodeIgniter->handleRequest(NULL, Object(Config\Cache), false)
#7 /home/thebedqv/medisoldier.sodiarc.in/index.php(44): CodeIgniter\CodeIgniter->run()
#8 {main}
CRITICAL - 2025-01-09 17:10:17 --> syntax error, unexpected 'orderDetailsModel' (T_STRING), expecting variable (T_VARIABLE)
#0 /home/thebedqv/medisoldier.sodiarc.in/system/Autoloader/Autoloader.php(265): CodeIgniter\Autoloader\Autoloader->includeFile('/home/thebedqv/...')
#1 /home/thebedqv/medisoldier.sodiarc.in/system/Autoloader/Autoloader.php(228): CodeIgniter\Autoloader\Autoloader->loadInNamespace('App\\Controllers...')
#2 [internal function]: CodeIgniter\Autoloader\Autoloader->loadClass('App\\Controllers...')
#3 [internal function]: spl_autoload_call('App\\Controllers...')
#4 /home/thebedqv/medisoldier.sodiarc.in/system/CodeIgniter.php(893): class_exists('\\App\\Controller...', true)
#5 /home/thebedqv/medisoldier.sodiarc.in/system/CodeIgniter.php(417): CodeIgniter\CodeIgniter->startController()
#6 /home/thebedqv/medisoldier.sodiarc.in/system/CodeIgniter.php(333): CodeIgniter\CodeIgniter->handleRequest(NULL, Object(Config\Cache), false)
#7 /home/thebedqv/medisoldier.sodiarc.in/index.php(44): CodeIgniter\CodeIgniter->run()
#8 {main}
CRITICAL - 2025-01-09 17:10:17 --> syntax error, unexpected 'orderDetailsModel' (T_STRING), expecting variable (T_VARIABLE)
#0 /home/thebedqv/medisoldier.sodiarc.in/system/Autoloader/Autoloader.php(265): CodeIgniter\Autoloader\Autoloader->includeFile('/home/thebedqv/...')
#1 /home/thebedqv/medisoldier.sodiarc.in/system/Autoloader/Autoloader.php(228): CodeIgniter\Autoloader\Autoloader->loadInNamespace('App\\Controllers...')
#2 [internal function]: CodeIgniter\Autoloader\Autoloader->loadClass('App\\Controllers...')
#3 [internal function]: spl_autoload_call('App\\Controllers...')
#4 /home/thebedqv/medisoldier.sodiarc.in/system/CodeIgniter.php(893): class_exists('\\App\\Controller...', true)
#5 /home/thebedqv/medisoldier.sodiarc.in/system/CodeIgniter.php(417): CodeIgniter\CodeIgniter->startController()
#6 /home/thebedqv/medisoldier.sodiarc.in/system/CodeIgniter.php(333): CodeIgniter\CodeIgniter->handleRequest(NULL, Object(Config\Cache), false)
#7 /home/thebedqv/medisoldier.sodiarc.in/index.php(44): CodeIgniter\CodeIgniter->run()
#8 {main}
CRITICAL - 2025-01-09 17:10:32 --> syntax error, unexpected 'orderDetailsModel' (T_STRING), expecting variable (T_VARIABLE)
#0 /home/thebedqv/medisoldier.sodiarc.in/system/Autoloader/Autoloader.php(265): CodeIgniter\Autoloader\Autoloader->includeFile('/home/thebedqv/...')
#1 /home/thebedqv/medisoldier.sodiarc.in/system/Autoloader/Autoloader.php(228): CodeIgniter\Autoloader\Autoloader->loadInNamespace('App\\Controllers...')
#2 [internal function]: CodeIgniter\Autoloader\Autoloader->loadClass('App\\Controllers...')
#3 [internal function]: spl_autoload_call('App\\Controllers...')
#4 /home/thebedqv/medisoldier.sodiarc.in/system/CodeIgniter.php(893): class_exists('\\App\\Controller...', true)
#5 /home/thebedqv/medisoldier.sodiarc.in/system/CodeIgniter.php(417): CodeIgniter\CodeIgniter->startController()
#6 /home/thebedqv/medisoldier.sodiarc.in/system/CodeIgniter.php(333): CodeIgniter\CodeIgniter->handleRequest(NULL, Object(Config\Cache), false)
#7 /home/thebedqv/medisoldier.sodiarc.in/index.php(44): CodeIgniter\CodeIgniter->run()
#8 {main}
CRITICAL - 2025-01-09 17:10:32 --> syntax error, unexpected 'orderDetailsModel' (T_STRING), expecting variable (T_VARIABLE)
#0 /home/thebedqv/medisoldier.sodiarc.in/system/Autoloader/Autoloader.php(265): CodeIgniter\Autoloader\Autoloader->includeFile('/home/thebedqv/...')
#1 /home/thebedqv/medisoldier.sodiarc.in/system/Autoloader/Autoloader.php(228): CodeIgniter\Autoloader\Autoloader->loadInNamespace('App\\Controllers...')
#2 [internal function]: CodeIgniter\Autoloader\Autoloader->loadClass('App\\Controllers...')
#3 [internal function]: spl_autoload_call('App\\Controllers...')
#4 /home/thebedqv/medisoldier.sodiarc.in/system/CodeIgniter.php(893): class_exists('\\App\\Controller...', true)
#5 /home/thebedqv/medisoldier.sodiarc.in/system/CodeIgniter.php(417): CodeIgniter\CodeIgniter->startController()
#6 /home/thebedqv/medisoldier.sodiarc.in/system/CodeIgniter.php(333): CodeIgniter\CodeIgniter->handleRequest(NULL, Object(Config\Cache), false)
#7 /home/thebedqv/medisoldier.sodiarc.in/index.php(44): CodeIgniter\CodeIgniter->run()
#8 {main}
CRITICAL - 2025-01-09 17:10:32 --> syntax error, unexpected 'orderDetailsModel' (T_STRING), expecting variable (T_VARIABLE)
#0 /home/thebedqv/medisoldier.sodiarc.in/system/Autoloader/Autoloader.php(265): CodeIgniter\Autoloader\Autoloader->includeFile('/home/thebedqv/...')
#1 /home/thebedqv/medisoldier.sodiarc.in/system/Autoloader/Autoloader.php(228): CodeIgniter\Autoloader\Autoloader->loadInNamespace('App\\Controllers...')
#2 [internal function]: CodeIgniter\Autoloader\Autoloader->loadClass('App\\Controllers...')
#3 [internal function]: spl_autoload_call('App\\Controllers...')
#4 /home/thebedqv/medisoldier.sodiarc.in/system/CodeIgniter.php(893): class_exists('\\App\\Controller...', true)
#5 /home/thebedqv/medisoldier.sodiarc.in/system/CodeIgniter.php(417): CodeIgniter\CodeIgniter->startController()
#6 /home/thebedqv/medisoldier.sodiarc.in/system/CodeIgniter.php(333): CodeIgniter\CodeIgniter->handleRequest(NULL, Object(Config\Cache), false)
#7 /home/thebedqv/medisoldier.sodiarc.in/index.php(44): CodeIgniter\CodeIgniter->run()
#8 {main}
CRITICAL - 2025-01-09 17:10:46 --> Class 'App\Controllers\OrderDetailsModel' not found
#0 /home/thebedqv/medisoldier.sodiarc.in/system/CodeIgniter.php(908): App\Controllers\Home->__construct()
#1 /home/thebedqv/medisoldier.sodiarc.in/system/CodeIgniter.php(422): CodeIgniter\CodeIgniter->createController()
#2 /home/thebedqv/medisoldier.sodiarc.in/system/CodeIgniter.php(333): CodeIgniter\CodeIgniter->handleRequest(NULL, Object(Config\Cache), false)
#3 /home/thebedqv/medisoldier.sodiarc.in/index.php(44): CodeIgniter\CodeIgniter->run()
#4 {main}
CRITICAL - 2025-01-09 17:10:47 --> Class 'App\Controllers\OrderDetailsModel' not found
#0 /home/thebedqv/medisoldier.sodiarc.in/system/CodeIgniter.php(908): App\Controllers\Home->__construct()
#1 /home/thebedqv/medisoldier.sodiarc.in/system/CodeIgniter.php(422): CodeIgniter\CodeIgniter->createController()
#2 /home/thebedqv/medisoldier.sodiarc.in/system/CodeIgniter.php(333): CodeIgniter\CodeIgniter->handleRequest(NULL, Object(Config\Cache), false)
#3 /home/thebedqv/medisoldier.sodiarc.in/index.php(44): CodeIgniter\CodeIgniter->run()
#4 {main}
CRITICAL - 2025-01-09 17:10:47 --> Class 'App\Controllers\OrderDetailsModel' not found
#0 /home/thebedqv/medisoldier.sodiarc.in/system/CodeIgniter.php(908): App\Controllers\Home->__construct()
#1 /home/thebedqv/medisoldier.sodiarc.in/system/CodeIgniter.php(422): CodeIgniter\CodeIgniter->createController()
#2 /home/thebedqv/medisoldier.sodiarc.in/system/CodeIgniter.php(333): CodeIgniter\CodeIgniter->handleRequest(NULL, Object(Config\Cache), false)
#3 /home/thebedqv/medisoldier.sodiarc.in/index.php(44): CodeIgniter\CodeIgniter->run()
#4 {main}
CRITICAL - 2025-01-09 17:12:25 --> Class 'App\Controllers\OrderDetailsModel' not found
#0 /home/thebedqv/medisoldier.sodiarc.in/system/CodeIgniter.php(908): App\Controllers\Home->__construct()
#1 /home/thebedqv/medisoldier.sodiarc.in/system/CodeIgniter.php(422): CodeIgniter\CodeIgniter->createController()
#2 /home/thebedqv/medisoldier.sodiarc.in/system/CodeIgniter.php(333): CodeIgniter\CodeIgniter->handleRequest(NULL, Object(Config\Cache), false)
#3 /home/thebedqv/medisoldier.sodiarc.in/index.php(44): CodeIgniter\CodeIgniter->run()
#4 {main}
CRITICAL - 2025-01-09 17:12:25 --> Class 'App\Controllers\OrderDetailsModel' not found
#0 /home/thebedqv/medisoldier.sodiarc.in/system/CodeIgniter.php(908): App\Controllers\Home->__construct()
#1 /home/thebedqv/medisoldier.sodiarc.in/system/CodeIgniter.php(422): CodeIgniter\CodeIgniter->createController()
#2 /home/thebedqv/medisoldier.sodiarc.in/system/CodeIgniter.php(333): CodeIgniter\CodeIgniter->handleRequest(NULL, Object(Config\Cache), false)
#3 /home/thebedqv/medisoldier.sodiarc.in/index.php(44): CodeIgniter\CodeIgniter->run()
#4 {main}
CRITICAL - 2025-01-09 17:12:26 --> Class 'App\Controllers\OrderDetailsModel' not found
#0 /home/thebedqv/medisoldier.sodiarc.in/system/CodeIgniter.php(908): App\Controllers\Home->__construct()
#1 /home/thebedqv/medisoldier.sodiarc.in/system/CodeIgniter.php(422): CodeIgniter\CodeIgniter->createController()
#2 /home/thebedqv/medisoldier.sodiarc.in/system/CodeIgniter.php(333): CodeIgniter\CodeIgniter->handleRequest(NULL, Object(Config\Cache), false)
#3 /home/thebedqv/medisoldier.sodiarc.in/index.php(44): CodeIgniter\CodeIgniter->run()
#4 {main}
CRITICAL - 2025-01-09 17:13:47 --> Class 'App\Controllers\OrderDetailsModel' not found
#0 /home/thebedqv/medisoldier.sodiarc.in/system/CodeIgniter.php(908): App\Controllers\Home->__construct()
#1 /home/thebedqv/medisoldier.sodiarc.in/system/CodeIgniter.php(422): CodeIgniter\CodeIgniter->createController()
#2 /home/thebedqv/medisoldier.sodiarc.in/system/CodeIgniter.php(333): CodeIgniter\CodeIgniter->handleRequest(NULL, Object(Config\Cache), false)
#3 /home/thebedqv/medisoldier.sodiarc.in/index.php(44): CodeIgniter\CodeIgniter->run()
#4 {main}
CRITICAL - 2025-01-09 17:13:48 --> Class 'App\Controllers\OrderDetailsModel' not found
#0 /home/thebedqv/medisoldier.sodiarc.in/system/CodeIgniter.php(908): App\Controllers\Home->__construct()
#1 /home/thebedqv/medisoldier.sodiarc.in/system/CodeIgniter.php(422): CodeIgniter\CodeIgniter->createController()
#2 /home/thebedqv/medisoldier.sodiarc.in/system/CodeIgniter.php(333): CodeIgniter\CodeIgniter->handleRequest(NULL, Object(Config\Cache), false)
#3 /home/thebedqv/medisoldier.sodiarc.in/index.php(44): CodeIgniter\CodeIgniter->run()
#4 {main}
CRITICAL - 2025-01-09 17:13:48 --> Class 'App\Controllers\OrderDetailsModel' not found
#0 /home/thebedqv/medisoldier.sodiarc.in/system/CodeIgniter.php(908): App\Controllers\Home->__construct()
#1 /home/thebedqv/medisoldier.sodiarc.in/system/CodeIgniter.php(422): CodeIgniter\CodeIgniter->createController()
#2 /home/thebedqv/medisoldier.sodiarc.in/system/CodeIgniter.php(333): CodeIgniter\CodeIgniter->handleRequest(NULL, Object(Config\Cache), false)
#3 /home/thebedqv/medisoldier.sodiarc.in/index.php(44): CodeIgniter\CodeIgniter->run()
#4 {main}
CRITICAL - 2025-01-09 17:14:12 --> Class 'App\Controllers\OrderDetailsModel' not found
#0 /home/thebedqv/medisoldier.sodiarc.in/system/CodeIgniter.php(908): App\Controllers\Home->__construct()
#1 /home/thebedqv/medisoldier.sodiarc.in/system/CodeIgniter.php(422): CodeIgniter\CodeIgniter->createController()
#2 /home/thebedqv/medisoldier.sodiarc.in/system/CodeIgniter.php(333): CodeIgniter\CodeIgniter->handleRequest(NULL, Object(Config\Cache), false)
#3 /home/thebedqv/medisoldier.sodiarc.in/index.php(44): CodeIgniter\CodeIgniter->run()
#4 {main}
ERROR - 2025-01-09 17:16:54 --> Razorpay Link Creation Failed: {"error":{"code":"BAD_REQUEST_ERROR","description":"amount, should be a whole number for e.g. 2234 to create a payment link for 22.34 INR","metadata":[],"reason":null,"source":null,"step":null}}
ERROR - 2025-01-09 17:51:38 --> Razorpay Link Creation Failed: {"error":{"code":"BAD_REQUEST_ERROR","description":"amount, should be a whole number for e.g. 2234 to create a payment link for 22.34 INR","metadata":[],"reason":null,"source":null,"step":null}}
ERROR - 2025-01-09 17:52:25 --> Razorpay Link Creation Failed: {"error":{"code":"BAD_REQUEST_ERROR","description":"amount, should be a whole number for e.g. 2234 to create a payment link for 22.34 INR","metadata":[],"reason":null,"source":null,"step":null}}
