CRITICAL - 2023-09-20 14:21:07 --> syntax error, unexpected variable "$pages", expecting "("
#0 /home1/ddecou4l/public_html/system/View/View.php(222): CodeIgniter\View\View->CodeIgniter\View\{closure}()
#1 /home1/ddecou4l/public_html/system/Common.php(1217): CodeIgniter\View\View->render('home/layouts/in...', Array, true)
#2 /home1/ddecou4l/public_html/app/Controllers/Home.php(31): view('home/layouts/in...', Array)
#3 /home1/ddecou4l/public_html/system/CodeIgniter.php(936): App\Controllers\Home->index()
#4 /home1/ddecou4l/public_html/system/CodeIgniter.php(432): CodeIgniter\CodeIgniter->runController(Object(App\Controllers\Home))
#5 /home1/ddecou4l/public_html/system/CodeIgniter.php(333): CodeIgniter\CodeIgniter->handleRequest(NULL, Object(Config\Cache), false)
#6 /home1/ddecou4l/public_html/index.php(44): CodeIgniter\CodeIgniter->run()
#7 {main}
CRITICAL - 2023-09-20 14:21:38 --> syntax error, unexpected variable "$pages", expecting "("
#0 /home1/ddecou4l/public_html/system/View/View.php(222): CodeIgniter\View\View->CodeIgniter\View\{closure}()
#1 /home1/ddecou4l/public_html/system/Common.php(1217): CodeIgniter\View\View->render('home/layouts/in...', Array, true)
#2 /home1/ddecou4l/public_html/app/Controllers/Home.php(31): view('home/layouts/in...', Array)
#3 /home1/ddecou4l/public_html/system/CodeIgniter.php(936): App\Controllers\Home->index()
#4 /home1/ddecou4l/public_html/system/CodeIgniter.php(432): CodeIgniter\CodeIgniter->runController(Object(App\Controllers\Home))
#5 /home1/ddecou4l/public_html/system/CodeIgniter.php(333): CodeIgniter\CodeIgniter->handleRequest(NULL, Object(Config\Cache), false)
#6 /home1/ddecou4l/public_html/index.php(44): CodeIgniter\CodeIgniter->run()
#7 {main}
CRITICAL - 2023-09-20 14:21:52 --> Undefined array key "slug"
#0 /home1/ddecou4l/public_html/app/Views/home/layouts/index-footer.php(64): CodeIgniter\Debug\Exceptions->errorHandler(2, 'Undefined array...', '/home1/ddecou4l...', 64)
#1 /home1/ddecou4l/public_html/system/View/View.php(220): include('/home1/ddecou4l...')
#2 /home1/ddecou4l/public_html/system/View/View.php(222): CodeIgniter\View\View->CodeIgniter\View\{closure}()
#3 /home1/ddecou4l/public_html/system/Common.php(1217): CodeIgniter\View\View->render('home/layouts/in...', Array, true)
#4 /home1/ddecou4l/public_html/app/Controllers/Home.php(31): view('home/layouts/in...', Array)
#5 /home1/ddecou4l/public_html/system/CodeIgniter.php(936): App\Controllers\Home->index()
#6 /home1/ddecou4l/public_html/system/CodeIgniter.php(432): CodeIgniter\CodeIgniter->runController(Object(App\Controllers\Home))
#7 /home1/ddecou4l/public_html/system/CodeIgniter.php(333): CodeIgniter\CodeIgniter->handleRequest(NULL, Object(Config\Cache), false)
#8 /home1/ddecou4l/public_html/index.php(44): CodeIgniter\CodeIgniter->run()
#9 {main}
CRITICAL - 2023-09-20 14:22:38 --> Undefined array key "slug"
#0 /home1/ddecou4l/public_html/app/Views/home/layouts/index-footer.php(64): CodeIgniter\Debug\Exceptions->errorHandler(2, 'Undefined array...', '/home1/ddecou4l...', 64)
#1 /home1/ddecou4l/public_html/system/View/View.php(220): include('/home1/ddecou4l...')
#2 /home1/ddecou4l/public_html/system/View/View.php(222): CodeIgniter\View\View->CodeIgniter\View\{closure}()
#3 /home1/ddecou4l/public_html/system/Common.php(1217): CodeIgniter\View\View->render('home/layouts/in...', Array, true)
#4 /home1/ddecou4l/public_html/app/Controllers/Home.php(31): view('home/layouts/in...', Array)
#5 /home1/ddecou4l/public_html/system/CodeIgniter.php(936): App\Controllers\Home->index()
#6 /home1/ddecou4l/public_html/system/CodeIgniter.php(432): CodeIgniter\CodeIgniter->runController(Object(App\Controllers\Home))
#7 /home1/ddecou4l/public_html/system/CodeIgniter.php(333): CodeIgniter\CodeIgniter->handleRequest(NULL, Object(Config\Cache), false)
#8 /home1/ddecou4l/public_html/index.php(44): CodeIgniter\CodeIgniter->run()
#9 {main}
CRITICAL - 2023-09-20 14:22:58 --> Undefined array key "slug"
#0 /home1/ddecou4l/public_html/app/Views/home/layouts/index-footer.php(64): CodeIgniter\Debug\Exceptions->errorHandler(2, 'Undefined array...', '/home1/ddecou4l...', 64)
#1 /home1/ddecou4l/public_html/system/View/View.php(220): include('/home1/ddecou4l...')
#2 /home1/ddecou4l/public_html/system/View/View.php(222): CodeIgniter\View\View->CodeIgniter\View\{closure}()
#3 /home1/ddecou4l/public_html/system/Common.php(1217): CodeIgniter\View\View->render('home/layouts/in...', Array, true)
#4 /home1/ddecou4l/public_html/app/Controllers/Home.php(31): view('home/layouts/in...', Array)
#5 /home1/ddecou4l/public_html/system/CodeIgniter.php(936): App\Controllers\Home->index()
#6 /home1/ddecou4l/public_html/system/CodeIgniter.php(432): CodeIgniter\CodeIgniter->runController(Object(App\Controllers\Home))
#7 /home1/ddecou4l/public_html/system/CodeIgniter.php(333): CodeIgniter\CodeIgniter->handleRequest(NULL, Object(Config\Cache), false)
#8 /home1/ddecou4l/public_html/index.php(44): CodeIgniter\CodeIgniter->run()
#9 {main}
CRITICAL - 2023-09-20 14:23:20 --> Undefined array key "slug"
#0 /home1/ddecou4l/public_html/app/Views/home/layouts/index-footer.php(64): CodeIgniter\Debug\Exceptions->errorHandler(2, 'Undefined array...', '/home1/ddecou4l...', 64)
#1 /home1/ddecou4l/public_html/system/View/View.php(220): include('/home1/ddecou4l...')
#2 /home1/ddecou4l/public_html/system/View/View.php(222): CodeIgniter\View\View->CodeIgniter\View\{closure}()
#3 /home1/ddecou4l/public_html/system/Common.php(1217): CodeIgniter\View\View->render('home/layouts/in...', Array, true)
#4 /home1/ddecou4l/public_html/app/Controllers/Home.php(31): view('home/layouts/in...', Array)
#5 /home1/ddecou4l/public_html/system/CodeIgniter.php(936): App\Controllers\Home->index()
#6 /home1/ddecou4l/public_html/system/CodeIgniter.php(432): CodeIgniter\CodeIgniter->runController(Object(App\Controllers\Home))
#7 /home1/ddecou4l/public_html/system/CodeIgniter.php(333): CodeIgniter\CodeIgniter->handleRequest(NULL, Object(Config\Cache), false)
#8 /home1/ddecou4l/public_html/index.php(44): CodeIgniter\CodeIgniter->run()
#9 {main}
CRITICAL - 2023-09-20 14:23:37 --> Constant FILTER_SANITIZE_STRING is deprecated
#0 /home1/ddecou4l/public_html/system/Router/RouteCollection.php(1359): CodeIgniter\Debug\Exceptions->errorHandler(8192, 'Constant FILTER...', '/home1/ddecou4l...', 1359)
#1 /home1/ddecou4l/public_html/system/Router/RouteCollection.php(608): CodeIgniter\Router\RouteCollection->create('*', 'BaseController(...', Object(Closure), NULL)
#2 /home1/ddecou4l/public_html/system/Config/Routes.php(25): CodeIgniter\Router\RouteCollection->add('BaseController(...', Object(Closure))
#3 /home1/ddecou4l/public_html/app/Config/Routes.php(12): require('/home1/ddecou4l...')
#4 /home1/ddecou4l/public_html/system/CodeIgniter.php(803): require('/home1/ddecou4l...')
#5 /home1/ddecou4l/public_html/system/CodeIgniter.php(385): CodeIgniter\CodeIgniter->tryToRouteIt(Object(CodeIgniter\Router\RouteCollection))
#6 /home1/ddecou4l/public_html/system/CodeIgniter.php(333): CodeIgniter\CodeIgniter->handleRequest(NULL, Object(Config\Cache), false)
#7 /home1/ddecou4l/public_html/index.php(44): CodeIgniter\CodeIgniter->run()
#8 {main}
CRITICAL - 2023-09-20 14:23:37 --> Uncaught ErrorException: Cannot modify header information - headers already sent by (output started at /home1/ddecou4l/public_html/system/HTTP/RequestTrait.php:338) in /home1/ddecou4l/public_html/system/Debug/Exceptions.php:137
Stack trace:
#0 [internal function]: CodeIgniter\Debug\Exceptions->errorHandler(2, 'Cannot modify h...', '/home1/ddecou4l...', 137)
#1 /home1/ddecou4l/public_html/system/Debug/Exceptions.php(137): header('HTTP/2.0 500 In...', true, 500)
#2 [internal function]: CodeIgniter\Debug\Exceptions->exceptionHandler(Object(ErrorException))
#3 {main}
  thrown
#0 [internal function]: CodeIgniter\Debug\Exceptions->shutdownHandler()
#1 {main}
CRITICAL - 2023-09-20 14:23:57 --> Undefined array key "slug"
#0 /home1/ddecou4l/public_html/app/Views/home/layouts/index-footer.php(64): CodeIgniter\Debug\Exceptions->errorHandler(2, 'Undefined array...', '/home1/ddecou4l...', 64)
#1 /home1/ddecou4l/public_html/system/View/View.php(220): include('/home1/ddecou4l...')
#2 /home1/ddecou4l/public_html/system/View/View.php(222): CodeIgniter\View\View->CodeIgniter\View\{closure}()
#3 /home1/ddecou4l/public_html/system/Common.php(1217): CodeIgniter\View\View->render('home/layouts/in...', Array, true)
#4 /home1/ddecou4l/public_html/app/Controllers/Home.php(31): view('home/layouts/in...', Array)
#5 /home1/ddecou4l/public_html/system/CodeIgniter.php(936): App\Controllers\Home->index()
#6 /home1/ddecou4l/public_html/system/CodeIgniter.php(432): CodeIgniter\CodeIgniter->runController(Object(App\Controllers\Home))
#7 /home1/ddecou4l/public_html/system/CodeIgniter.php(333): CodeIgniter\CodeIgniter->handleRequest(NULL, Object(Config\Cache), false)
#8 /home1/ddecou4l/public_html/index.php(44): CodeIgniter\CodeIgniter->run()
#9 {main}
CRITICAL - 2023-09-20 14:25:02 --> Cannot use object of type stdClass as array
#0 /home1/ddecou4l/public_html/system/View/View.php(220): include()
#1 /home1/ddecou4l/public_html/system/View/View.php(222): CodeIgniter\View\View->CodeIgniter\View\{closure}()
#2 /home1/ddecou4l/public_html/system/Common.php(1217): CodeIgniter\View\View->render('home/layouts/in...', Array, true)
#3 /home1/ddecou4l/public_html/app/Controllers/Home.php(31): view('home/layouts/in...', Array)
#4 /home1/ddecou4l/public_html/system/CodeIgniter.php(936): App\Controllers\Home->index()
#5 /home1/ddecou4l/public_html/system/CodeIgniter.php(432): CodeIgniter\CodeIgniter->runController(Object(App\Controllers\Home))
#6 /home1/ddecou4l/public_html/system/CodeIgniter.php(333): CodeIgniter\CodeIgniter->handleRequest(NULL, Object(Config\Cache), false)
#7 /home1/ddecou4l/public_html/index.php(44): CodeIgniter\CodeIgniter->run()
#8 {main}
CRITICAL - 2023-09-20 14:25:04 --> Cannot use object of type stdClass as array
#0 /home1/ddecou4l/public_html/system/View/View.php(220): include()
#1 /home1/ddecou4l/public_html/system/View/View.php(222): CodeIgniter\View\View->CodeIgniter\View\{closure}()
#2 /home1/ddecou4l/public_html/system/Common.php(1217): CodeIgniter\View\View->render('home/layouts/in...', Array, true)
#3 /home1/ddecou4l/public_html/app/Controllers/Home.php(31): view('home/layouts/in...', Array)
#4 /home1/ddecou4l/public_html/system/CodeIgniter.php(936): App\Controllers\Home->index()
#5 /home1/ddecou4l/public_html/system/CodeIgniter.php(432): CodeIgniter\CodeIgniter->runController(Object(App\Controllers\Home))
#6 /home1/ddecou4l/public_html/system/CodeIgniter.php(333): CodeIgniter\CodeIgniter->handleRequest(NULL, Object(Config\Cache), false)
#7 /home1/ddecou4l/public_html/index.php(44): CodeIgniter\CodeIgniter->run()
#8 {main}
CRITICAL - 2023-09-20 14:25:12 --> Cannot use object of type stdClass as array
#0 /home1/ddecou4l/public_html/system/View/View.php(220): include()
#1 /home1/ddecou4l/public_html/system/View/View.php(222): CodeIgniter\View\View->CodeIgniter\View\{closure}()
#2 /home1/ddecou4l/public_html/system/Common.php(1217): CodeIgniter\View\View->render('home/layouts/in...', Array, true)
#3 /home1/ddecou4l/public_html/app/Controllers/Home.php(31): view('home/layouts/in...', Array)
#4 /home1/ddecou4l/public_html/system/CodeIgniter.php(936): App\Controllers\Home->index()
#5 /home1/ddecou4l/public_html/system/CodeIgniter.php(432): CodeIgniter\CodeIgniter->runController(Object(App\Controllers\Home))
#6 /home1/ddecou4l/public_html/system/CodeIgniter.php(333): CodeIgniter\CodeIgniter->handleRequest(NULL, Object(Config\Cache), false)
#7 /home1/ddecou4l/public_html/index.php(44): CodeIgniter\CodeIgniter->run()
#8 {main}
CRITICAL - 2023-09-20 14:25:46 --> Cannot use object of type stdClass as array
#0 /home1/ddecou4l/public_html/system/View/View.php(220): include()
#1 /home1/ddecou4l/public_html/system/View/View.php(222): CodeIgniter\View\View->CodeIgniter\View\{closure}()
#2 /home1/ddecou4l/public_html/system/Common.php(1217): CodeIgniter\View\View->render('home/layouts/in...', Array, true)
#3 /home1/ddecou4l/public_html/app/Controllers/Home.php(31): view('home/layouts/in...', Array)
#4 /home1/ddecou4l/public_html/system/CodeIgniter.php(936): App\Controllers\Home->index()
#5 /home1/ddecou4l/public_html/system/CodeIgniter.php(432): CodeIgniter\CodeIgniter->runController(Object(App\Controllers\Home))
#6 /home1/ddecou4l/public_html/system/CodeIgniter.php(333): CodeIgniter\CodeIgniter->handleRequest(NULL, Object(Config\Cache), false)
#7 /home1/ddecou4l/public_html/index.php(44): CodeIgniter\CodeIgniter->run()
#8 {main}
CRITICAL - 2023-09-20 14:25:49 --> Cannot use object of type stdClass as array
#0 /home1/ddecou4l/public_html/system/View/View.php(220): include()
#1 /home1/ddecou4l/public_html/system/View/View.php(222): CodeIgniter\View\View->CodeIgniter\View\{closure}()
#2 /home1/ddecou4l/public_html/system/Common.php(1217): CodeIgniter\View\View->render('home/layouts/in...', Array, true)
#3 /home1/ddecou4l/public_html/app/Controllers/Home.php(31): view('home/layouts/in...', Array)
#4 /home1/ddecou4l/public_html/system/CodeIgniter.php(936): App\Controllers\Home->index()
#5 /home1/ddecou4l/public_html/system/CodeIgniter.php(432): CodeIgniter\CodeIgniter->runController(Object(App\Controllers\Home))
#6 /home1/ddecou4l/public_html/system/CodeIgniter.php(333): CodeIgniter\CodeIgniter->handleRequest(NULL, Object(Config\Cache), false)
#7 /home1/ddecou4l/public_html/index.php(44): CodeIgniter\CodeIgniter->run()
#8 {main}
CRITICAL - 2023-09-20 14:26:03 --> Cannot use object of type stdClass as array
#0 /home1/ddecou4l/public_html/system/View/View.php(220): include()
#1 /home1/ddecou4l/public_html/system/View/View.php(222): CodeIgniter\View\View->CodeIgniter\View\{closure}()
#2 /home1/ddecou4l/public_html/system/Common.php(1217): CodeIgniter\View\View->render('home/layouts/in...', Array, true)
#3 /home1/ddecou4l/public_html/app/Controllers/Home.php(31): view('home/layouts/in...', Array)
#4 /home1/ddecou4l/public_html/system/CodeIgniter.php(936): App\Controllers\Home->index()
#5 /home1/ddecou4l/public_html/system/CodeIgniter.php(432): CodeIgniter\CodeIgniter->runController(Object(App\Controllers\Home))
#6 /home1/ddecou4l/public_html/system/CodeIgniter.php(333): CodeIgniter\CodeIgniter->handleRequest(NULL, Object(Config\Cache), false)
#7 /home1/ddecou4l/public_html/index.php(44): CodeIgniter\CodeIgniter->run()
#8 {main}
CRITICAL - 2023-09-20 14:26:16 --> Cannot use object of type stdClass as array
#0 /home1/ddecou4l/public_html/system/View/View.php(220): include()
#1 /home1/ddecou4l/public_html/system/View/View.php(222): CodeIgniter\View\View->CodeIgniter\View\{closure}()
#2 /home1/ddecou4l/public_html/system/Common.php(1217): CodeIgniter\View\View->render('home/layouts/in...', Array, true)
#3 /home1/ddecou4l/public_html/app/Controllers/Home.php(31): view('home/layouts/in...', Array)
#4 /home1/ddecou4l/public_html/system/CodeIgniter.php(936): App\Controllers\Home->index()
#5 /home1/ddecou4l/public_html/system/CodeIgniter.php(432): CodeIgniter\CodeIgniter->runController(Object(App\Controllers\Home))
#6 /home1/ddecou4l/public_html/system/CodeIgniter.php(333): CodeIgniter\CodeIgniter->handleRequest(NULL, Object(Config\Cache), false)
#7 /home1/ddecou4l/public_html/index.php(44): CodeIgniter\CodeIgniter->run()
#8 {main}
CRITICAL - 2023-09-20 14:26:22 --> Cannot use object of type stdClass as array
#0 /home1/ddecou4l/public_html/system/View/View.php(220): include()
#1 /home1/ddecou4l/public_html/system/View/View.php(222): CodeIgniter\View\View->CodeIgniter\View\{closure}()
#2 /home1/ddecou4l/public_html/system/Common.php(1217): CodeIgniter\View\View->render('home/layouts/in...', Array, true)
#3 /home1/ddecou4l/public_html/app/Controllers/Home.php(31): view('home/layouts/in...', Array)
#4 /home1/ddecou4l/public_html/system/CodeIgniter.php(936): App\Controllers\Home->index()
#5 /home1/ddecou4l/public_html/system/CodeIgniter.php(432): CodeIgniter\CodeIgniter->runController(Object(App\Controllers\Home))
#6 /home1/ddecou4l/public_html/system/CodeIgniter.php(333): CodeIgniter\CodeIgniter->handleRequest(NULL, Object(Config\Cache), false)
#7 /home1/ddecou4l/public_html/index.php(44): CodeIgniter\CodeIgniter->run()
#8 {main}
CRITICAL - 2023-09-20 14:28:13 --> Cannot use object of type stdClass as array
#0 /home1/ddecou4l/public_html/system/View/View.php(220): include()
#1 /home1/ddecou4l/public_html/system/View/View.php(222): CodeIgniter\View\View->CodeIgniter\View\{closure}()
#2 /home1/ddecou4l/public_html/system/Common.php(1217): CodeIgniter\View\View->render('home/layouts/in...', Array, true)
#3 /home1/ddecou4l/public_html/app/Controllers/Home.php(31): view('home/layouts/in...', Array)
#4 /home1/ddecou4l/public_html/system/CodeIgniter.php(936): App\Controllers\Home->index()
#5 /home1/ddecou4l/public_html/system/CodeIgniter.php(432): CodeIgniter\CodeIgniter->runController(Object(App\Controllers\Home))
#6 /home1/ddecou4l/public_html/system/CodeIgniter.php(333): CodeIgniter\CodeIgniter->handleRequest(NULL, Object(Config\Cache), false)
#7 /home1/ddecou4l/public_html/index.php(44): CodeIgniter\CodeIgniter->run()
#8 {main}
CRITICAL - 2023-09-20 14:32:09 --> Undefined variable $categories
#0 /home1/ddecou4l/public_html/app/Views/home/layouts/header.php(54): CodeIgniter\Debug\Exceptions->errorHandler(2, 'Undefined varia...', '/home1/ddecou4l...', 54)
#1 /home1/ddecou4l/public_html/system/View/View.php(220): include('/home1/ddecou4l...')
#2 /home1/ddecou4l/public_html/system/View/View.php(222): CodeIgniter\View\View->CodeIgniter\View\{closure}()
#3 /home1/ddecou4l/public_html/system/Common.php(1217): CodeIgniter\View\View->render('home/layouts/he...', Array, true)
#4 /home1/ddecou4l/public_html/app/Controllers/Home.php(217): view('home/layouts/he...', Array)
#5 /home1/ddecou4l/public_html/system/CodeIgniter.php(936): App\Controllers\Home->pages('privacy-policy')
#6 /home1/ddecou4l/public_html/system/CodeIgniter.php(432): CodeIgniter\CodeIgniter->runController(Object(App\Controllers\Home))
#7 /home1/ddecou4l/public_html/system/CodeIgniter.php(333): CodeIgniter\CodeIgniter->handleRequest(NULL, Object(Config\Cache), false)
#8 /home1/ddecou4l/public_html/index.php(44): CodeIgniter\CodeIgniter->run()
#9 {main}
CRITICAL - 2023-09-20 14:33:43 --> Undefined variable $categories
#0 /home1/ddecou4l/public_html/app/Views/home/layouts/header.php(54): CodeIgniter\Debug\Exceptions->errorHandler(2, 'Undefined varia...', '/home1/ddecou4l...', 54)
#1 /home1/ddecou4l/public_html/system/View/View.php(220): include('/home1/ddecou4l...')
#2 /home1/ddecou4l/public_html/system/View/View.php(222): CodeIgniter\View\View->CodeIgniter\View\{closure}()
#3 /home1/ddecou4l/public_html/system/Common.php(1217): CodeIgniter\View\View->render('home/layouts/he...', Array, true)
#4 /home1/ddecou4l/public_html/app/Controllers/Home.php(218): view('home/layouts/he...', Array)
#5 /home1/ddecou4l/public_html/system/CodeIgniter.php(936): App\Controllers\Home->pages('privacy-policy')
#6 /home1/ddecou4l/public_html/system/CodeIgniter.php(432): CodeIgniter\CodeIgniter->runController(Object(App\Controllers\Home))
#7 /home1/ddecou4l/public_html/system/CodeIgniter.php(333): CodeIgniter\CodeIgniter->handleRequest(NULL, Object(Config\Cache), false)
#8 /home1/ddecou4l/public_html/index.php(44): CodeIgniter\CodeIgniter->run()
#9 {main}
CRITICAL - 2023-09-20 14:38:13 --> Undefined variable $categories
#0 /home1/ddecou4l/public_html/app/Views/home/layouts/header.php(54): CodeIgniter\Debug\Exceptions->errorHandler(2, 'Undefined varia...', '/home1/ddecou4l...', 54)
#1 /home1/ddecou4l/public_html/system/View/View.php(220): include('/home1/ddecou4l...')
#2 /home1/ddecou4l/public_html/system/View/View.php(222): CodeIgniter\View\View->CodeIgniter\View\{closure}()
#3 /home1/ddecou4l/public_html/system/Common.php(1217): CodeIgniter\View\View->render('home/layouts/he...', Array, true)
#4 /home1/ddecou4l/public_html/app/Controllers/Home.php(217): view('home/layouts/he...', Array)
#5 /home1/ddecou4l/public_html/system/CodeIgniter.php(936): App\Controllers\Home->pages('privacy-policy')
#6 /home1/ddecou4l/public_html/system/CodeIgniter.php(432): CodeIgniter\CodeIgniter->runController(Object(App\Controllers\Home))
#7 /home1/ddecou4l/public_html/system/CodeIgniter.php(333): CodeIgniter\CodeIgniter->handleRequest(NULL, Object(Config\Cache), false)
#8 /home1/ddecou4l/public_html/index.php(44): CodeIgniter\CodeIgniter->run()
#9 {main}
CRITICAL - 2023-09-20 14:38:14 --> Undefined variable $categories
#0 /home1/ddecou4l/public_html/app/Views/home/layouts/header.php(54): CodeIgniter\Debug\Exceptions->errorHandler(2, 'Undefined varia...', '/home1/ddecou4l...', 54)
#1 /home1/ddecou4l/public_html/system/View/View.php(220): include('/home1/ddecou4l...')
#2 /home1/ddecou4l/public_html/system/View/View.php(222): CodeIgniter\View\View->CodeIgniter\View\{closure}()
#3 /home1/ddecou4l/public_html/system/Common.php(1217): CodeIgniter\View\View->render('home/layouts/he...', Array, true)
#4 /home1/ddecou4l/public_html/app/Controllers/Home.php(217): view('home/layouts/he...', Array)
#5 /home1/ddecou4l/public_html/system/CodeIgniter.php(936): App\Controllers\Home->pages('privacy-policy')
#6 /home1/ddecou4l/public_html/system/CodeIgniter.php(432): CodeIgniter\CodeIgniter->runController(Object(App\Controllers\Home))
#7 /home1/ddecou4l/public_html/system/CodeIgniter.php(333): CodeIgniter\CodeIgniter->handleRequest(NULL, Object(Config\Cache), false)
#8 /home1/ddecou4l/public_html/index.php(44): CodeIgniter\CodeIgniter->run()
#9 {main}
CRITICAL - 2023-09-20 14:38:29 --> Undefined variable $categories
#0 /home1/ddecou4l/public_html/app/Views/home/layouts/header.php(54): CodeIgniter\Debug\Exceptions->errorHandler(2, 'Undefined varia...', '/home1/ddecou4l...', 54)
#1 /home1/ddecou4l/public_html/system/View/View.php(220): include('/home1/ddecou4l...')
#2 /home1/ddecou4l/public_html/system/View/View.php(222): CodeIgniter\View\View->CodeIgniter\View\{closure}()
#3 /home1/ddecou4l/public_html/system/Common.php(1217): CodeIgniter\View\View->render('home/layouts/he...', Array, true)
#4 /home1/ddecou4l/public_html/app/Controllers/Home.php(217): view('home/layouts/he...', Array)
#5 /home1/ddecou4l/public_html/system/CodeIgniter.php(936): App\Controllers\Home->pages('privacy-policy')
#6 /home1/ddecou4l/public_html/system/CodeIgniter.php(432): CodeIgniter\CodeIgniter->runController(Object(App\Controllers\Home))
#7 /home1/ddecou4l/public_html/system/CodeIgniter.php(333): CodeIgniter\CodeIgniter->handleRequest(NULL, Object(Config\Cache), false)
#8 /home1/ddecou4l/public_html/index.php(44): CodeIgniter\CodeIgniter->run()
#9 {main}
CRITICAL - 2023-09-20 14:39:06 --> Constant FILTER_SANITIZE_STRING is deprecated
#0 /home1/ddecou4l/public_html/system/Router/RouteCollection.php(1359): CodeIgniter\Debug\Exceptions->errorHandler(8192, 'Constant FILTER...', '/home1/ddecou4l...', 1359)
#1 /home1/ddecou4l/public_html/system/Router/RouteCollection.php(608): CodeIgniter\Router\RouteCollection->create('*', 'BaseController(...', Object(Closure), NULL)
#2 /home1/ddecou4l/public_html/system/Config/Routes.php(25): CodeIgniter\Router\RouteCollection->add('BaseController(...', Object(Closure))
#3 /home1/ddecou4l/public_html/app/Config/Routes.php(12): require('/home1/ddecou4l...')
#4 /home1/ddecou4l/public_html/system/CodeIgniter.php(803): require('/home1/ddecou4l...')
#5 /home1/ddecou4l/public_html/system/CodeIgniter.php(385): CodeIgniter\CodeIgniter->tryToRouteIt(Object(CodeIgniter\Router\RouteCollection))
#6 /home1/ddecou4l/public_html/system/CodeIgniter.php(333): CodeIgniter\CodeIgniter->handleRequest(NULL, Object(Config\Cache), false)
#7 /home1/ddecou4l/public_html/index.php(44): CodeIgniter\CodeIgniter->run()
#8 {main}
CRITICAL - 2023-09-20 14:39:06 --> Uncaught ErrorException: Cannot modify header information - headers already sent by (output started at /home1/ddecou4l/public_html/system/HTTP/RequestTrait.php:338) in /home1/ddecou4l/public_html/system/Debug/Exceptions.php:137
Stack trace:
#0 [internal function]: CodeIgniter\Debug\Exceptions->errorHandler(2, 'Cannot modify h...', '/home1/ddecou4l...', 137)
#1 /home1/ddecou4l/public_html/system/Debug/Exceptions.php(137): header('HTTP/2.0 500 In...', true, 500)
#2 [internal function]: CodeIgniter\Debug\Exceptions->exceptionHandler(Object(ErrorException))
#3 {main}
  thrown
#0 [internal function]: CodeIgniter\Debug\Exceptions->shutdownHandler()
#1 {main}
CRITICAL - 2023-09-20 14:39:21 --> Constant FILTER_SANITIZE_STRING is deprecated
#0 /home1/ddecou4l/public_html/system/Router/RouteCollection.php(1359): CodeIgniter\Debug\Exceptions->errorHandler(8192, 'Constant FILTER...', '/home1/ddecou4l...', 1359)
#1 /home1/ddecou4l/public_html/system/Router/RouteCollection.php(608): CodeIgniter\Router\RouteCollection->create('*', 'BaseController(...', Object(Closure), NULL)
#2 /home1/ddecou4l/public_html/system/Config/Routes.php(25): CodeIgniter\Router\RouteCollection->add('BaseController(...', Object(Closure))
#3 /home1/ddecou4l/public_html/app/Config/Routes.php(12): require('/home1/ddecou4l...')
#4 /home1/ddecou4l/public_html/system/CodeIgniter.php(803): require('/home1/ddecou4l...')
#5 /home1/ddecou4l/public_html/system/CodeIgniter.php(385): CodeIgniter\CodeIgniter->tryToRouteIt(Object(CodeIgniter\Router\RouteCollection))
#6 /home1/ddecou4l/public_html/system/CodeIgniter.php(333): CodeIgniter\CodeIgniter->handleRequest(NULL, Object(Config\Cache), false)
#7 /home1/ddecou4l/public_html/index.php(44): CodeIgniter\CodeIgniter->run()
#8 {main}
CRITICAL - 2023-09-20 14:39:21 --> Uncaught ErrorException: Cannot modify header information - headers already sent by (output started at /home1/ddecou4l/public_html/system/HTTP/RequestTrait.php:338) in /home1/ddecou4l/public_html/system/Debug/Exceptions.php:137
Stack trace:
#0 [internal function]: CodeIgniter\Debug\Exceptions->errorHandler(2, 'Cannot modify h...', '/home1/ddecou4l...', 137)
#1 /home1/ddecou4l/public_html/system/Debug/Exceptions.php(137): header('HTTP/2.0 500 In...', true, 500)
#2 [internal function]: CodeIgniter\Debug\Exceptions->exceptionHandler(Object(ErrorException))
#3 {main}
  thrown
#0 [internal function]: CodeIgniter\Debug\Exceptions->shutdownHandler()
#1 {main}
CRITICAL - 2023-09-20 14:39:31 --> Undefined variable $categories
#0 /home1/ddecou4l/public_html/app/Views/home/layouts/header.php(54): CodeIgniter\Debug\Exceptions->errorHandler(2, 'Undefined varia...', '/home1/ddecou4l...', 54)
#1 /home1/ddecou4l/public_html/system/View/View.php(220): include('/home1/ddecou4l...')
#2 /home1/ddecou4l/public_html/system/View/View.php(222): CodeIgniter\View\View->CodeIgniter\View\{closure}()
#3 /home1/ddecou4l/public_html/system/Common.php(1217): CodeIgniter\View\View->render('home/layouts/he...', Array, true)
#4 /home1/ddecou4l/public_html/app/Controllers/Home.php(217): view('home/layouts/he...', Array)
#5 /home1/ddecou4l/public_html/system/CodeIgniter.php(936): App\Controllers\Home->pages('privacy-policy')
#6 /home1/ddecou4l/public_html/system/CodeIgniter.php(432): CodeIgniter\CodeIgniter->runController(Object(App\Controllers\Home))
#7 /home1/ddecou4l/public_html/system/CodeIgniter.php(333): CodeIgniter\CodeIgniter->handleRequest(NULL, Object(Config\Cache), false)
#8 /home1/ddecou4l/public_html/index.php(44): CodeIgniter\CodeIgniter->run()
#9 {main}
CRITICAL - 2023-09-20 14:39:55 --> Undefined variable $categories
#0 /home1/ddecou4l/public_html/app/Views/home/layouts/header.php(54): CodeIgniter\Debug\Exceptions->errorHandler(2, 'Undefined varia...', '/home1/ddecou4l...', 54)
#1 /home1/ddecou4l/public_html/system/View/View.php(220): include('/home1/ddecou4l...')
#2 /home1/ddecou4l/public_html/system/View/View.php(222): CodeIgniter\View\View->CodeIgniter\View\{closure}()
#3 /home1/ddecou4l/public_html/system/Common.php(1217): CodeIgniter\View\View->render('home/layouts/he...', Array, true)
#4 /home1/ddecou4l/public_html/app/Controllers/Home.php(217): view('home/layouts/he...', Array)
#5 /home1/ddecou4l/public_html/system/CodeIgniter.php(936): App\Controllers\Home->pages('privacy-policy')
#6 /home1/ddecou4l/public_html/system/CodeIgniter.php(432): CodeIgniter\CodeIgniter->runController(Object(App\Controllers\Home))
#7 /home1/ddecou4l/public_html/system/CodeIgniter.php(333): CodeIgniter\CodeIgniter->handleRequest(NULL, Object(Config\Cache), false)
#8 /home1/ddecou4l/public_html/index.php(44): CodeIgniter\CodeIgniter->run()
#9 {main}
CRITICAL - 2023-09-20 14:39:55 --> Undefined variable $categories
#0 /home1/ddecou4l/public_html/app/Views/home/layouts/header.php(54): CodeIgniter\Debug\Exceptions->errorHandler(2, 'Undefined varia...', '/home1/ddecou4l...', 54)
#1 /home1/ddecou4l/public_html/system/View/View.php(220): include('/home1/ddecou4l...')
#2 /home1/ddecou4l/public_html/system/View/View.php(222): CodeIgniter\View\View->CodeIgniter\View\{closure}()
#3 /home1/ddecou4l/public_html/system/Common.php(1217): CodeIgniter\View\View->render('home/layouts/he...', Array, true)
#4 /home1/ddecou4l/public_html/app/Controllers/Home.php(217): view('home/layouts/he...', Array)
#5 /home1/ddecou4l/public_html/system/CodeIgniter.php(936): App\Controllers\Home->pages('privacy-policy')
#6 /home1/ddecou4l/public_html/system/CodeIgniter.php(432): CodeIgniter\CodeIgniter->runController(Object(App\Controllers\Home))
#7 /home1/ddecou4l/public_html/system/CodeIgniter.php(333): CodeIgniter\CodeIgniter->handleRequest(NULL, Object(Config\Cache), false)
#8 /home1/ddecou4l/public_html/index.php(44): CodeIgniter\CodeIgniter->run()
#9 {main}
CRITICAL - 2023-09-20 14:40:34 --> Undefined variable $categories
#0 /home1/ddecou4l/public_html/app/Views/home/layouts/header.php(54): CodeIgniter\Debug\Exceptions->errorHandler(2, 'Undefined varia...', '/home1/ddecou4l...', 54)
#1 /home1/ddecou4l/public_html/system/View/View.php(220): include('/home1/ddecou4l...')
#2 /home1/ddecou4l/public_html/system/View/View.php(222): CodeIgniter\View\View->CodeIgniter\View\{closure}()
#3 /home1/ddecou4l/public_html/system/Common.php(1217): CodeIgniter\View\View->render('home/layouts/he...', Array, true)
#4 /home1/ddecou4l/public_html/app/Controllers/Home.php(217): view('home/layouts/he...', Array)
#5 /home1/ddecou4l/public_html/system/CodeIgniter.php(936): App\Controllers\Home->pages('privacy-policy')
#6 /home1/ddecou4l/public_html/system/CodeIgniter.php(432): CodeIgniter\CodeIgniter->runController(Object(App\Controllers\Home))
#7 /home1/ddecou4l/public_html/system/CodeIgniter.php(333): CodeIgniter\CodeIgniter->handleRequest(NULL, Object(Config\Cache), false)
#8 /home1/ddecou4l/public_html/index.php(44): CodeIgniter\CodeIgniter->run()
#9 {main}
CRITICAL - 2023-09-20 14:40:35 --> Undefined variable $categories
#0 /home1/ddecou4l/public_html/app/Views/home/layouts/header.php(54): CodeIgniter\Debug\Exceptions->errorHandler(2, 'Undefined varia...', '/home1/ddecou4l...', 54)
#1 /home1/ddecou4l/public_html/system/View/View.php(220): include('/home1/ddecou4l...')
#2 /home1/ddecou4l/public_html/system/View/View.php(222): CodeIgniter\View\View->CodeIgniter\View\{closure}()
#3 /home1/ddecou4l/public_html/system/Common.php(1217): CodeIgniter\View\View->render('home/layouts/he...', Array, true)
#4 /home1/ddecou4l/public_html/app/Controllers/Home.php(217): view('home/layouts/he...', Array)
#5 /home1/ddecou4l/public_html/system/CodeIgniter.php(936): App\Controllers\Home->pages('privacy-policy')
#6 /home1/ddecou4l/public_html/system/CodeIgniter.php(432): CodeIgniter\CodeIgniter->runController(Object(App\Controllers\Home))
#7 /home1/ddecou4l/public_html/system/CodeIgniter.php(333): CodeIgniter\CodeIgniter->handleRequest(NULL, Object(Config\Cache), false)
#8 /home1/ddecou4l/public_html/index.php(44): CodeIgniter\CodeIgniter->run()
#9 {main}
CRITICAL - 2023-09-20 14:40:35 --> Undefined variable $categories
#0 /home1/ddecou4l/public_html/app/Views/home/layouts/header.php(54): CodeIgniter\Debug\Exceptions->errorHandler(2, 'Undefined varia...', '/home1/ddecou4l...', 54)
#1 /home1/ddecou4l/public_html/system/View/View.php(220): include('/home1/ddecou4l...')
#2 /home1/ddecou4l/public_html/system/View/View.php(222): CodeIgniter\View\View->CodeIgniter\View\{closure}()
#3 /home1/ddecou4l/public_html/system/Common.php(1217): CodeIgniter\View\View->render('home/layouts/he...', Array, true)
#4 /home1/ddecou4l/public_html/app/Controllers/Home.php(217): view('home/layouts/he...', Array)
#5 /home1/ddecou4l/public_html/system/CodeIgniter.php(936): App\Controllers\Home->pages('privacy-policy')
#6 /home1/ddecou4l/public_html/system/CodeIgniter.php(432): CodeIgniter\CodeIgniter->runController(Object(App\Controllers\Home))
#7 /home1/ddecou4l/public_html/system/CodeIgniter.php(333): CodeIgniter\CodeIgniter->handleRequest(NULL, Object(Config\Cache), false)
#8 /home1/ddecou4l/public_html/index.php(44): CodeIgniter\CodeIgniter->run()
#9 {main}
CRITICAL - 2023-09-20 14:40:35 --> Undefined variable $categories
#0 /home1/ddecou4l/public_html/app/Views/home/layouts/header.php(54): CodeIgniter\Debug\Exceptions->errorHandler(2, 'Undefined varia...', '/home1/ddecou4l...', 54)
#1 /home1/ddecou4l/public_html/system/View/View.php(220): include('/home1/ddecou4l...')
#2 /home1/ddecou4l/public_html/system/View/View.php(222): CodeIgniter\View\View->CodeIgniter\View\{closure}()
#3 /home1/ddecou4l/public_html/system/Common.php(1217): CodeIgniter\View\View->render('home/layouts/he...', Array, true)
#4 /home1/ddecou4l/public_html/app/Controllers/Home.php(217): view('home/layouts/he...', Array)
#5 /home1/ddecou4l/public_html/system/CodeIgniter.php(936): App\Controllers\Home->pages('privacy-policy')
#6 /home1/ddecou4l/public_html/system/CodeIgniter.php(432): CodeIgniter\CodeIgniter->runController(Object(App\Controllers\Home))
#7 /home1/ddecou4l/public_html/system/CodeIgniter.php(333): CodeIgniter\CodeIgniter->handleRequest(NULL, Object(Config\Cache), false)
#8 /home1/ddecou4l/public_html/index.php(44): CodeIgniter\CodeIgniter->run()
#9 {main}
CRITICAL - 2023-09-20 14:40:36 --> Undefined variable $categories
#0 /home1/ddecou4l/public_html/app/Views/home/layouts/header.php(54): CodeIgniter\Debug\Exceptions->errorHandler(2, 'Undefined varia...', '/home1/ddecou4l...', 54)
#1 /home1/ddecou4l/public_html/system/View/View.php(220): include('/home1/ddecou4l...')
#2 /home1/ddecou4l/public_html/system/View/View.php(222): CodeIgniter\View\View->CodeIgniter\View\{closure}()
#3 /home1/ddecou4l/public_html/system/Common.php(1217): CodeIgniter\View\View->render('home/layouts/he...', Array, true)
#4 /home1/ddecou4l/public_html/app/Controllers/Home.php(217): view('home/layouts/he...', Array)
#5 /home1/ddecou4l/public_html/system/CodeIgniter.php(936): App\Controllers\Home->pages('privacy-policy')
#6 /home1/ddecou4l/public_html/system/CodeIgniter.php(432): CodeIgniter\CodeIgniter->runController(Object(App\Controllers\Home))
#7 /home1/ddecou4l/public_html/system/CodeIgniter.php(333): CodeIgniter\CodeIgniter->handleRequest(NULL, Object(Config\Cache), false)
#8 /home1/ddecou4l/public_html/index.php(44): CodeIgniter\CodeIgniter->run()
#9 {main}
CRITICAL - 2023-09-20 14:40:36 --> Undefined variable $categories
#0 /home1/ddecou4l/public_html/app/Views/home/layouts/header.php(54): CodeIgniter\Debug\Exceptions->errorHandler(2, 'Undefined varia...', '/home1/ddecou4l...', 54)
#1 /home1/ddecou4l/public_html/system/View/View.php(220): include('/home1/ddecou4l...')
#2 /home1/ddecou4l/public_html/system/View/View.php(222): CodeIgniter\View\View->CodeIgniter\View\{closure}()
#3 /home1/ddecou4l/public_html/system/Common.php(1217): CodeIgniter\View\View->render('home/layouts/he...', Array, true)
#4 /home1/ddecou4l/public_html/app/Controllers/Home.php(217): view('home/layouts/he...', Array)
#5 /home1/ddecou4l/public_html/system/CodeIgniter.php(936): App\Controllers\Home->pages('privacy-policy')
#6 /home1/ddecou4l/public_html/system/CodeIgniter.php(432): CodeIgniter\CodeIgniter->runController(Object(App\Controllers\Home))
#7 /home1/ddecou4l/public_html/system/CodeIgniter.php(333): CodeIgniter\CodeIgniter->handleRequest(NULL, Object(Config\Cache), false)
#8 /home1/ddecou4l/public_html/index.php(44): CodeIgniter\CodeIgniter->run()
#9 {main}
CRITICAL - 2023-09-20 14:40:36 --> Undefined variable $categories
#0 /home1/ddecou4l/public_html/app/Views/home/layouts/header.php(54): CodeIgniter\Debug\Exceptions->errorHandler(2, 'Undefined varia...', '/home1/ddecou4l...', 54)
#1 /home1/ddecou4l/public_html/system/View/View.php(220): include('/home1/ddecou4l...')
#2 /home1/ddecou4l/public_html/system/View/View.php(222): CodeIgniter\View\View->CodeIgniter\View\{closure}()
#3 /home1/ddecou4l/public_html/system/Common.php(1217): CodeIgniter\View\View->render('home/layouts/he...', Array, true)
#4 /home1/ddecou4l/public_html/app/Controllers/Home.php(217): view('home/layouts/he...', Array)
#5 /home1/ddecou4l/public_html/system/CodeIgniter.php(936): App\Controllers\Home->pages('privacy-policy')
#6 /home1/ddecou4l/public_html/system/CodeIgniter.php(432): CodeIgniter\CodeIgniter->runController(Object(App\Controllers\Home))
#7 /home1/ddecou4l/public_html/system/CodeIgniter.php(333): CodeIgniter\CodeIgniter->handleRequest(NULL, Object(Config\Cache), false)
#8 /home1/ddecou4l/public_html/index.php(44): CodeIgniter\CodeIgniter->run()
#9 {main}
CRITICAL - 2023-09-20 14:40:36 --> Undefined variable $categories
#0 /home1/ddecou4l/public_html/app/Views/home/layouts/header.php(54): CodeIgniter\Debug\Exceptions->errorHandler(2, 'Undefined varia...', '/home1/ddecou4l...', 54)
#1 /home1/ddecou4l/public_html/system/View/View.php(220): include('/home1/ddecou4l...')
#2 /home1/ddecou4l/public_html/system/View/View.php(222): CodeIgniter\View\View->CodeIgniter\View\{closure}()
#3 /home1/ddecou4l/public_html/system/Common.php(1217): CodeIgniter\View\View->render('home/layouts/he...', Array, true)
#4 /home1/ddecou4l/public_html/app/Controllers/Home.php(217): view('home/layouts/he...', Array)
#5 /home1/ddecou4l/public_html/system/CodeIgniter.php(936): App\Controllers\Home->pages('privacy-policy')
#6 /home1/ddecou4l/public_html/system/CodeIgniter.php(432): CodeIgniter\CodeIgniter->runController(Object(App\Controllers\Home))
#7 /home1/ddecou4l/public_html/system/CodeIgniter.php(333): CodeIgniter\CodeIgniter->handleRequest(NULL, Object(Config\Cache), false)
#8 /home1/ddecou4l/public_html/index.php(44): CodeIgniter\CodeIgniter->run()
#9 {main}
CRITICAL - 2023-09-20 14:40:49 --> Undefined array key "page_sub_title"
#0 /home1/ddecou4l/public_html/app/Views/home/pages.php(5): CodeIgniter\Debug\Exceptions->errorHandler(2, 'Undefined array...', '/home1/ddecou4l...', 5)
#1 /home1/ddecou4l/public_html/system/View/View.php(220): include('/home1/ddecou4l...')
#2 /home1/ddecou4l/public_html/system/View/View.php(222): CodeIgniter\View\View->CodeIgniter\View\{closure}()
#3 /home1/ddecou4l/public_html/system/Common.php(1217): CodeIgniter\View\View->render('home/pages', Array, true)
#4 /home1/ddecou4l/public_html/app/Controllers/Home.php(219): view('home/pages', Array)
#5 /home1/ddecou4l/public_html/system/CodeIgniter.php(936): App\Controllers\Home->pages('privacy-policy')
#6 /home1/ddecou4l/public_html/system/CodeIgniter.php(432): CodeIgniter\CodeIgniter->runController(Object(App\Controllers\Home))
#7 /home1/ddecou4l/public_html/system/CodeIgniter.php(333): CodeIgniter\CodeIgniter->handleRequest(NULL, Object(Config\Cache), false)
#8 /home1/ddecou4l/public_html/index.php(44): CodeIgniter\CodeIgniter->run()
#9 {main}
CRITICAL - 2023-09-20 14:41:00 --> Undefined array key "page_sub_title"
#0 /home1/ddecou4l/public_html/app/Views/home/pages.php(5): CodeIgniter\Debug\Exceptions->errorHandler(2, 'Undefined array...', '/home1/ddecou4l...', 5)
#1 /home1/ddecou4l/public_html/system/View/View.php(220): include('/home1/ddecou4l...')
#2 /home1/ddecou4l/public_html/system/View/View.php(222): CodeIgniter\View\View->CodeIgniter\View\{closure}()
#3 /home1/ddecou4l/public_html/system/Common.php(1217): CodeIgniter\View\View->render('home/pages', Array, true)
#4 /home1/ddecou4l/public_html/app/Controllers/Home.php(219): view('home/pages', Array)
#5 /home1/ddecou4l/public_html/system/CodeIgniter.php(936): App\Controllers\Home->pages('privacy-policy')
#6 /home1/ddecou4l/public_html/system/CodeIgniter.php(432): CodeIgniter\CodeIgniter->runController(Object(App\Controllers\Home))
#7 /home1/ddecou4l/public_html/system/CodeIgniter.php(333): CodeIgniter\CodeIgniter->handleRequest(NULL, Object(Config\Cache), false)
#8 /home1/ddecou4l/public_html/index.php(44): CodeIgniter\CodeIgniter->run()
#9 {main}
CRITICAL - 2023-09-20 14:42:29 --> Undefined array key 0
#0 /home1/ddecou4l/public_html/app/Controllers/Home.php(215): CodeIgniter\Debug\Exceptions->errorHandler(2, 'Undefined array...', '/home1/ddecou4l...', 215)
#1 /home1/ddecou4l/public_html/system/CodeIgniter.php(936): App\Controllers\Home->pages('js', 'main.js')
#2 /home1/ddecou4l/public_html/system/CodeIgniter.php(432): CodeIgniter\CodeIgniter->runController(Object(App\Controllers\Home))
#3 /home1/ddecou4l/public_html/system/CodeIgniter.php(333): CodeIgniter\CodeIgniter->handleRequest(NULL, Object(Config\Cache), false)
#4 /home1/ddecou4l/public_html/index.php(44): CodeIgniter\CodeIgniter->run()
#5 {main}
CRITICAL - 2023-09-20 14:45:07 --> Undefined array key 0
#0 /home1/ddecou4l/public_html/app/Controllers/Home.php(215): CodeIgniter\Debug\Exceptions->errorHandler(2, 'Undefined array...', '/home1/ddecou4l...', 215)
#1 /home1/ddecou4l/public_html/system/CodeIgniter.php(936): App\Controllers\Home->pages('js', 'main.js')
#2 /home1/ddecou4l/public_html/system/CodeIgniter.php(432): CodeIgniter\CodeIgniter->runController(Object(App\Controllers\Home))
#3 /home1/ddecou4l/public_html/system/CodeIgniter.php(333): CodeIgniter\CodeIgniter->handleRequest(NULL, Object(Config\Cache), false)
#4 /home1/ddecou4l/public_html/index.php(44): CodeIgniter\CodeIgniter->run()
#5 {main}
CRITICAL - 2023-09-20 14:45:10 --> Undefined array key 0
#0 /home1/ddecou4l/public_html/app/Controllers/Home.php(215): CodeIgniter\Debug\Exceptions->errorHandler(2, 'Undefined array...', '/home1/ddecou4l...', 215)
#1 /home1/ddecou4l/public_html/system/CodeIgniter.php(936): App\Controllers\Home->pages('js', 'main.js')
#2 /home1/ddecou4l/public_html/system/CodeIgniter.php(432): CodeIgniter\CodeIgniter->runController(Object(App\Controllers\Home))
#3 /home1/ddecou4l/public_html/system/CodeIgniter.php(333): CodeIgniter\CodeIgniter->handleRequest(NULL, Object(Config\Cache), false)
#4 /home1/ddecou4l/public_html/index.php(44): CodeIgniter\CodeIgniter->run()
#5 {main}
CRITICAL - 2023-09-20 14:45:12 --> Undefined array key 0
#0 /home1/ddecou4l/public_html/app/Controllers/Home.php(215): CodeIgniter\Debug\Exceptions->errorHandler(2, 'Undefined array...', '/home1/ddecou4l...', 215)
#1 /home1/ddecou4l/public_html/system/CodeIgniter.php(936): App\Controllers\Home->pages('js', 'main.js')
#2 /home1/ddecou4l/public_html/system/CodeIgniter.php(432): CodeIgniter\CodeIgniter->runController(Object(App\Controllers\Home))
#3 /home1/ddecou4l/public_html/system/CodeIgniter.php(333): CodeIgniter\CodeIgniter->handleRequest(NULL, Object(Config\Cache), false)
#4 /home1/ddecou4l/public_html/index.php(44): CodeIgniter\CodeIgniter->run()
#5 {main}
